#! /home/tin/.apio/packages/tools-oss-cad-suite/bin/vvp
:ivl_version "12.0 (devel)" "(s20150603-1135-g6b127432-dirty)";
:ivl_delay_selection "TYPICAL";
:vpi_time_precision - 12;
:vpi_module "/home/tin/.apio/packages/tools-oss-cad-suite/lib/ivl/system.vpi";
:vpi_module "/home/tin/.apio/packages/tools-oss-cad-suite/lib/ivl/vhdl_sys.vpi";
:vpi_module "/home/tin/.apio/packages/tools-oss-cad-suite/lib/ivl/vhdl_textio.vpi";
:vpi_module "/home/tin/.apio/packages/tools-oss-cad-suite/lib/ivl/v2005_math.vpi";
:vpi_module "/home/tin/.apio/packages/tools-oss-cad-suite/lib/ivl/va_math.vpi";
S_0x5555566e9710 .scope module, "$__ABC9_LUT5" "$__ABC9_LUT5" 2 22;
 .timescale 0 0;
    .port_info 0 /INPUT 1 "M0";
    .port_info 1 /INPUT 1 "D";
    .port_info 2 /INPUT 1 "C";
    .port_info 3 /INPUT 1 "B";
    .port_info 4 /INPUT 1 "A";
    .port_info 5 /OUTPUT 1 "Z";
o0x7f75b79f7018 .functor BUFZ 1, C4<z>; HiZ drive
v0x5555566902f0_0 .net "A", 0 0, o0x7f75b79f7018;  0 drivers
o0x7f75b79f7048 .functor BUFZ 1, C4<z>; HiZ drive
v0x5555566f6850_0 .net "B", 0 0, o0x7f75b79f7048;  0 drivers
o0x7f75b79f7078 .functor BUFZ 1, C4<z>; HiZ drive
v0x5555566e8040_0 .net "C", 0 0, o0x7f75b79f7078;  0 drivers
o0x7f75b79f70a8 .functor BUFZ 1, C4<z>; HiZ drive
v0x5555566fb680_0 .net "D", 0 0, o0x7f75b79f70a8;  0 drivers
o0x7f75b79f70d8 .functor BUFZ 1, C4<z>; HiZ drive
v0x5555566fa3f0_0 .net "M0", 0 0, o0x7f75b79f70d8;  0 drivers
o0x7f75b79f7108 .functor BUFZ 1, C4<z>; HiZ drive
v0x55555670f370_0 .net "Z", 0 0, o0x7f75b79f7108;  0 drivers
S_0x5555566e9e70 .scope module, "$__ABC9_LUT6" "$__ABC9_LUT6" 2 36;
 .timescale 0 0;
    .port_info 0 /INPUT 1 "M1";
    .port_info 1 /INPUT 1 "M0";
    .port_info 2 /INPUT 1 "D";
    .port_info 3 /INPUT 1 "C";
    .port_info 4 /INPUT 1 "B";
    .port_info 5 /INPUT 1 "A";
    .port_info 6 /OUTPUT 1 "Z";
o0x7f75b79f7258 .functor BUFZ 1, C4<z>; HiZ drive
v0x55555670f4f0_0 .net "A", 0 0, o0x7f75b79f7258;  0 drivers
o0x7f75b79f7288 .functor BUFZ 1, C4<z>; HiZ drive
v0x55555670f5d0_0 .net "B", 0 0, o0x7f75b79f7288;  0 drivers
o0x7f75b79f72b8 .functor BUFZ 1, C4<z>; HiZ drive
v0x55555670f690_0 .net "C", 0 0, o0x7f75b79f72b8;  0 drivers
o0x7f75b79f72e8 .functor BUFZ 1, C4<z>; HiZ drive
v0x55555670f730_0 .net "D", 0 0, o0x7f75b79f72e8;  0 drivers
o0x7f75b79f7318 .functor BUFZ 1, C4<z>; HiZ drive
v0x55555670f7f0_0 .net "M0", 0 0, o0x7f75b79f7318;  0 drivers
o0x7f75b79f7348 .functor BUFZ 1, C4<z>; HiZ drive
v0x55555670f900_0 .net "M1", 0 0, o0x7f75b79f7348;  0 drivers
o0x7f75b79f7378 .functor BUFZ 1, C4<z>; HiZ drive
v0x55555670f9c0_0 .net "Z", 0 0, o0x7f75b79f7378;  0 drivers
S_0x5555566ea220 .scope module, "$__ABC9_LUT7" "$__ABC9_LUT7" 2 51;
 .timescale 0 0;
    .port_info 0 /INPUT 1 "M2";
    .port_info 1 /INPUT 1 "M1";
    .port_info 2 /INPUT 1 "M0";
    .port_info 3 /INPUT 1 "D";
    .port_info 4 /INPUT 1 "C";
    .port_info 5 /INPUT 1 "B";
    .port_info 6 /INPUT 1 "A";
    .port_info 7 /OUTPUT 1 "Z";
o0x7f75b79f74f8 .functor BUFZ 1, C4<z>; HiZ drive
v0x55555670fb60_0 .net "A", 0 0, o0x7f75b79f74f8;  0 drivers
o0x7f75b79f7528 .functor BUFZ 1, C4<z>; HiZ drive
v0x55555670fc40_0 .net "B", 0 0, o0x7f75b79f7528;  0 drivers
o0x7f75b79f7558 .functor BUFZ 1, C4<z>; HiZ drive
v0x55555670fd00_0 .net "C", 0 0, o0x7f75b79f7558;  0 drivers
o0x7f75b79f7588 .functor BUFZ 1, C4<z>; HiZ drive
v0x55555670fda0_0 .net "D", 0 0, o0x7f75b79f7588;  0 drivers
o0x7f75b79f75b8 .functor BUFZ 1, C4<z>; HiZ drive
v0x55555670fe60_0 .net "M0", 0 0, o0x7f75b79f75b8;  0 drivers
o0x7f75b79f75e8 .functor BUFZ 1, C4<z>; HiZ drive
v0x55555670ff70_0 .net "M1", 0 0, o0x7f75b79f75e8;  0 drivers
o0x7f75b79f7618 .functor BUFZ 1, C4<z>; HiZ drive
v0x555556710030_0 .net "M2", 0 0, o0x7f75b79f7618;  0 drivers
o0x7f75b79f7648 .functor BUFZ 1, C4<z>; HiZ drive
v0x5555567100f0_0 .net "Z", 0 0, o0x7f75b79f7648;  0 drivers
S_0x5555566ea5d0 .scope module, "DP16KD" "DP16KD" 2 602;
 .timescale 0 0;
    .port_info 0 /INPUT 1 "DIA17";
    .port_info 1 /INPUT 1 "DIA16";
    .port_info 2 /INPUT 1 "DIA15";
    .port_info 3 /INPUT 1 "DIA14";
    .port_info 4 /INPUT 1 "DIA13";
    .port_info 5 /INPUT 1 "DIA12";
    .port_info 6 /INPUT 1 "DIA11";
    .port_info 7 /INPUT 1 "DIA10";
    .port_info 8 /INPUT 1 "DIA9";
    .port_info 9 /INPUT 1 "DIA8";
    .port_info 10 /INPUT 1 "DIA7";
    .port_info 11 /INPUT 1 "DIA6";
    .port_info 12 /INPUT 1 "DIA5";
    .port_info 13 /INPUT 1 "DIA4";
    .port_info 14 /INPUT 1 "DIA3";
    .port_info 15 /INPUT 1 "DIA2";
    .port_info 16 /INPUT 1 "DIA1";
    .port_info 17 /INPUT 1 "DIA0";
    .port_info 18 /INPUT 1 "ADA13";
    .port_info 19 /INPUT 1 "ADA12";
    .port_info 20 /INPUT 1 "ADA11";
    .port_info 21 /INPUT 1 "ADA10";
    .port_info 22 /INPUT 1 "ADA9";
    .port_info 23 /INPUT 1 "ADA8";
    .port_info 24 /INPUT 1 "ADA7";
    .port_info 25 /INPUT 1 "ADA6";
    .port_info 26 /INPUT 1 "ADA5";
    .port_info 27 /INPUT 1 "ADA4";
    .port_info 28 /INPUT 1 "ADA3";
    .port_info 29 /INPUT 1 "ADA2";
    .port_info 30 /INPUT 1 "ADA1";
    .port_info 31 /INPUT 1 "ADA0";
    .port_info 32 /INPUT 1 "CEA";
    .port_info 33 /INPUT 1 "OCEA";
    .port_info 34 /INPUT 1 "CLKA";
    .port_info 35 /INPUT 1 "WEA";
    .port_info 36 /INPUT 1 "RSTA";
    .port_info 37 /INPUT 1 "CSA2";
    .port_info 38 /INPUT 1 "CSA1";
    .port_info 39 /INPUT 1 "CSA0";
    .port_info 40 /OUTPUT 1 "DOA17";
    .port_info 41 /OUTPUT 1 "DOA16";
    .port_info 42 /OUTPUT 1 "DOA15";
    .port_info 43 /OUTPUT 1 "DOA14";
    .port_info 44 /OUTPUT 1 "DOA13";
    .port_info 45 /OUTPUT 1 "DOA12";
    .port_info 46 /OUTPUT 1 "DOA11";
    .port_info 47 /OUTPUT 1 "DOA10";
    .port_info 48 /OUTPUT 1 "DOA9";
    .port_info 49 /OUTPUT 1 "DOA8";
    .port_info 50 /OUTPUT 1 "DOA7";
    .port_info 51 /OUTPUT 1 "DOA6";
    .port_info 52 /OUTPUT 1 "DOA5";
    .port_info 53 /OUTPUT 1 "DOA4";
    .port_info 54 /OUTPUT 1 "DOA3";
    .port_info 55 /OUTPUT 1 "DOA2";
    .port_info 56 /OUTPUT 1 "DOA1";
    .port_info 57 /OUTPUT 1 "DOA0";
    .port_info 58 /INPUT 1 "DIB17";
    .port_info 59 /INPUT 1 "DIB16";
    .port_info 60 /INPUT 1 "DIB15";
    .port_info 61 /INPUT 1 "DIB14";
    .port_info 62 /INPUT 1 "DIB13";
    .port_info 63 /INPUT 1 "DIB12";
    .port_info 64 /INPUT 1 "DIB11";
    .port_info 65 /INPUT 1 "DIB10";
    .port_info 66 /INPUT 1 "DIB9";
    .port_info 67 /INPUT 1 "DIB8";
    .port_info 68 /INPUT 1 "DIB7";
    .port_info 69 /INPUT 1 "DIB6";
    .port_info 70 /INPUT 1 "DIB5";
    .port_info 71 /INPUT 1 "DIB4";
    .port_info 72 /INPUT 1 "DIB3";
    .port_info 73 /INPUT 1 "DIB2";
    .port_info 74 /INPUT 1 "DIB1";
    .port_info 75 /INPUT 1 "DIB0";
    .port_info 76 /INPUT 1 "ADB13";
    .port_info 77 /INPUT 1 "ADB12";
    .port_info 78 /INPUT 1 "ADB11";
    .port_info 79 /INPUT 1 "ADB10";
    .port_info 80 /INPUT 1 "ADB9";
    .port_info 81 /INPUT 1 "ADB8";
    .port_info 82 /INPUT 1 "ADB7";
    .port_info 83 /INPUT 1 "ADB6";
    .port_info 84 /INPUT 1 "ADB5";
    .port_info 85 /INPUT 1 "ADB4";
    .port_info 86 /INPUT 1 "ADB3";
    .port_info 87 /INPUT 1 "ADB2";
    .port_info 88 /INPUT 1 "ADB1";
    .port_info 89 /INPUT 1 "ADB0";
    .port_info 90 /INPUT 1 "CEB";
    .port_info 91 /INPUT 1 "OCEB";
    .port_info 92 /INPUT 1 "CLKB";
    .port_info 93 /INPUT 1 "WEB";
    .port_info 94 /INPUT 1 "RSTB";
    .port_info 95 /INPUT 1 "CSB2";
    .port_info 96 /INPUT 1 "CSB1";
    .port_info 97 /INPUT 1 "CSB0";
    .port_info 98 /OUTPUT 1 "DOB17";
    .port_info 99 /OUTPUT 1 "DOB16";
    .port_info 100 /OUTPUT 1 "DOB15";
    .port_info 101 /OUTPUT 1 "DOB14";
    .port_info 102 /OUTPUT 1 "DOB13";
    .port_info 103 /OUTPUT 1 "DOB12";
    .port_info 104 /OUTPUT 1 "DOB11";
    .port_info 105 /OUTPUT 1 "DOB10";
    .port_info 106 /OUTPUT 1 "DOB9";
    .port_info 107 /OUTPUT 1 "DOB8";
    .port_info 108 /OUTPUT 1 "DOB7";
    .port_info 109 /OUTPUT 1 "DOB6";
    .port_info 110 /OUTPUT 1 "DOB5";
    .port_info 111 /OUTPUT 1 "DOB4";
    .port_info 112 /OUTPUT 1 "DOB3";
    .port_info 113 /OUTPUT 1 "DOB2";
    .port_info 114 /OUTPUT 1 "DOB1";
    .port_info 115 /OUTPUT 1 "DOB0";
P_0x5555566fba20 .param/str "ADA0MUX" 0 2 661, "ADA0";
P_0x5555566fba60 .param/str "ADA10MUX" 0 2 651, "ADA10";
P_0x5555566fbaa0 .param/str "ADA11MUX" 0 2 650, "ADA11";
P_0x5555566fbae0 .param/str "ADA12MUX" 0 2 649, "ADA12";
P_0x5555566fbb20 .param/str "ADA13MUX" 0 2 648, "ADA13";
P_0x5555566fbb60 .param/str "ADA1MUX" 0 2 660, "ADA1";
P_0x5555566fbba0 .param/str "ADA2MUX" 0 2 659, "ADA2";
P_0x5555566fbbe0 .param/str "ADA3MUX" 0 2 658, "ADA3";
P_0x5555566fbc20 .param/str "ADA4MUX" 0 2 657, "ADA4";
P_0x5555566fbc60 .param/str "ADA5MUX" 0 2 656, "ADA5";
P_0x5555566fbca0 .param/str "ADA6MUX" 0 2 655, "ADA6";
P_0x5555566fbce0 .param/str "ADA7MUX" 0 2 654, "ADA7";
P_0x5555566fbd20 .param/str "ADA8MUX" 0 2 653, "ADA8";
P_0x5555566fbd60 .param/str "ADA9MUX" 0 2 652, "ADA9";
P_0x5555566fbda0 .param/str "ADB0MUX" 0 2 719, "ADB0";
P_0x5555566fbde0 .param/str "ADB10MUX" 0 2 709, "ADB10";
P_0x5555566fbe20 .param/str "ADB11MUX" 0 2 708, "ADB11";
P_0x5555566fbe60 .param/str "ADB12MUX" 0 2 707, "ADB12";
P_0x5555566fbea0 .param/str "ADB13MUX" 0 2 706, "ADB13";
P_0x5555566fbee0 .param/str "ADB1MUX" 0 2 718, "ADB1";
P_0x5555566fbf20 .param/str "ADB2MUX" 0 2 717, "ADB2";
P_0x5555566fbf60 .param/str "ADB3MUX" 0 2 716, "ADB3";
P_0x5555566fbfa0 .param/str "ADB4MUX" 0 2 715, "ADB4";
P_0x5555566fbfe0 .param/str "ADB5MUX" 0 2 714, "ADB5";
P_0x5555566fc020 .param/str "ADB6MUX" 0 2 713, "ADB6";
P_0x5555566fc060 .param/str "ADB7MUX" 0 2 712, "ADB7";
P_0x5555566fc0a0 .param/str "ADB8MUX" 0 2 711, "ADB8";
P_0x5555566fc0e0 .param/str "ADB9MUX" 0 2 710, "ADB9";
P_0x5555566fc120 .param/str "ASYNC_RESET_RELEASE" 0 2 622, "SYNC";
P_0x5555566fc160 .param/str "CEAMUX" 0 2 662, "CEA";
P_0x5555566fc1a0 .param/str "CEBMUX" 0 2 720, "CEB";
P_0x5555566fc1e0 .param/str "CLKAMUX" 0 2 664, "CLKA";
P_0x5555566fc220 .param/str "CLKBMUX" 0 2 722, "CLKB";
P_0x5555566fc260 .param/str "CSA0MUX" 0 2 669, "CSA0";
P_0x5555566fc2a0 .param/str "CSA1MUX" 0 2 668, "CSA1";
P_0x5555566fc2e0 .param/str "CSA2MUX" 0 2 667, "CSA2";
P_0x5555566fc320 .param/str "CSB0MUX" 0 2 727, "CSB0";
P_0x5555566fc360 .param/str "CSB1MUX" 0 2 726, "CSB1";
P_0x5555566fc3a0 .param/str "CSB2MUX" 0 2 725, "CSB2";
P_0x5555566fc3e0 .param/str "CSDECODE_A" 0 2 624, "0b000";
P_0x5555566fc420 .param/str "CSDECODE_B" 0 2 625, "0b000";
P_0x5555566fc460 .param/l "DATA_WIDTH_A" 0 2 615, +C4<00000000000000000000000000010010>;
P_0x5555566fc4a0 .param/l "DATA_WIDTH_B" 0 2 616, +C4<00000000000000000000000000010010>;
P_0x5555566fc4e0 .param/str "DIA0MUX" 0 2 647, "DIA0";
P_0x5555566fc520 .param/str "DIA10MUX" 0 2 637, "DIA10";
P_0x5555566fc560 .param/str "DIA11MUX" 0 2 636, "DIA11";
P_0x5555566fc5a0 .param/str "DIA12MUX" 0 2 635, "DIA12";
P_0x5555566fc5e0 .param/str "DIA13MUX" 0 2 634, "DIA13";
P_0x5555566fc620 .param/str "DIA14MUX" 0 2 633, "DIA14";
P_0x5555566fc660 .param/str "DIA15MUX" 0 2 632, "DIA15";
P_0x5555566fc6a0 .param/str "DIA16MUX" 0 2 631, "DIA16";
P_0x5555566fc6e0 .param/str "DIA17MUX" 0 2 630, "DIA17";
P_0x5555566fc720 .param/str "DIA1MUX" 0 2 646, "DIA1";
P_0x5555566fc760 .param/str "DIA2MUX" 0 2 645, "DIA2";
P_0x5555566fc7a0 .param/str "DIA3MUX" 0 2 644, "DIA3";
P_0x5555566fc7e0 .param/str "DIA4MUX" 0 2 643, "DIA4";
P_0x5555566fc820 .param/str "DIA5MUX" 0 2 642, "DIA5";
P_0x5555566fc860 .param/str "DIA6MUX" 0 2 641, "DIA6";
P_0x5555566fc8a0 .param/str "DIA7MUX" 0 2 640, "DIA7";
P_0x5555566fc8e0 .param/str "DIA8MUX" 0 2 639, "DIA8";
P_0x5555566fc920 .param/str "DIA9MUX" 0 2 638, "DIA9";
P_0x5555566fc960 .param/str "DIB0MUX" 0 2 705, "DIB0";
P_0x5555566fc9a0 .param/str "DIB10MUX" 0 2 695, "DIB10";
P_0x5555566fc9e0 .param/str "DIB11MUX" 0 2 694, "DIB11";
P_0x5555566fca20 .param/str "DIB12MUX" 0 2 693, "DIB12";
P_0x5555566fca60 .param/str "DIB13MUX" 0 2 692, "DIB13";
P_0x5555566fcaa0 .param/str "DIB14MUX" 0 2 691, "DIB14";
P_0x5555566fcae0 .param/str "DIB15MUX" 0 2 690, "DIB15";
P_0x5555566fcb20 .param/str "DIB16MUX" 0 2 689, "DIB16";
P_0x5555566fcb60 .param/str "DIB17MUX" 0 2 688, "DIB17";
P_0x5555566fcba0 .param/str "DIB1MUX" 0 2 704, "DIB1";
P_0x5555566fcbe0 .param/str "DIB2MUX" 0 2 703, "DIB2";
P_0x5555566fcc20 .param/str "DIB3MUX" 0 2 702, "DIB3";
P_0x5555566fcc60 .param/str "DIB4MUX" 0 2 701, "DIB4";
P_0x5555566fcca0 .param/str "DIB5MUX" 0 2 700, "DIB5";
P_0x5555566fcce0 .param/str "DIB6MUX" 0 2 699, "DIB6";
P_0x5555566fcd20 .param/str "DIB7MUX" 0 2 698, "DIB7";
P_0x5555566fcd60 .param/str "DIB8MUX" 0 2 697, "DIB8";
P_0x5555566fcda0 .param/str "DIB9MUX" 0 2 696, "DIB9";
P_0x5555566fcde0 .param/str "DOA0MUX" 0 2 687, "DOA0";
P_0x5555566fce20 .param/str "DOA10MUX" 0 2 677, "DOA10";
P_0x5555566fce60 .param/str "DOA11MUX" 0 2 676, "DOA11";
P_0x5555566fcea0 .param/str "DOA12MUX" 0 2 675, "DOA12";
P_0x5555566fcee0 .param/str "DOA13MUX" 0 2 674, "DOA13";
P_0x5555566fcf20 .param/str "DOA14MUX" 0 2 673, "DOA14";
P_0x5555566fcf60 .param/str "DOA15MUX" 0 2 672, "DOA15";
P_0x5555566fcfa0 .param/str "DOA16MUX" 0 2 671, "DOA16";
P_0x5555566fcfe0 .param/str "DOA17MUX" 0 2 670, "DOA17";
P_0x5555566fd020 .param/str "DOA1MUX" 0 2 686, "DOA1";
P_0x5555566fd060 .param/str "DOA2MUX" 0 2 685, "DOA2";
P_0x5555566fd0a0 .param/str "DOA3MUX" 0 2 684, "DOA3";
P_0x5555566fd0e0 .param/str "DOA4MUX" 0 2 683, "DOA4";
P_0x5555566fd120 .param/str "DOA5MUX" 0 2 682, "DOA5";
P_0x5555566fd160 .param/str "DOA6MUX" 0 2 681, "DOA6";
P_0x5555566fd1a0 .param/str "DOA7MUX" 0 2 680, "DOA7";
P_0x5555566fd1e0 .param/str "DOA8MUX" 0 2 679, "DOA8";
P_0x5555566fd220 .param/str "DOA9MUX" 0 2 678, "DOA9";
P_0x5555566fd260 .param/str "DOB0MUX" 0 2 745, "DOB0";
P_0x5555566fd2a0 .param/str "DOB10MUX" 0 2 735, "DOB10";
P_0x5555566fd2e0 .param/str "DOB11MUX" 0 2 734, "DOB11";
P_0x5555566fd320 .param/str "DOB12MUX" 0 2 733, "DOB12";
P_0x5555566fd360 .param/str "DOB13MUX" 0 2 732, "DOB13";
P_0x5555566fd3a0 .param/str "DOB14MUX" 0 2 731, "DOB14";
P_0x5555566fd3e0 .param/str "DOB15MUX" 0 2 730, "DOB15";
P_0x5555566fd420 .param/str "DOB16MUX" 0 2 729, "DOB16";
P_0x5555566fd460 .param/str "DOB17MUX" 0 2 728, "DOB17";
P_0x5555566fd4a0 .param/str "DOB1MUX" 0 2 744, "DOB1";
P_0x5555566fd4e0 .param/str "DOB2MUX" 0 2 743, "DOB2";
P_0x5555566fd520 .param/str "DOB3MUX" 0 2 742, "DOB3";
P_0x5555566fd560 .param/str "DOB4MUX" 0 2 741, "DOB4";
P_0x5555566fd5a0 .param/str "DOB5MUX" 0 2 740, "DOB5";
P_0x5555566fd5e0 .param/str "DOB6MUX" 0 2 739, "DOB6";
P_0x5555566fd620 .param/str "DOB7MUX" 0 2 738, "DOB7";
P_0x5555566fd660 .param/str "DOB8MUX" 0 2 737, "DOB8";
P_0x5555566fd6a0 .param/str "DOB9MUX" 0 2 736, "DOB9";
P_0x5555566fd6e0 .param/str "GSR" 0 2 749, "ENABLED";
P_0x5555566fd720 .param/l "INITVAL_00" 0 2 751, C4<00000000000000000000000000000000000000000000000000000000000000000000000000000000000000000000000000000000000000000000000000000000000000000000000000000000000000000000000000000000000000000000000000000000000000000000000000000000000000000000000000000000000000000000000000000000000000000000000000000000000000000000000000000000>;
P_0x5555566fd760 .param/l "INITVAL_01" 0 2 752, C4<00000000000000000000000000000000000000000000000000000000000000000000000000000000000000000000000000000000000000000000000000000000000000000000000000000000000000000000000000000000000000000000000000000000000000000000000000000000000000000000000000000000000000000000000000000000000000000000000000000000000000000000000000000000>;
P_0x5555566fd7a0 .param/l "INITVAL_02" 0 2 753, C4<00000000000000000000000000000000000000000000000000000000000000000000000000000000000000000000000000000000000000000000000000000000000000000000000000000000000000000000000000000000000000000000000000000000000000000000000000000000000000000000000000000000000000000000000000000000000000000000000000000000000000000000000000000000>;
P_0x5555566fd7e0 .param/l "INITVAL_03" 0 2 754, C4<00000000000000000000000000000000000000000000000000000000000000000000000000000000000000000000000000000000000000000000000000000000000000000000000000000000000000000000000000000000000000000000000000000000000000000000000000000000000000000000000000000000000000000000000000000000000000000000000000000000000000000000000000000000>;
P_0x5555566fd820 .param/l "INITVAL_04" 0 2 755, C4<00000000000000000000000000000000000000000000000000000000000000000000000000000000000000000000000000000000000000000000000000000000000000000000000000000000000000000000000000000000000000000000000000000000000000000000000000000000000000000000000000000000000000000000000000000000000000000000000000000000000000000000000000000000>;
P_0x5555566fd860 .param/l "INITVAL_05" 0 2 756, C4<00000000000000000000000000000000000000000000000000000000000000000000000000000000000000000000000000000000000000000000000000000000000000000000000000000000000000000000000000000000000000000000000000000000000000000000000000000000000000000000000000000000000000000000000000000000000000000000000000000000000000000000000000000000>;
P_0x5555566fd8a0 .param/l "INITVAL_06" 0 2 757, C4<00000000000000000000000000000000000000000000000000000000000000000000000000000000000000000000000000000000000000000000000000000000000000000000000000000000000000000000000000000000000000000000000000000000000000000000000000000000000000000000000000000000000000000000000000000000000000000000000000000000000000000000000000000000>;
P_0x5555566fd8e0 .param/l "INITVAL_07" 0 2 758, C4<00000000000000000000000000000000000000000000000000000000000000000000000000000000000000000000000000000000000000000000000000000000000000000000000000000000000000000000000000000000000000000000000000000000000000000000000000000000000000000000000000000000000000000000000000000000000000000000000000000000000000000000000000000000>;
P_0x5555566fd920 .param/l "INITVAL_08" 0 2 759, C4<00000000000000000000000000000000000000000000000000000000000000000000000000000000000000000000000000000000000000000000000000000000000000000000000000000000000000000000000000000000000000000000000000000000000000000000000000000000000000000000000000000000000000000000000000000000000000000000000000000000000000000000000000000000>;
P_0x5555566fd960 .param/l "INITVAL_09" 0 2 760, C4<00000000000000000000000000000000000000000000000000000000000000000000000000000000000000000000000000000000000000000000000000000000000000000000000000000000000000000000000000000000000000000000000000000000000000000000000000000000000000000000000000000000000000000000000000000000000000000000000000000000000000000000000000000000>;
P_0x5555566fd9a0 .param/l "INITVAL_0A" 0 2 761, C4<00000000000000000000000000000000000000000000000000000000000000000000000000000000000000000000000000000000000000000000000000000000000000000000000000000000000000000000000000000000000000000000000000000000000000000000000000000000000000000000000000000000000000000000000000000000000000000000000000000000000000000000000000000000>;
P_0x5555566fd9e0 .param/l "INITVAL_0B" 0 2 762, C4<00000000000000000000000000000000000000000000000000000000000000000000000000000000000000000000000000000000000000000000000000000000000000000000000000000000000000000000000000000000000000000000000000000000000000000000000000000000000000000000000000000000000000000000000000000000000000000000000000000000000000000000000000000000>;
P_0x5555566fda20 .param/l "INITVAL_0C" 0 2 763, C4<00000000000000000000000000000000000000000000000000000000000000000000000000000000000000000000000000000000000000000000000000000000000000000000000000000000000000000000000000000000000000000000000000000000000000000000000000000000000000000000000000000000000000000000000000000000000000000000000000000000000000000000000000000000>;
P_0x5555566fda60 .param/l "INITVAL_0D" 0 2 764, C4<00000000000000000000000000000000000000000000000000000000000000000000000000000000000000000000000000000000000000000000000000000000000000000000000000000000000000000000000000000000000000000000000000000000000000000000000000000000000000000000000000000000000000000000000000000000000000000000000000000000000000000000000000000000>;
P_0x5555566fdaa0 .param/l "INITVAL_0E" 0 2 765, C4<00000000000000000000000000000000000000000000000000000000000000000000000000000000000000000000000000000000000000000000000000000000000000000000000000000000000000000000000000000000000000000000000000000000000000000000000000000000000000000000000000000000000000000000000000000000000000000000000000000000000000000000000000000000>;
P_0x5555566fdae0 .param/l "INITVAL_0F" 0 2 766, C4<00000000000000000000000000000000000000000000000000000000000000000000000000000000000000000000000000000000000000000000000000000000000000000000000000000000000000000000000000000000000000000000000000000000000000000000000000000000000000000000000000000000000000000000000000000000000000000000000000000000000000000000000000000000>;
P_0x5555566fdb20 .param/l "INITVAL_10" 0 2 767, C4<00000000000000000000000000000000000000000000000000000000000000000000000000000000000000000000000000000000000000000000000000000000000000000000000000000000000000000000000000000000000000000000000000000000000000000000000000000000000000000000000000000000000000000000000000000000000000000000000000000000000000000000000000000000>;
P_0x5555566fdb60 .param/l "INITVAL_11" 0 2 768, C4<00000000000000000000000000000000000000000000000000000000000000000000000000000000000000000000000000000000000000000000000000000000000000000000000000000000000000000000000000000000000000000000000000000000000000000000000000000000000000000000000000000000000000000000000000000000000000000000000000000000000000000000000000000000>;
P_0x5555566fdba0 .param/l "INITVAL_12" 0 2 769, C4<00000000000000000000000000000000000000000000000000000000000000000000000000000000000000000000000000000000000000000000000000000000000000000000000000000000000000000000000000000000000000000000000000000000000000000000000000000000000000000000000000000000000000000000000000000000000000000000000000000000000000000000000000000000>;
P_0x5555566fdbe0 .param/l "INITVAL_13" 0 2 770, C4<00000000000000000000000000000000000000000000000000000000000000000000000000000000000000000000000000000000000000000000000000000000000000000000000000000000000000000000000000000000000000000000000000000000000000000000000000000000000000000000000000000000000000000000000000000000000000000000000000000000000000000000000000000000>;
P_0x5555566fdc20 .param/l "INITVAL_14" 0 2 771, C4<00000000000000000000000000000000000000000000000000000000000000000000000000000000000000000000000000000000000000000000000000000000000000000000000000000000000000000000000000000000000000000000000000000000000000000000000000000000000000000000000000000000000000000000000000000000000000000000000000000000000000000000000000000000>;
P_0x5555566fdc60 .param/l "INITVAL_15" 0 2 772, C4<00000000000000000000000000000000000000000000000000000000000000000000000000000000000000000000000000000000000000000000000000000000000000000000000000000000000000000000000000000000000000000000000000000000000000000000000000000000000000000000000000000000000000000000000000000000000000000000000000000000000000000000000000000000>;
P_0x5555566fdca0 .param/l "INITVAL_16" 0 2 773, C4<00000000000000000000000000000000000000000000000000000000000000000000000000000000000000000000000000000000000000000000000000000000000000000000000000000000000000000000000000000000000000000000000000000000000000000000000000000000000000000000000000000000000000000000000000000000000000000000000000000000000000000000000000000000>;
P_0x5555566fdce0 .param/l "INITVAL_17" 0 2 774, C4<00000000000000000000000000000000000000000000000000000000000000000000000000000000000000000000000000000000000000000000000000000000000000000000000000000000000000000000000000000000000000000000000000000000000000000000000000000000000000000000000000000000000000000000000000000000000000000000000000000000000000000000000000000000>;
P_0x5555566fdd20 .param/l "INITVAL_18" 0 2 775, C4<00000000000000000000000000000000000000000000000000000000000000000000000000000000000000000000000000000000000000000000000000000000000000000000000000000000000000000000000000000000000000000000000000000000000000000000000000000000000000000000000000000000000000000000000000000000000000000000000000000000000000000000000000000000>;
P_0x5555566fdd60 .param/l "INITVAL_19" 0 2 776, C4<00000000000000000000000000000000000000000000000000000000000000000000000000000000000000000000000000000000000000000000000000000000000000000000000000000000000000000000000000000000000000000000000000000000000000000000000000000000000000000000000000000000000000000000000000000000000000000000000000000000000000000000000000000000>;
P_0x5555566fdda0 .param/l "INITVAL_1A" 0 2 777, C4<00000000000000000000000000000000000000000000000000000000000000000000000000000000000000000000000000000000000000000000000000000000000000000000000000000000000000000000000000000000000000000000000000000000000000000000000000000000000000000000000000000000000000000000000000000000000000000000000000000000000000000000000000000000>;
P_0x5555566fdde0 .param/l "INITVAL_1B" 0 2 778, C4<00000000000000000000000000000000000000000000000000000000000000000000000000000000000000000000000000000000000000000000000000000000000000000000000000000000000000000000000000000000000000000000000000000000000000000000000000000000000000000000000000000000000000000000000000000000000000000000000000000000000000000000000000000000>;
P_0x5555566fde20 .param/l "INITVAL_1C" 0 2 779, C4<00000000000000000000000000000000000000000000000000000000000000000000000000000000000000000000000000000000000000000000000000000000000000000000000000000000000000000000000000000000000000000000000000000000000000000000000000000000000000000000000000000000000000000000000000000000000000000000000000000000000000000000000000000000>;
P_0x5555566fde60 .param/l "INITVAL_1D" 0 2 780, C4<00000000000000000000000000000000000000000000000000000000000000000000000000000000000000000000000000000000000000000000000000000000000000000000000000000000000000000000000000000000000000000000000000000000000000000000000000000000000000000000000000000000000000000000000000000000000000000000000000000000000000000000000000000000>;
P_0x5555566fdea0 .param/l "INITVAL_1E" 0 2 781, C4<00000000000000000000000000000000000000000000000000000000000000000000000000000000000000000000000000000000000000000000000000000000000000000000000000000000000000000000000000000000000000000000000000000000000000000000000000000000000000000000000000000000000000000000000000000000000000000000000000000000000000000000000000000000>;
P_0x5555566fdee0 .param/l "INITVAL_1F" 0 2 782, C4<00000000000000000000000000000000000000000000000000000000000000000000000000000000000000000000000000000000000000000000000000000000000000000000000000000000000000000000000000000000000000000000000000000000000000000000000000000000000000000000000000000000000000000000000000000000000000000000000000000000000000000000000000000000>;
P_0x5555566fdf20 .param/l "INITVAL_20" 0 2 783, C4<00000000000000000000000000000000000000000000000000000000000000000000000000000000000000000000000000000000000000000000000000000000000000000000000000000000000000000000000000000000000000000000000000000000000000000000000000000000000000000000000000000000000000000000000000000000000000000000000000000000000000000000000000000000>;
P_0x5555566fdf60 .param/l "INITVAL_21" 0 2 784, C4<00000000000000000000000000000000000000000000000000000000000000000000000000000000000000000000000000000000000000000000000000000000000000000000000000000000000000000000000000000000000000000000000000000000000000000000000000000000000000000000000000000000000000000000000000000000000000000000000000000000000000000000000000000000>;
P_0x5555566fdfa0 .param/l "INITVAL_22" 0 2 785, C4<00000000000000000000000000000000000000000000000000000000000000000000000000000000000000000000000000000000000000000000000000000000000000000000000000000000000000000000000000000000000000000000000000000000000000000000000000000000000000000000000000000000000000000000000000000000000000000000000000000000000000000000000000000000>;
P_0x5555566fdfe0 .param/l "INITVAL_23" 0 2 786, C4<00000000000000000000000000000000000000000000000000000000000000000000000000000000000000000000000000000000000000000000000000000000000000000000000000000000000000000000000000000000000000000000000000000000000000000000000000000000000000000000000000000000000000000000000000000000000000000000000000000000000000000000000000000000>;
P_0x5555566fe020 .param/l "INITVAL_24" 0 2 787, C4<00000000000000000000000000000000000000000000000000000000000000000000000000000000000000000000000000000000000000000000000000000000000000000000000000000000000000000000000000000000000000000000000000000000000000000000000000000000000000000000000000000000000000000000000000000000000000000000000000000000000000000000000000000000>;
P_0x5555566fe060 .param/l "INITVAL_25" 0 2 788, C4<00000000000000000000000000000000000000000000000000000000000000000000000000000000000000000000000000000000000000000000000000000000000000000000000000000000000000000000000000000000000000000000000000000000000000000000000000000000000000000000000000000000000000000000000000000000000000000000000000000000000000000000000000000000>;
P_0x5555566fe0a0 .param/l "INITVAL_26" 0 2 789, C4<00000000000000000000000000000000000000000000000000000000000000000000000000000000000000000000000000000000000000000000000000000000000000000000000000000000000000000000000000000000000000000000000000000000000000000000000000000000000000000000000000000000000000000000000000000000000000000000000000000000000000000000000000000000>;
P_0x5555566fe0e0 .param/l "INITVAL_27" 0 2 790, C4<00000000000000000000000000000000000000000000000000000000000000000000000000000000000000000000000000000000000000000000000000000000000000000000000000000000000000000000000000000000000000000000000000000000000000000000000000000000000000000000000000000000000000000000000000000000000000000000000000000000000000000000000000000000>;
P_0x5555566fe120 .param/l "INITVAL_28" 0 2 791, C4<00000000000000000000000000000000000000000000000000000000000000000000000000000000000000000000000000000000000000000000000000000000000000000000000000000000000000000000000000000000000000000000000000000000000000000000000000000000000000000000000000000000000000000000000000000000000000000000000000000000000000000000000000000000>;
P_0x5555566fe160 .param/l "INITVAL_29" 0 2 792, C4<00000000000000000000000000000000000000000000000000000000000000000000000000000000000000000000000000000000000000000000000000000000000000000000000000000000000000000000000000000000000000000000000000000000000000000000000000000000000000000000000000000000000000000000000000000000000000000000000000000000000000000000000000000000>;
P_0x5555566fe1a0 .param/l "INITVAL_2A" 0 2 793, C4<00000000000000000000000000000000000000000000000000000000000000000000000000000000000000000000000000000000000000000000000000000000000000000000000000000000000000000000000000000000000000000000000000000000000000000000000000000000000000000000000000000000000000000000000000000000000000000000000000000000000000000000000000000000>;
P_0x5555566fe1e0 .param/l "INITVAL_2B" 0 2 794, C4<00000000000000000000000000000000000000000000000000000000000000000000000000000000000000000000000000000000000000000000000000000000000000000000000000000000000000000000000000000000000000000000000000000000000000000000000000000000000000000000000000000000000000000000000000000000000000000000000000000000000000000000000000000000>;
P_0x5555566fe220 .param/l "INITVAL_2C" 0 2 795, C4<00000000000000000000000000000000000000000000000000000000000000000000000000000000000000000000000000000000000000000000000000000000000000000000000000000000000000000000000000000000000000000000000000000000000000000000000000000000000000000000000000000000000000000000000000000000000000000000000000000000000000000000000000000000>;
P_0x5555566fe260 .param/l "INITVAL_2D" 0 2 796, C4<00000000000000000000000000000000000000000000000000000000000000000000000000000000000000000000000000000000000000000000000000000000000000000000000000000000000000000000000000000000000000000000000000000000000000000000000000000000000000000000000000000000000000000000000000000000000000000000000000000000000000000000000000000000>;
P_0x5555566fe2a0 .param/l "INITVAL_2E" 0 2 797, C4<00000000000000000000000000000000000000000000000000000000000000000000000000000000000000000000000000000000000000000000000000000000000000000000000000000000000000000000000000000000000000000000000000000000000000000000000000000000000000000000000000000000000000000000000000000000000000000000000000000000000000000000000000000000>;
P_0x5555566fe2e0 .param/l "INITVAL_2F" 0 2 798, C4<00000000000000000000000000000000000000000000000000000000000000000000000000000000000000000000000000000000000000000000000000000000000000000000000000000000000000000000000000000000000000000000000000000000000000000000000000000000000000000000000000000000000000000000000000000000000000000000000000000000000000000000000000000000>;
P_0x5555566fe320 .param/l "INITVAL_30" 0 2 799, C4<00000000000000000000000000000000000000000000000000000000000000000000000000000000000000000000000000000000000000000000000000000000000000000000000000000000000000000000000000000000000000000000000000000000000000000000000000000000000000000000000000000000000000000000000000000000000000000000000000000000000000000000000000000000>;
P_0x5555566fe360 .param/l "INITVAL_31" 0 2 800, C4<00000000000000000000000000000000000000000000000000000000000000000000000000000000000000000000000000000000000000000000000000000000000000000000000000000000000000000000000000000000000000000000000000000000000000000000000000000000000000000000000000000000000000000000000000000000000000000000000000000000000000000000000000000000>;
P_0x5555566fe3a0 .param/l "INITVAL_32" 0 2 801, C4<00000000000000000000000000000000000000000000000000000000000000000000000000000000000000000000000000000000000000000000000000000000000000000000000000000000000000000000000000000000000000000000000000000000000000000000000000000000000000000000000000000000000000000000000000000000000000000000000000000000000000000000000000000000>;
P_0x5555566fe3e0 .param/l "INITVAL_33" 0 2 802, C4<00000000000000000000000000000000000000000000000000000000000000000000000000000000000000000000000000000000000000000000000000000000000000000000000000000000000000000000000000000000000000000000000000000000000000000000000000000000000000000000000000000000000000000000000000000000000000000000000000000000000000000000000000000000>;
P_0x5555566fe420 .param/l "INITVAL_34" 0 2 803, C4<00000000000000000000000000000000000000000000000000000000000000000000000000000000000000000000000000000000000000000000000000000000000000000000000000000000000000000000000000000000000000000000000000000000000000000000000000000000000000000000000000000000000000000000000000000000000000000000000000000000000000000000000000000000>;
P_0x5555566fe460 .param/l "INITVAL_35" 0 2 804, C4<00000000000000000000000000000000000000000000000000000000000000000000000000000000000000000000000000000000000000000000000000000000000000000000000000000000000000000000000000000000000000000000000000000000000000000000000000000000000000000000000000000000000000000000000000000000000000000000000000000000000000000000000000000000>;
P_0x5555566fe4a0 .param/l "INITVAL_36" 0 2 805, C4<00000000000000000000000000000000000000000000000000000000000000000000000000000000000000000000000000000000000000000000000000000000000000000000000000000000000000000000000000000000000000000000000000000000000000000000000000000000000000000000000000000000000000000000000000000000000000000000000000000000000000000000000000000000>;
P_0x5555566fe4e0 .param/l "INITVAL_37" 0 2 806, C4<00000000000000000000000000000000000000000000000000000000000000000000000000000000000000000000000000000000000000000000000000000000000000000000000000000000000000000000000000000000000000000000000000000000000000000000000000000000000000000000000000000000000000000000000000000000000000000000000000000000000000000000000000000000>;
P_0x5555566fe520 .param/l "INITVAL_38" 0 2 807, C4<00000000000000000000000000000000000000000000000000000000000000000000000000000000000000000000000000000000000000000000000000000000000000000000000000000000000000000000000000000000000000000000000000000000000000000000000000000000000000000000000000000000000000000000000000000000000000000000000000000000000000000000000000000000>;
P_0x5555566fe560 .param/l "INITVAL_39" 0 2 808, C4<00000000000000000000000000000000000000000000000000000000000000000000000000000000000000000000000000000000000000000000000000000000000000000000000000000000000000000000000000000000000000000000000000000000000000000000000000000000000000000000000000000000000000000000000000000000000000000000000000000000000000000000000000000000>;
P_0x5555566fe5a0 .param/l "INITVAL_3A" 0 2 809, C4<00000000000000000000000000000000000000000000000000000000000000000000000000000000000000000000000000000000000000000000000000000000000000000000000000000000000000000000000000000000000000000000000000000000000000000000000000000000000000000000000000000000000000000000000000000000000000000000000000000000000000000000000000000000>;
P_0x5555566fe5e0 .param/l "INITVAL_3B" 0 2 810, C4<00000000000000000000000000000000000000000000000000000000000000000000000000000000000000000000000000000000000000000000000000000000000000000000000000000000000000000000000000000000000000000000000000000000000000000000000000000000000000000000000000000000000000000000000000000000000000000000000000000000000000000000000000000000>;
P_0x5555566fe620 .param/l "INITVAL_3C" 0 2 811, C4<00000000000000000000000000000000000000000000000000000000000000000000000000000000000000000000000000000000000000000000000000000000000000000000000000000000000000000000000000000000000000000000000000000000000000000000000000000000000000000000000000000000000000000000000000000000000000000000000000000000000000000000000000000000>;
P_0x5555566fe660 .param/l "INITVAL_3D" 0 2 812, C4<00000000000000000000000000000000000000000000000000000000000000000000000000000000000000000000000000000000000000000000000000000000000000000000000000000000000000000000000000000000000000000000000000000000000000000000000000000000000000000000000000000000000000000000000000000000000000000000000000000000000000000000000000000000>;
P_0x5555566fe6a0 .param/l "INITVAL_3E" 0 2 813, C4<00000000000000000000000000000000000000000000000000000000000000000000000000000000000000000000000000000000000000000000000000000000000000000000000000000000000000000000000000000000000000000000000000000000000000000000000000000000000000000000000000000000000000000000000000000000000000000000000000000000000000000000000000000000>;
P_0x5555566fe6e0 .param/l "INITVAL_3F" 0 2 814, C4<00000000000000000000000000000000000000000000000000000000000000000000000000000000000000000000000000000000000000000000000000000000000000000000000000000000000000000000000000000000000000000000000000000000000000000000000000000000000000000000000000000000000000000000000000000000000000000000000000000000000000000000000000000000>;
P_0x5555566fe720 .param/str "OCEAMUX" 0 2 663, "OCEA";
P_0x5555566fe760 .param/str "OCEBMUX" 0 2 721, "OCEB";
P_0x5555566fe7a0 .param/str "REGMODE_A" 0 2 618, "NOREG";
P_0x5555566fe7e0 .param/str "REGMODE_B" 0 2 619, "NOREG";
P_0x5555566fe820 .param/str "RESETMODE" 0 2 621, "SYNC";
P_0x5555566fe860 .param/str "RSTAMUX" 0 2 666, "RSTA";
P_0x5555566fe8a0 .param/str "RSTBMUX" 0 2 724, "RSTB";
P_0x5555566fe8e0 .param/str "WEAMUX" 0 2 665, "WEA";
P_0x5555566fe920 .param/str "WEBMUX" 0 2 723, "WEB";
P_0x5555566fe960 .param/l "WID" 0 2 747, +C4<00000000000000000000000000000000>;
P_0x5555566fe9a0 .param/str "WRITEMODE_A" 0 2 627, "NORMAL";
P_0x5555566fe9e0 .param/str "WRITEMODE_B" 0 2 628, "NORMAL";
o0x7f75b79f77f8 .functor BUFZ 1, C4<z>; HiZ drive
v0x555556710300_0 .net "ADA0", 0 0, o0x7f75b79f77f8;  0 drivers
o0x7f75b79f7828 .functor BUFZ 1, C4<z>; HiZ drive
v0x5555567103e0_0 .net "ADA1", 0 0, o0x7f75b79f7828;  0 drivers
o0x7f75b79f7858 .functor BUFZ 1, C4<z>; HiZ drive
v0x5555567104a0_0 .net "ADA10", 0 0, o0x7f75b79f7858;  0 drivers
o0x7f75b79f7888 .functor BUFZ 1, C4<z>; HiZ drive
v0x555556710540_0 .net "ADA11", 0 0, o0x7f75b79f7888;  0 drivers
o0x7f75b79f78b8 .functor BUFZ 1, C4<z>; HiZ drive
v0x555556710600_0 .net "ADA12", 0 0, o0x7f75b79f78b8;  0 drivers
o0x7f75b79f78e8 .functor BUFZ 1, C4<z>; HiZ drive
v0x5555567106c0_0 .net "ADA13", 0 0, o0x7f75b79f78e8;  0 drivers
o0x7f75b79f7918 .functor BUFZ 1, C4<z>; HiZ drive
v0x555556710780_0 .net "ADA2", 0 0, o0x7f75b79f7918;  0 drivers
o0x7f75b79f7948 .functor BUFZ 1, C4<z>; HiZ drive
v0x555556710840_0 .net "ADA3", 0 0, o0x7f75b79f7948;  0 drivers
o0x7f75b79f7978 .functor BUFZ 1, C4<z>; HiZ drive
v0x555556710900_0 .net "ADA4", 0 0, o0x7f75b79f7978;  0 drivers
o0x7f75b79f79a8 .functor BUFZ 1, C4<z>; HiZ drive
v0x5555567109c0_0 .net "ADA5", 0 0, o0x7f75b79f79a8;  0 drivers
o0x7f75b79f79d8 .functor BUFZ 1, C4<z>; HiZ drive
v0x555556710a80_0 .net "ADA6", 0 0, o0x7f75b79f79d8;  0 drivers
o0x7f75b79f7a08 .functor BUFZ 1, C4<z>; HiZ drive
v0x555556710b40_0 .net "ADA7", 0 0, o0x7f75b79f7a08;  0 drivers
o0x7f75b79f7a38 .functor BUFZ 1, C4<z>; HiZ drive
v0x555556710c00_0 .net "ADA8", 0 0, o0x7f75b79f7a38;  0 drivers
o0x7f75b79f7a68 .functor BUFZ 1, C4<z>; HiZ drive
v0x555556710cc0_0 .net "ADA9", 0 0, o0x7f75b79f7a68;  0 drivers
o0x7f75b79f7a98 .functor BUFZ 1, C4<z>; HiZ drive
v0x555556710d80_0 .net "ADB0", 0 0, o0x7f75b79f7a98;  0 drivers
o0x7f75b79f7ac8 .functor BUFZ 1, C4<z>; HiZ drive
v0x555556710e40_0 .net "ADB1", 0 0, o0x7f75b79f7ac8;  0 drivers
o0x7f75b79f7af8 .functor BUFZ 1, C4<z>; HiZ drive
v0x555556710f00_0 .net "ADB10", 0 0, o0x7f75b79f7af8;  0 drivers
o0x7f75b79f7b28 .functor BUFZ 1, C4<z>; HiZ drive
v0x555556710fc0_0 .net "ADB11", 0 0, o0x7f75b79f7b28;  0 drivers
o0x7f75b79f7b58 .functor BUFZ 1, C4<z>; HiZ drive
v0x555556711080_0 .net "ADB12", 0 0, o0x7f75b79f7b58;  0 drivers
o0x7f75b79f7b88 .functor BUFZ 1, C4<z>; HiZ drive
v0x555556711140_0 .net "ADB13", 0 0, o0x7f75b79f7b88;  0 drivers
o0x7f75b79f7bb8 .functor BUFZ 1, C4<z>; HiZ drive
v0x555556711200_0 .net "ADB2", 0 0, o0x7f75b79f7bb8;  0 drivers
o0x7f75b79f7be8 .functor BUFZ 1, C4<z>; HiZ drive
v0x5555567112c0_0 .net "ADB3", 0 0, o0x7f75b79f7be8;  0 drivers
o0x7f75b79f7c18 .functor BUFZ 1, C4<z>; HiZ drive
v0x555556711380_0 .net "ADB4", 0 0, o0x7f75b79f7c18;  0 drivers
o0x7f75b79f7c48 .functor BUFZ 1, C4<z>; HiZ drive
v0x555556711440_0 .net "ADB5", 0 0, o0x7f75b79f7c48;  0 drivers
o0x7f75b79f7c78 .functor BUFZ 1, C4<z>; HiZ drive
v0x555556711500_0 .net "ADB6", 0 0, o0x7f75b79f7c78;  0 drivers
o0x7f75b79f7ca8 .functor BUFZ 1, C4<z>; HiZ drive
v0x5555567115c0_0 .net "ADB7", 0 0, o0x7f75b79f7ca8;  0 drivers
o0x7f75b79f7cd8 .functor BUFZ 1, C4<z>; HiZ drive
v0x555556711680_0 .net "ADB8", 0 0, o0x7f75b79f7cd8;  0 drivers
o0x7f75b79f7d08 .functor BUFZ 1, C4<z>; HiZ drive
v0x555556711740_0 .net "ADB9", 0 0, o0x7f75b79f7d08;  0 drivers
o0x7f75b79f7d38 .functor BUFZ 1, C4<z>; HiZ drive
v0x555556711800_0 .net "CEA", 0 0, o0x7f75b79f7d38;  0 drivers
o0x7f75b79f7d68 .functor BUFZ 1, C4<z>; HiZ drive
v0x5555567118c0_0 .net "CEB", 0 0, o0x7f75b79f7d68;  0 drivers
o0x7f75b79f7d98 .functor BUFZ 1, C4<z>; HiZ drive
v0x555556711980_0 .net "CLKA", 0 0, o0x7f75b79f7d98;  0 drivers
o0x7f75b79f7dc8 .functor BUFZ 1, C4<z>; HiZ drive
v0x555556711a40_0 .net "CLKB", 0 0, o0x7f75b79f7dc8;  0 drivers
o0x7f75b79f7df8 .functor BUFZ 1, C4<z>; HiZ drive
v0x555556711b00_0 .net "CSA0", 0 0, o0x7f75b79f7df8;  0 drivers
o0x7f75b79f7e28 .functor BUFZ 1, C4<z>; HiZ drive
v0x555556711bc0_0 .net "CSA1", 0 0, o0x7f75b79f7e28;  0 drivers
o0x7f75b79f7e58 .functor BUFZ 1, C4<z>; HiZ drive
v0x555556711c80_0 .net "CSA2", 0 0, o0x7f75b79f7e58;  0 drivers
o0x7f75b79f7e88 .functor BUFZ 1, C4<z>; HiZ drive
v0x555556711d40_0 .net "CSB0", 0 0, o0x7f75b79f7e88;  0 drivers
o0x7f75b79f7eb8 .functor BUFZ 1, C4<z>; HiZ drive
v0x555556711e00_0 .net "CSB1", 0 0, o0x7f75b79f7eb8;  0 drivers
o0x7f75b79f7ee8 .functor BUFZ 1, C4<z>; HiZ drive
v0x555556711ec0_0 .net "CSB2", 0 0, o0x7f75b79f7ee8;  0 drivers
o0x7f75b79f7f18 .functor BUFZ 1, C4<z>; HiZ drive
v0x555556711f80_0 .net "DIA0", 0 0, o0x7f75b79f7f18;  0 drivers
o0x7f75b79f7f48 .functor BUFZ 1, C4<z>; HiZ drive
v0x555556712040_0 .net "DIA1", 0 0, o0x7f75b79f7f48;  0 drivers
o0x7f75b79f7f78 .functor BUFZ 1, C4<z>; HiZ drive
v0x555556712100_0 .net "DIA10", 0 0, o0x7f75b79f7f78;  0 drivers
o0x7f75b79f7fa8 .functor BUFZ 1, C4<z>; HiZ drive
v0x5555567121c0_0 .net "DIA11", 0 0, o0x7f75b79f7fa8;  0 drivers
o0x7f75b79f7fd8 .functor BUFZ 1, C4<z>; HiZ drive
v0x555556712280_0 .net "DIA12", 0 0, o0x7f75b79f7fd8;  0 drivers
o0x7f75b79f8008 .functor BUFZ 1, C4<z>; HiZ drive
v0x555556712340_0 .net "DIA13", 0 0, o0x7f75b79f8008;  0 drivers
o0x7f75b79f8038 .functor BUFZ 1, C4<z>; HiZ drive
v0x555556712400_0 .net "DIA14", 0 0, o0x7f75b79f8038;  0 drivers
o0x7f75b79f8068 .functor BUFZ 1, C4<z>; HiZ drive
v0x5555567124c0_0 .net "DIA15", 0 0, o0x7f75b79f8068;  0 drivers
o0x7f75b79f8098 .functor BUFZ 1, C4<z>; HiZ drive
v0x555556712580_0 .net "DIA16", 0 0, o0x7f75b79f8098;  0 drivers
o0x7f75b79f80c8 .functor BUFZ 1, C4<z>; HiZ drive
v0x555556712640_0 .net "DIA17", 0 0, o0x7f75b79f80c8;  0 drivers
o0x7f75b79f80f8 .functor BUFZ 1, C4<z>; HiZ drive
v0x555556712700_0 .net "DIA2", 0 0, o0x7f75b79f80f8;  0 drivers
o0x7f75b79f8128 .functor BUFZ 1, C4<z>; HiZ drive
v0x5555567127c0_0 .net "DIA3", 0 0, o0x7f75b79f8128;  0 drivers
o0x7f75b79f8158 .functor BUFZ 1, C4<z>; HiZ drive
v0x555556712880_0 .net "DIA4", 0 0, o0x7f75b79f8158;  0 drivers
o0x7f75b79f8188 .functor BUFZ 1, C4<z>; HiZ drive
v0x555556712940_0 .net "DIA5", 0 0, o0x7f75b79f8188;  0 drivers
o0x7f75b79f81b8 .functor BUFZ 1, C4<z>; HiZ drive
v0x555556712a00_0 .net "DIA6", 0 0, o0x7f75b79f81b8;  0 drivers
o0x7f75b79f81e8 .functor BUFZ 1, C4<z>; HiZ drive
v0x555556712ac0_0 .net "DIA7", 0 0, o0x7f75b79f81e8;  0 drivers
o0x7f75b79f8218 .functor BUFZ 1, C4<z>; HiZ drive
v0x555556712b80_0 .net "DIA8", 0 0, o0x7f75b79f8218;  0 drivers
o0x7f75b79f8248 .functor BUFZ 1, C4<z>; HiZ drive
v0x555556712c40_0 .net "DIA9", 0 0, o0x7f75b79f8248;  0 drivers
o0x7f75b79f8278 .functor BUFZ 1, C4<z>; HiZ drive
v0x555556712d00_0 .net "DIB0", 0 0, o0x7f75b79f8278;  0 drivers
o0x7f75b79f82a8 .functor BUFZ 1, C4<z>; HiZ drive
v0x555556712dc0_0 .net "DIB1", 0 0, o0x7f75b79f82a8;  0 drivers
o0x7f75b79f82d8 .functor BUFZ 1, C4<z>; HiZ drive
v0x555556712e80_0 .net "DIB10", 0 0, o0x7f75b79f82d8;  0 drivers
o0x7f75b79f8308 .functor BUFZ 1, C4<z>; HiZ drive
v0x555556712f40_0 .net "DIB11", 0 0, o0x7f75b79f8308;  0 drivers
o0x7f75b79f8338 .functor BUFZ 1, C4<z>; HiZ drive
v0x555556713000_0 .net "DIB12", 0 0, o0x7f75b79f8338;  0 drivers
o0x7f75b79f8368 .functor BUFZ 1, C4<z>; HiZ drive
v0x5555567130c0_0 .net "DIB13", 0 0, o0x7f75b79f8368;  0 drivers
o0x7f75b79f8398 .functor BUFZ 1, C4<z>; HiZ drive
v0x555556713180_0 .net "DIB14", 0 0, o0x7f75b79f8398;  0 drivers
o0x7f75b79f83c8 .functor BUFZ 1, C4<z>; HiZ drive
v0x555556713240_0 .net "DIB15", 0 0, o0x7f75b79f83c8;  0 drivers
o0x7f75b79f83f8 .functor BUFZ 1, C4<z>; HiZ drive
v0x555556713300_0 .net "DIB16", 0 0, o0x7f75b79f83f8;  0 drivers
o0x7f75b79f8428 .functor BUFZ 1, C4<z>; HiZ drive
v0x5555567137d0_0 .net "DIB17", 0 0, o0x7f75b79f8428;  0 drivers
o0x7f75b79f8458 .functor BUFZ 1, C4<z>; HiZ drive
v0x555556713890_0 .net "DIB2", 0 0, o0x7f75b79f8458;  0 drivers
o0x7f75b79f8488 .functor BUFZ 1, C4<z>; HiZ drive
v0x555556713950_0 .net "DIB3", 0 0, o0x7f75b79f8488;  0 drivers
o0x7f75b79f84b8 .functor BUFZ 1, C4<z>; HiZ drive
v0x555556713a10_0 .net "DIB4", 0 0, o0x7f75b79f84b8;  0 drivers
o0x7f75b79f84e8 .functor BUFZ 1, C4<z>; HiZ drive
v0x555556713ad0_0 .net "DIB5", 0 0, o0x7f75b79f84e8;  0 drivers
o0x7f75b79f8518 .functor BUFZ 1, C4<z>; HiZ drive
v0x555556713b90_0 .net "DIB6", 0 0, o0x7f75b79f8518;  0 drivers
o0x7f75b79f8548 .functor BUFZ 1, C4<z>; HiZ drive
v0x555556713c50_0 .net "DIB7", 0 0, o0x7f75b79f8548;  0 drivers
o0x7f75b79f8578 .functor BUFZ 1, C4<z>; HiZ drive
v0x555556713d10_0 .net "DIB8", 0 0, o0x7f75b79f8578;  0 drivers
o0x7f75b79f85a8 .functor BUFZ 1, C4<z>; HiZ drive
v0x555556713dd0_0 .net "DIB9", 0 0, o0x7f75b79f85a8;  0 drivers
o0x7f75b79f85d8 .functor BUFZ 1, C4<z>; HiZ drive
v0x555556713e90_0 .net "DOA0", 0 0, o0x7f75b79f85d8;  0 drivers
o0x7f75b79f8608 .functor BUFZ 1, C4<z>; HiZ drive
v0x555556713f50_0 .net "DOA1", 0 0, o0x7f75b79f8608;  0 drivers
o0x7f75b79f8638 .functor BUFZ 1, C4<z>; HiZ drive
v0x555556714010_0 .net "DOA10", 0 0, o0x7f75b79f8638;  0 drivers
o0x7f75b79f8668 .functor BUFZ 1, C4<z>; HiZ drive
v0x5555567140d0_0 .net "DOA11", 0 0, o0x7f75b79f8668;  0 drivers
o0x7f75b79f8698 .functor BUFZ 1, C4<z>; HiZ drive
v0x555556714190_0 .net "DOA12", 0 0, o0x7f75b79f8698;  0 drivers
o0x7f75b79f86c8 .functor BUFZ 1, C4<z>; HiZ drive
v0x555556714250_0 .net "DOA13", 0 0, o0x7f75b79f86c8;  0 drivers
o0x7f75b79f86f8 .functor BUFZ 1, C4<z>; HiZ drive
v0x555556714310_0 .net "DOA14", 0 0, o0x7f75b79f86f8;  0 drivers
o0x7f75b79f8728 .functor BUFZ 1, C4<z>; HiZ drive
v0x5555567143d0_0 .net "DOA15", 0 0, o0x7f75b79f8728;  0 drivers
o0x7f75b79f8758 .functor BUFZ 1, C4<z>; HiZ drive
v0x555556714490_0 .net "DOA16", 0 0, o0x7f75b79f8758;  0 drivers
o0x7f75b79f8788 .functor BUFZ 1, C4<z>; HiZ drive
v0x555556714550_0 .net "DOA17", 0 0, o0x7f75b79f8788;  0 drivers
o0x7f75b79f87b8 .functor BUFZ 1, C4<z>; HiZ drive
v0x555556714610_0 .net "DOA2", 0 0, o0x7f75b79f87b8;  0 drivers
o0x7f75b79f87e8 .functor BUFZ 1, C4<z>; HiZ drive
v0x5555567146d0_0 .net "DOA3", 0 0, o0x7f75b79f87e8;  0 drivers
o0x7f75b79f8818 .functor BUFZ 1, C4<z>; HiZ drive
v0x555556714790_0 .net "DOA4", 0 0, o0x7f75b79f8818;  0 drivers
o0x7f75b79f8848 .functor BUFZ 1, C4<z>; HiZ drive
v0x555556714850_0 .net "DOA5", 0 0, o0x7f75b79f8848;  0 drivers
o0x7f75b79f8878 .functor BUFZ 1, C4<z>; HiZ drive
v0x555556714910_0 .net "DOA6", 0 0, o0x7f75b79f8878;  0 drivers
o0x7f75b79f88a8 .functor BUFZ 1, C4<z>; HiZ drive
v0x5555567149d0_0 .net "DOA7", 0 0, o0x7f75b79f88a8;  0 drivers
o0x7f75b79f88d8 .functor BUFZ 1, C4<z>; HiZ drive
v0x555556714a90_0 .net "DOA8", 0 0, o0x7f75b79f88d8;  0 drivers
o0x7f75b79f8908 .functor BUFZ 1, C4<z>; HiZ drive
v0x555556714b50_0 .net "DOA9", 0 0, o0x7f75b79f8908;  0 drivers
o0x7f75b79f8938 .functor BUFZ 1, C4<z>; HiZ drive
v0x555556714c10_0 .net "DOB0", 0 0, o0x7f75b79f8938;  0 drivers
o0x7f75b79f8968 .functor BUFZ 1, C4<z>; HiZ drive
v0x555556714cd0_0 .net "DOB1", 0 0, o0x7f75b79f8968;  0 drivers
o0x7f75b79f8998 .functor BUFZ 1, C4<z>; HiZ drive
v0x555556714d90_0 .net "DOB10", 0 0, o0x7f75b79f8998;  0 drivers
o0x7f75b79f89c8 .functor BUFZ 1, C4<z>; HiZ drive
v0x555556714e50_0 .net "DOB11", 0 0, o0x7f75b79f89c8;  0 drivers
o0x7f75b79f89f8 .functor BUFZ 1, C4<z>; HiZ drive
v0x555556714f10_0 .net "DOB12", 0 0, o0x7f75b79f89f8;  0 drivers
o0x7f75b79f8a28 .functor BUFZ 1, C4<z>; HiZ drive
v0x555556714fd0_0 .net "DOB13", 0 0, o0x7f75b79f8a28;  0 drivers
o0x7f75b79f8a58 .functor BUFZ 1, C4<z>; HiZ drive
v0x555556715090_0 .net "DOB14", 0 0, o0x7f75b79f8a58;  0 drivers
o0x7f75b79f8a88 .functor BUFZ 1, C4<z>; HiZ drive
v0x555556715150_0 .net "DOB15", 0 0, o0x7f75b79f8a88;  0 drivers
o0x7f75b79f8ab8 .functor BUFZ 1, C4<z>; HiZ drive
v0x555556715210_0 .net "DOB16", 0 0, o0x7f75b79f8ab8;  0 drivers
o0x7f75b79f8ae8 .functor BUFZ 1, C4<z>; HiZ drive
v0x5555567152d0_0 .net "DOB17", 0 0, o0x7f75b79f8ae8;  0 drivers
o0x7f75b79f8b18 .functor BUFZ 1, C4<z>; HiZ drive
v0x555556715390_0 .net "DOB2", 0 0, o0x7f75b79f8b18;  0 drivers
o0x7f75b79f8b48 .functor BUFZ 1, C4<z>; HiZ drive
v0x555556715450_0 .net "DOB3", 0 0, o0x7f75b79f8b48;  0 drivers
o0x7f75b79f8b78 .functor BUFZ 1, C4<z>; HiZ drive
v0x555556715510_0 .net "DOB4", 0 0, o0x7f75b79f8b78;  0 drivers
o0x7f75b79f8ba8 .functor BUFZ 1, C4<z>; HiZ drive
v0x5555567155d0_0 .net "DOB5", 0 0, o0x7f75b79f8ba8;  0 drivers
o0x7f75b79f8bd8 .functor BUFZ 1, C4<z>; HiZ drive
v0x555556715690_0 .net "DOB6", 0 0, o0x7f75b79f8bd8;  0 drivers
o0x7f75b79f8c08 .functor BUFZ 1, C4<z>; HiZ drive
v0x555556715750_0 .net "DOB7", 0 0, o0x7f75b79f8c08;  0 drivers
o0x7f75b79f8c38 .functor BUFZ 1, C4<z>; HiZ drive
v0x555556715810_0 .net "DOB8", 0 0, o0x7f75b79f8c38;  0 drivers
o0x7f75b79f8c68 .functor BUFZ 1, C4<z>; HiZ drive
v0x5555567158d0_0 .net "DOB9", 0 0, o0x7f75b79f8c68;  0 drivers
o0x7f75b79f8c98 .functor BUFZ 1, C4<z>; HiZ drive
v0x555556715990_0 .net "OCEA", 0 0, o0x7f75b79f8c98;  0 drivers
o0x7f75b79f8cc8 .functor BUFZ 1, C4<z>; HiZ drive
v0x555556715a50_0 .net "OCEB", 0 0, o0x7f75b79f8cc8;  0 drivers
o0x7f75b79f8cf8 .functor BUFZ 1, C4<z>; HiZ drive
v0x555556715b10_0 .net "RSTA", 0 0, o0x7f75b79f8cf8;  0 drivers
o0x7f75b79f8d28 .functor BUFZ 1, C4<z>; HiZ drive
v0x555556715bd0_0 .net "RSTB", 0 0, o0x7f75b79f8d28;  0 drivers
o0x7f75b79f8d58 .functor BUFZ 1, C4<z>; HiZ drive
v0x555556715c90_0 .net "WEA", 0 0, o0x7f75b79f8d58;  0 drivers
o0x7f75b79f8d88 .functor BUFZ 1, C4<z>; HiZ drive
v0x555556715d50_0 .net "WEB", 0 0, o0x7f75b79f8d88;  0 drivers
S_0x5555566e8fb0 .scope module, "DPR16X4C" "DPR16X4C" 2 236;
 .timescale 0 0;
    .port_info 0 /INPUT 4 "DI";
    .port_info 1 /INPUT 1 "WCK";
    .port_info 2 /INPUT 1 "WRE";
    .port_info 3 /INPUT 4 "RAD";
    .port_info 4 /INPUT 4 "WAD";
    .port_info 5 /OUTPUT 4 "DO";
P_0x5555566fa220 .param/str "INITVAL" 0 2 245, "0x0000000000000000";
P_0x5555566fa260 .param/l "conv_initval" 1 2 275, C4<0000000000000000000000000000000000000000000000000000000000000000>;
L_0x555556725950 .functor BUFZ 4, L_0x555556725710, C4<0000>, C4<0000>, C4<0000>;
o0x7f75b79fa498 .functor BUFZ 4, C4<zzzz>; HiZ drive
v0x5555567177a0_0 .net "DI", 3 0, o0x7f75b79fa498;  0 drivers
v0x5555567178a0_0 .net "DO", 3 0, L_0x555556725950;  1 drivers
o0x7f75b79fa4f8 .functor BUFZ 4, C4<zzzz>; HiZ drive
v0x555556717980_0 .net "RAD", 3 0, o0x7f75b79fa4f8;  0 drivers
o0x7f75b79fa528 .functor BUFZ 4, C4<zzzz>; HiZ drive
v0x555556717a40_0 .net "WAD", 3 0, o0x7f75b79fa528;  0 drivers
o0x7f75b79fa558 .functor BUFZ 1, C4<z>; HiZ drive
v0x555556717b20_0 .net "WCK", 0 0, o0x7f75b79fa558;  0 drivers
o0x7f75b79fa588 .functor BUFZ 1, C4<z>; HiZ drive
v0x555556717c30_0 .net "WRE", 0 0, o0x7f75b79fa588;  0 drivers
v0x555556717cf0_0 .net *"_ivl_0", 3 0, L_0x555556725710;  1 drivers
v0x555556717dd0_0 .net *"_ivl_2", 5 0, L_0x5555567257e0;  1 drivers
L_0x7f75b79ae018 .functor BUFT 1, C4<00>, C4<0>, C4<0>, C4<0>;
v0x555556717eb0_0 .net *"_ivl_5", 1 0, L_0x7f75b79ae018;  1 drivers
v0x555556717f90_0 .var/i "i", 31 0;
v0x555556718070 .array "ram", 15 0, 3 0;
E_0x5555566041b0 .event posedge, v0x555556717b20_0;
L_0x555556725710 .array/port v0x555556718070, L_0x5555567257e0;
L_0x5555567257e0 .concat [ 4 2 0 0], o0x7f75b79fa4f8, L_0x7f75b79ae018;
S_0x555556717080 .scope function.vec4.s64, "convert_initval" "convert_initval" 2 247, 2 247 0, S_0x5555566e8fb0;
 .timescale 0 0;
v0x555556717230_0 .var "char", 7 0;
; Variable convert_initval is vec4 return value of scope S_0x555556717080
v0x555556717410_0 .var "done", 0 0;
v0x5555567174b0_0 .var "hex_initval", 143 0;
v0x555556717590_0 .var/i "i", 31 0;
v0x5555567176c0_0 .var "temp", 63 0;
TD_DPR16X4C.convert_initval ;
    %pushi/vec4 0, 0, 1;
    %store/vec4 v0x555556717410_0, 0, 1;
    %pushi/vec4 0, 0, 64;
    %store/vec4 v0x5555567176c0_0, 0, 64;
    %pushi/vec4 0, 0, 32;
    %store/vec4 v0x555556717590_0, 0, 32;
T_0.0 ;
    %load/vec4 v0x555556717590_0;
    %cmpi/s 16, 0, 32;
    %jmp/0xz T_0.1, 5;
    %load/vec4 v0x555556717410_0;
    %nor/r;
    %flag_set/vec4 8;
    %jmp/0xz  T_0.2, 8;
    %load/vec4 v0x5555567174b0_0;
    %load/vec4 v0x555556717590_0;
    %muli 8, 0, 32;
    %part/s 8;
    %store/vec4 v0x555556717230_0, 0, 8;
    %load/vec4 v0x555556717230_0;
    %pushi/vec4 120, 0, 8; draw_string_vec4
    %cmp/e;
    %jmp/0xz  T_0.4, 4;
    %pushi/vec4 1, 0, 1;
    %store/vec4 v0x555556717410_0, 0, 1;
    %jmp T_0.5;
T_0.4 ;
    %pushi/vec4 48, 0, 8; draw_string_vec4
    %load/vec4 v0x555556717230_0;
    %cmp/u;
    %flag_get/vec4 4;
    %flag_get/vec4 5;
    %or;
    %load/vec4 v0x555556717230_0;
    %pushi/vec4 57, 0, 8; draw_string_vec4
    %cmp/u;
    %flag_get/vec4 4;
    %flag_get/vec4 5;
    %or;
    %and;
    %flag_set/vec4 8;
    %jmp/0xz  T_0.6, 8;
    %load/vec4 v0x555556717230_0;
    %pushi/vec4 48, 0, 8; draw_string_vec4
    %sub;
    %pad/u 4;
    %load/vec4 v0x555556717590_0;
    %muli 4, 0, 32;
    %ix/vec4/s 4;
    %store/vec4 v0x5555567176c0_0, 4, 4;
    %jmp T_0.7;
T_0.6 ;
    %pushi/vec4 65, 0, 8; draw_string_vec4
    %load/vec4 v0x555556717230_0;
    %cmp/u;
    %flag_get/vec4 4;
    %flag_get/vec4 5;
    %or;
    %load/vec4 v0x555556717230_0;
    %pushi/vec4 70, 0, 8; draw_string_vec4
    %cmp/u;
    %flag_get/vec4 4;
    %flag_get/vec4 5;
    %or;
    %and;
    %flag_set/vec4 8;
    %jmp/0xz  T_0.8, 8;
    %pushi/vec4 10, 0, 8;
    %load/vec4 v0x555556717230_0;
    %add;
    %pushi/vec4 65, 0, 8; draw_string_vec4
    %sub;
    %pad/u 4;
    %load/vec4 v0x555556717590_0;
    %muli 4, 0, 32;
    %ix/vec4/s 4;
    %store/vec4 v0x5555567176c0_0, 4, 4;
    %jmp T_0.9;
T_0.8 ;
    %pushi/vec4 97, 0, 8; draw_string_vec4
    %load/vec4 v0x555556717230_0;
    %cmp/u;
    %flag_get/vec4 4;
    %flag_get/vec4 5;
    %or;
    %load/vec4 v0x555556717230_0;
    %pushi/vec4 102, 0, 8; draw_string_vec4
    %cmp/u;
    %flag_get/vec4 4;
    %flag_get/vec4 5;
    %or;
    %and;
    %flag_set/vec4 8;
    %jmp/0xz  T_0.10, 8;
    %pushi/vec4 10, 0, 8;
    %load/vec4 v0x555556717230_0;
    %add;
    %pushi/vec4 97, 0, 8; draw_string_vec4
    %sub;
    %pad/u 4;
    %load/vec4 v0x555556717590_0;
    %muli 4, 0, 32;
    %ix/vec4/s 4;
    %store/vec4 v0x5555567176c0_0, 4, 4;
T_0.10 ;
T_0.9 ;
T_0.7 ;
T_0.5 ;
T_0.2 ;
    %load/vec4 v0x555556717590_0;
    %addi 1, 0, 32;
    %store/vec4 v0x555556717590_0, 0, 32;
    %jmp T_0.0;
T_0.1 ;
    %load/vec4 v0x5555567176c0_0;
    %ret/vec4 0, 0, 64;  Assign to convert_initval (store_vec4_to_lval)
    %end;
S_0x5555566e9360 .scope module, "INV" "INV" 2 422;
 .timescale 0 0;
    .port_info 0 /INPUT 1 "A";
    .port_info 1 /OUTPUT 1 "Z";
o0x7f75b79fa798 .functor BUFZ 1, C4<z>; HiZ drive
v0x5555567181f0_0 .net "A", 0 0, o0x7f75b79fa798;  0 drivers
v0x5555567182d0_0 .net "Z", 0 0, L_0x555556725a10;  1 drivers
L_0x555556725a10 .reduce/nor o0x7f75b79fa798;
S_0x55555668fcb0 .scope module, "TRELLIS_DPR16X4" "TRELLIS_DPR16X4" 2 190;
 .timescale 0 0;
    .port_info 0 /INPUT 4 "DI";
    .port_info 1 /INPUT 4 "WAD";
    .port_info 2 /INPUT 1 "WRE";
    .port_info 3 /INPUT 1 "WCK";
    .port_info 4 /INPUT 4 "RAD";
    .port_info 5 /OUTPUT 4 "DO";
P_0x55555668fe40 .param/l "INITVAL" 0 2 200, C4<0000000000000000000000000000000000000000000000000000000000000000>;
P_0x55555668fe80 .param/str "WCKMUX" 0 2 198, "WCK";
P_0x55555668fec0 .param/str "WREMUX" 0 2 199, "WRE";
o0x7f75b79fa918 .functor BUFZ 1, C4<z>; HiZ drive
L_0x555556725ae0 .functor BUFZ 1, o0x7f75b79fa918, C4<0>, C4<0>, C4<0>;
L_0x555556725e20 .functor BUFZ 4, L_0x555556725bb0, C4<0000>, C4<0000>, C4<0000>;
o0x7f75b79fa858 .functor BUFZ 4, C4<zzzz>; HiZ drive
v0x555556718430_0 .net "DI", 3 0, o0x7f75b79fa858;  0 drivers
v0x555556718530_0 .net "DO", 3 0, L_0x555556725e20;  1 drivers
o0x7f75b79fa8b8 .functor BUFZ 4, C4<zzzz>; HiZ drive
v0x555556718610_0 .net "RAD", 3 0, o0x7f75b79fa8b8;  0 drivers
o0x7f75b79fa8e8 .functor BUFZ 4, C4<zzzz>; HiZ drive
v0x5555567186d0_0 .net "WAD", 3 0, o0x7f75b79fa8e8;  0 drivers
v0x5555567187b0_0 .net "WCK", 0 0, o0x7f75b79fa918;  0 drivers
o0x7f75b79fa948 .functor BUFZ 1, C4<z>; HiZ drive
v0x555556718870_0 .net "WRE", 0 0, o0x7f75b79fa948;  0 drivers
v0x555556718930_0 .net *"_ivl_2", 3 0, L_0x555556725bb0;  1 drivers
v0x555556718a10_0 .net *"_ivl_4", 5 0, L_0x555556725cb0;  1 drivers
L_0x7f75b79ae060 .functor BUFT 1, C4<00>, C4<0>, C4<0>, C4<0>;
v0x555556718af0_0 .net *"_ivl_7", 1 0, L_0x7f75b79ae060;  1 drivers
v0x555556718c60_0 .var/i "i", 31 0;
v0x555556718d40 .array "mem", 0 15, 3 0;
v0x555556718e00_0 .net "muxwck", 0 0, L_0x555556725ae0;  1 drivers
v0x555556718ec0_0 .var "muxwre", 0 0;
E_0x555556603390 .event posedge, v0x555556718e00_0;
E_0x555556635a20 .event anyedge, v0x555556718870_0;
L_0x555556725bb0 .array/port v0x555556718d40, L_0x555556725cb0;
L_0x555556725cb0 .concat [ 4 2 0 0], o0x7f75b79fa8b8, L_0x7f75b79ae060;
S_0x555556693510 .scope module, "TRELLIS_IO" "TRELLIS_IO" 2 393;
 .timescale 0 0;
    .port_info 0 /INOUT 1 "B";
    .port_info 1 /INPUT 1 "I";
    .port_info 2 /INPUT 1 "T";
    .port_info 3 /OUTPUT 1 "O";
P_0x5555566936a0 .param/str "DIR" 0 2 399, "INPUT";
o0x7f75b79fabb8 .functor BUFZ 1, C4<z>; HiZ drive
v0x555556719230_0 .net "B", 0 0, o0x7f75b79fabb8;  0 drivers
o0x7f75b79fabe8 .functor BUFZ 1, C4<z>; HiZ drive
v0x555556719310_0 .net "I", 0 0, o0x7f75b79fabe8;  0 drivers
v0x5555567193d0_0 .net "O", 0 0, L_0x555556725ee0;  1 drivers
o0x7f75b79fac48 .functor BUFZ 1, C4<z>; HiZ drive
v0x555556719470_0 .net "T", 0 0, o0x7f75b79fac48;  0 drivers
v0x555556719530_0 .var "T_pd", 0 0;
E_0x5555566f4ff0 .event anyedge, v0x555556719470_0;
S_0x555556719080 .scope generate, "genblk1" "genblk1" 2 404, 2 404 0, S_0x555556693510;
 .timescale 0 0;
L_0x555556725ee0 .functor BUFZ 1, o0x7f75b79fabb8, C4<0>, C4<0>, C4<0>;
S_0x555556693740 .scope module, "TRELLIS_SLICE" "TRELLIS_SLICE" 2 428;
 .timescale 0 0;
    .port_info 0 /INPUT 1 "A0";
    .port_info 1 /INPUT 1 "B0";
    .port_info 2 /INPUT 1 "C0";
    .port_info 3 /INPUT 1 "D0";
    .port_info 4 /INPUT 1 "A1";
    .port_info 5 /INPUT 1 "B1";
    .port_info 6 /INPUT 1 "C1";
    .port_info 7 /INPUT 1 "D1";
    .port_info 8 /INPUT 1 "M0";
    .port_info 9 /INPUT 1 "M1";
    .port_info 10 /INPUT 1 "FCI";
    .port_info 11 /INPUT 1 "FXA";
    .port_info 12 /INPUT 1 "FXB";
    .port_info 13 /INPUT 1 "CLK";
    .port_info 14 /INPUT 1 "LSR";
    .port_info 15 /INPUT 1 "CE";
    .port_info 16 /INPUT 1 "DI0";
    .port_info 17 /INPUT 1 "DI1";
    .port_info 18 /INPUT 1 "WD0";
    .port_info 19 /INPUT 1 "WD1";
    .port_info 20 /INPUT 1 "WAD0";
    .port_info 21 /INPUT 1 "WAD1";
    .port_info 22 /INPUT 1 "WAD2";
    .port_info 23 /INPUT 1 "WAD3";
    .port_info 24 /INPUT 1 "WRE";
    .port_info 25 /INPUT 1 "WCK";
    .port_info 26 /OUTPUT 1 "F0";
    .port_info 27 /OUTPUT 1 "Q0";
    .port_info 28 /OUTPUT 1 "F1";
    .port_info 29 /OUTPUT 1 "Q1";
    .port_info 30 /OUTPUT 1 "FCO";
    .port_info 31 /OUTPUT 1 "OFX0";
    .port_info 32 /OUTPUT 1 "OFX1";
    .port_info 33 /OUTPUT 1 "WDO0";
    .port_info 34 /OUTPUT 1 "WDO1";
    .port_info 35 /OUTPUT 1 "WDO2";
    .port_info 36 /OUTPUT 1 "WDO3";
    .port_info 37 /OUTPUT 1 "WADO0";
    .port_info 38 /OUTPUT 1 "WADO1";
    .port_info 39 /OUTPUT 1 "WADO2";
    .port_info 40 /OUTPUT 1 "WADO3";
P_0x5555566ff520 .param/str "A0MUX" 0 2 468, "A0";
P_0x5555566ff560 .param/str "A1MUX" 0 2 469, "A1";
P_0x5555566ff5a0 .param/str "B0MUX" 0 2 470, "B0";
P_0x5555566ff5e0 .param/str "B1MUX" 0 2 471, "B1";
P_0x5555566ff620 .param/str "C0MUX" 0 2 472, "C0";
P_0x5555566ff660 .param/str "C1MUX" 0 2 473, "C1";
P_0x5555566ff6a0 .param/str "CCU2_INJECT1_0" 0 2 463, "\000\000\000\000\000\000\000\000\000\000\000\000\000\000NO";
P_0x5555566ff6e0 .param/str "CCU2_INJECT1_1" 0 2 464, "\000\000\000\000\000\000\000\000\000\000\000\000\000\000NO";
P_0x5555566ff720 .param/str "CEMUX" 0 2 452, "\000\000\000\000\000\000\000\000\000\000\000\000\000\000\0001";
P_0x5555566ff760 .param/str "CLKMUX" 0 2 453, "CLK";
P_0x5555566ff7a0 .param/str "D0MUX" 0 2 474, "D0";
P_0x5555566ff7e0 .param/str "D1MUX" 0 2 475, "D1";
P_0x5555566ff820 .param/str "GSR" 0 2 450, "ENABLED";
P_0x5555566ff860 .param/str "LSRMUX" 0 2 454, "LSR";
P_0x5555566ff8a0 .param/l "LUT0_INITVAL" 0 2 455, C4<0000000000000000>;
P_0x5555566ff8e0 .param/l "LUT1_INITVAL" 0 2 456, C4<0000000000000000>;
P_0x5555566ff920 .param/str "MODE" 0 2 449, "LOGIC";
P_0x5555566ff960 .param/str "REG0_LSRMODE" 0 2 461, "LSR";
P_0x5555566ff9a0 .param/str "REG0_REGSET" 0 2 459, "RESET";
P_0x5555566ff9e0 .param/str "REG0_SD" 0 2 457, "0";
P_0x5555566ffa20 .param/str "REG1_LSRMODE" 0 2 462, "LSR";
P_0x5555566ffa60 .param/str "REG1_REGSET" 0 2 460, "RESET";
P_0x5555566ffaa0 .param/str "REG1_SD" 0 2 458, "0";
P_0x5555566ffae0 .param/str "SRMODE" 0 2 451, "LSR_OVER_CE";
P_0x5555566ffb20 .param/str "WCKMUX" 0 2 466, "WCK";
P_0x5555566ffb60 .param/str "WREMUX" 0 2 465, "WRE";
o0x7f75b79fae28 .functor BUFZ 1, C4<z>; HiZ drive
L_0x555556727e80 .functor BUFZ 1, o0x7f75b79fae28, C4<0>, C4<0>, C4<0>;
o0x7f75b79fb098 .functor BUFZ 1, C4<z>; HiZ drive
L_0x555556727fd0 .functor BUFZ 1, o0x7f75b79fb098, C4<0>, C4<0>, C4<0>;
o0x7f75b79fbd88 .functor BUFZ 1, C4<z>; HiZ drive
v0x555556720b70_0 .net "A0", 0 0, o0x7f75b79fbd88;  0 drivers
v0x555556720c50_0 .net "A0m", 0 0, L_0x555556725f80;  1 drivers
o0x7f75b79fbdb8 .functor BUFZ 1, C4<z>; HiZ drive
v0x555556720d40_0 .net "A1", 0 0, o0x7f75b79fbdb8;  0 drivers
v0x555556720e10_0 .net "A1m", 0 0, L_0x555556726280;  1 drivers
o0x7f75b79fbde8 .functor BUFZ 1, C4<z>; HiZ drive
v0x555556720ee0_0 .net "B0", 0 0, o0x7f75b79fbde8;  0 drivers
v0x555556720fd0_0 .net "B0m", 0 0, L_0x555556726040;  1 drivers
o0x7f75b79fbe18 .functor BUFZ 1, C4<z>; HiZ drive
v0x555556721070_0 .net "B1", 0 0, o0x7f75b79fbe18;  0 drivers
v0x555556721110_0 .net "B1m", 0 0, L_0x555556726360;  1 drivers
o0x7f75b79fbe48 .functor BUFZ 1, C4<z>; HiZ drive
v0x5555567211e0_0 .net "C0", 0 0, o0x7f75b79fbe48;  0 drivers
v0x555556721310_0 .net "C0m", 0 0, L_0x555556726100;  1 drivers
o0x7f75b79fbe78 .functor BUFZ 1, C4<z>; HiZ drive
v0x5555567213e0_0 .net "C1", 0 0, o0x7f75b79fbe78;  0 drivers
v0x555556721480_0 .net "C1m", 0 0, L_0x555556726440;  1 drivers
o0x7f75b79fad68 .functor BUFZ 1, C4<z>; HiZ drive
v0x555556721550_0 .net "CE", 0 0, o0x7f75b79fad68;  0 drivers
o0x7f75b79fad98 .functor BUFZ 1, C4<z>; HiZ drive
v0x5555567215f0_0 .net "CLK", 0 0, o0x7f75b79fad98;  0 drivers
o0x7f75b79fbea8 .functor BUFZ 1, C4<z>; HiZ drive
v0x5555567216e0_0 .net "D0", 0 0, o0x7f75b79fbea8;  0 drivers
v0x555556721780_0 .net "D0m", 0 0, L_0x5555567261c0;  1 drivers
o0x7f75b79fbed8 .functor BUFZ 1, C4<z>; HiZ drive
v0x555556721820_0 .net "D1", 0 0, o0x7f75b79fbed8;  0 drivers
v0x5555567218c0_0 .net "D1m", 0 0, L_0x555556726520;  1 drivers
o0x7f75b79fbf08 .functor BUFZ 1, C4<z>; HiZ drive
v0x555556721960_0 .net "DI0", 0 0, o0x7f75b79fbf08;  0 drivers
o0x7f75b79fbf38 .functor BUFZ 1, C4<z>; HiZ drive
v0x555556721a00_0 .net "DI1", 0 0, o0x7f75b79fbf38;  0 drivers
v0x555556721aa0_0 .net "F0", 0 0, L_0x555556726ff0;  1 drivers
v0x555556721b90_0 .net "F1", 0 0, L_0x555556727ac0;  1 drivers
o0x7f75b79fbf68 .functor BUFZ 1, C4<z>; HiZ drive
v0x555556721c80_0 .net "FCI", 0 0, o0x7f75b79fbf68;  0 drivers
o0x7f75b79fbf98 .functor BUFZ 1, C4<z>; HiZ drive
v0x555556721d20_0 .net "FCO", 0 0, o0x7f75b79fbf98;  0 drivers
o0x7f75b79fbba8 .functor BUFZ 1, C4<z>; HiZ drive
v0x555556721de0_0 .net "FXA", 0 0, o0x7f75b79fbba8;  0 drivers
o0x7f75b79fbbd8 .functor BUFZ 1, C4<z>; HiZ drive
v0x555556721e80_0 .net "FXB", 0 0, o0x7f75b79fbbd8;  0 drivers
o0x7f75b79fadf8 .functor BUFZ 1, C4<z>; HiZ drive
v0x555556721f20_0 .net "LSR", 0 0, o0x7f75b79fadf8;  0 drivers
v0x555556722010_0 .net "M0", 0 0, o0x7f75b79fae28;  0 drivers
v0x555556722100_0 .net "M1", 0 0, o0x7f75b79fb098;  0 drivers
v0x5555567221f0_0 .net "OFX0", 0 0, L_0x555556727c10;  1 drivers
v0x555556722290_0 .net "OFX1", 0 0, L_0x555556727d90;  1 drivers
v0x555556722330_0 .net "Q0", 0 0, v0x55555671a8e0_0;  1 drivers
v0x5555567223d0_0 .net "Q1", 0 0, v0x55555671c1f0_0;  1 drivers
o0x7f75b79fbfc8 .functor BUFZ 1, C4<z>; HiZ drive
v0x5555567224a0_0 .net "WAD0", 0 0, o0x7f75b79fbfc8;  0 drivers
o0x7f75b79fbff8 .functor BUFZ 1, C4<z>; HiZ drive
v0x555556722540_0 .net "WAD1", 0 0, o0x7f75b79fbff8;  0 drivers
o0x7f75b79fc028 .functor BUFZ 1, C4<z>; HiZ drive
v0x5555567225e0_0 .net "WAD2", 0 0, o0x7f75b79fc028;  0 drivers
o0x7f75b79fc058 .functor BUFZ 1, C4<z>; HiZ drive
v0x555556722680_0 .net "WAD3", 0 0, o0x7f75b79fc058;  0 drivers
o0x7f75b79fc088 .functor BUFZ 1, C4<z>; HiZ drive
v0x555556722720_0 .net "WADO0", 0 0, o0x7f75b79fc088;  0 drivers
o0x7f75b79fc0b8 .functor BUFZ 1, C4<z>; HiZ drive
v0x5555567227c0_0 .net "WADO1", 0 0, o0x7f75b79fc0b8;  0 drivers
o0x7f75b79fc0e8 .functor BUFZ 1, C4<z>; HiZ drive
v0x555556722860_0 .net "WADO2", 0 0, o0x7f75b79fc0e8;  0 drivers
o0x7f75b79fc118 .functor BUFZ 1, C4<z>; HiZ drive
v0x555556722920_0 .net "WADO3", 0 0, o0x7f75b79fc118;  0 drivers
o0x7f75b79fc148 .functor BUFZ 1, C4<z>; HiZ drive
v0x5555567229e0_0 .net "WCK", 0 0, o0x7f75b79fc148;  0 drivers
o0x7f75b79fc178 .functor BUFZ 1, C4<z>; HiZ drive
v0x555556722aa0_0 .net "WD0", 0 0, o0x7f75b79fc178;  0 drivers
o0x7f75b79fc1a8 .functor BUFZ 1, C4<z>; HiZ drive
v0x555556722b60_0 .net "WD1", 0 0, o0x7f75b79fc1a8;  0 drivers
o0x7f75b79fc1d8 .functor BUFZ 1, C4<z>; HiZ drive
v0x555556722c20_0 .net "WDO0", 0 0, o0x7f75b79fc1d8;  0 drivers
o0x7f75b79fc208 .functor BUFZ 1, C4<z>; HiZ drive
v0x555556722ce0_0 .net "WDO1", 0 0, o0x7f75b79fc208;  0 drivers
o0x7f75b79fc238 .functor BUFZ 1, C4<z>; HiZ drive
v0x555556722da0_0 .net "WDO2", 0 0, o0x7f75b79fc238;  0 drivers
o0x7f75b79fc268 .functor BUFZ 1, C4<z>; HiZ drive
v0x555556722e60_0 .net "WDO3", 0 0, o0x7f75b79fc268;  0 drivers
o0x7f75b79fc298 .functor BUFZ 1, C4<z>; HiZ drive
v0x555556722f20_0 .net "WRE", 0 0, o0x7f75b79fc298;  0 drivers
v0x555556722fe0_0 .net "muxdi0", 0 0, L_0x555556727e80;  1 drivers
v0x5555567230b0_0 .net "muxdi1", 0 0, L_0x555556727fd0;  1 drivers
S_0x5555567196c0 .scope module, "ff_0" "TRELLIS_FF" 2 581, 2 311 0, S_0x555556693740;
 .timescale 0 0;
    .port_info 0 /INPUT 1 "CLK";
    .port_info 1 /INPUT 1 "LSR";
    .port_info 2 /INPUT 1 "CE";
    .port_info 3 /INPUT 1 "DI";
    .port_info 4 /INPUT 1 "M";
    .port_info 5 /OUTPUT 1 "Q";
P_0x5555565ca320 .param/str "CEMUX" 0 2 313, "\000\000\000\000\000\000\000\000\000\000\000\000\000\000\0001";
P_0x5555565ca360 .param/str "CLKMUX" 0 2 314, "CLK";
P_0x5555565ca3a0 .param/str "GSR" 0 2 312, "ENABLED";
P_0x5555565ca3e0 .param/l "LSRMODE" 0 2 318, C4<00000000000000000000000000000000000000000000000000000000000000000000000000000000000000000000000000000000010011000101001101010010>;
P_0x5555565ca420 .param/str "LSRMUX" 0 2 315, "LSR";
P_0x5555565ca460 .param/str "REGSET" 0 2 317, "RESET";
P_0x5555565ca4a0 .param/str "SRMODE" 0 2 316, "LSR_OVER_CE";
L_0x5555567280d0 .functor BUFZ 1, o0x7f75b79fadf8, C4<0>, C4<0>, C4<0>;
L_0x555556728140 .functor BUFZ 1, o0x7f75b79fad98, C4<0>, C4<0>, C4<0>;
v0x55555671a4f0_0 .net "CE", 0 0, o0x7f75b79fad68;  alias, 0 drivers
v0x55555671a5b0_0 .net "CLK", 0 0, o0x7f75b79fad98;  alias, 0 drivers
v0x55555671a670_0 .net "DI", 0 0, L_0x555556727e80;  alias, 1 drivers
v0x55555671a710_0 .net "LSR", 0 0, o0x7f75b79fadf8;  alias, 0 drivers
v0x55555671a7d0_0 .net "M", 0 0, o0x7f75b79fae28;  alias, 0 drivers
v0x55555671a8e0_0 .var "Q", 0 0;
L_0x7f75b79ae1c8 .functor BUFT 1, C4<1>, C4<0>, C4<0>, C4<0>;
v0x55555671a9a0_0 .net "muxce", 0 0, L_0x7f75b79ae1c8;  1 drivers
v0x55555671aa60_0 .net "muxclk", 0 0, L_0x555556728140;  1 drivers
v0x55555671ab20_0 .net "muxlsr", 0 0, L_0x5555567280d0;  1 drivers
L_0x7f75b79ae210 .functor BUFT 1, C4<0>, C4<0>, C4<0>, C4<0>;
v0x55555671ac70_0 .net "srval", 0 0, L_0x7f75b79ae210;  1 drivers
S_0x555556719d60 .scope generate, "genblk1" "genblk1" 2 322, 2 322 0, S_0x5555567196c0;
 .timescale 0 0;
S_0x555556719f10 .scope generate, "genblk3" "genblk3" 2 334, 2 334 0, S_0x5555567196c0;
 .timescale 0 0;
S_0x55555671a110 .scope generate, "genblk5" "genblk5" 2 343, 2 343 0, S_0x5555567196c0;
 .timescale 0 0;
E_0x555556642c70 .event posedge, v0x55555671aa60_0;
S_0x55555671a310 .scope generate, "genblk7" "genblk7" 2 360, 2 360 0, S_0x5555567196c0;
 .timescale 0 0;
S_0x55555671adf0 .scope module, "ff_1" "TRELLIS_FF" 2 594, 2 311 0, S_0x555556693740;
 .timescale 0 0;
    .port_info 0 /INPUT 1 "CLK";
    .port_info 1 /INPUT 1 "LSR";
    .port_info 2 /INPUT 1 "CE";
    .port_info 3 /INPUT 1 "DI";
    .port_info 4 /INPUT 1 "M";
    .port_info 5 /OUTPUT 1 "Q";
P_0x55555671afa0 .param/str "CEMUX" 0 2 313, "\000\000\000\000\000\000\000\000\000\000\000\000\000\000\0001";
P_0x55555671afe0 .param/str "CLKMUX" 0 2 314, "CLK";
P_0x55555671b020 .param/str "GSR" 0 2 312, "ENABLED";
P_0x55555671b060 .param/l "LSRMODE" 0 2 318, C4<00000000000000000000000000000000000000000000000000000000000000000000000000000000000000000000000000000000010011000101001101010010>;
P_0x55555671b0a0 .param/str "LSRMUX" 0 2 315, "LSR";
P_0x55555671b0e0 .param/str "REGSET" 0 2 317, "RESET";
P_0x55555671b120 .param/str "SRMODE" 0 2 316, "LSR_OVER_CE";
L_0x555556728240 .functor BUFZ 1, o0x7f75b79fadf8, C4<0>, C4<0>, C4<0>;
L_0x555556728340 .functor BUFZ 1, o0x7f75b79fad98, C4<0>, C4<0>, C4<0>;
v0x55555671bdf0_0 .net "CE", 0 0, o0x7f75b79fad68;  alias, 0 drivers
v0x55555671be90_0 .net "CLK", 0 0, o0x7f75b79fad98;  alias, 0 drivers
v0x55555671bf60_0 .net "DI", 0 0, L_0x555556727fd0;  alias, 1 drivers
v0x55555671c030_0 .net "LSR", 0 0, o0x7f75b79fadf8;  alias, 0 drivers
v0x55555671c100_0 .net "M", 0 0, o0x7f75b79fb098;  alias, 0 drivers
v0x55555671c1f0_0 .var "Q", 0 0;
L_0x7f75b79ae258 .functor BUFT 1, C4<1>, C4<0>, C4<0>, C4<0>;
v0x55555671c290_0 .net "muxce", 0 0, L_0x7f75b79ae258;  1 drivers
v0x55555671c330_0 .net "muxclk", 0 0, L_0x555556728340;  1 drivers
v0x55555671c3f0_0 .net "muxlsr", 0 0, L_0x555556728240;  1 drivers
L_0x7f75b79ae2a0 .functor BUFT 1, C4<0>, C4<0>, C4<0>, C4<0>;
v0x55555671c540_0 .net "srval", 0 0, L_0x7f75b79ae2a0;  1 drivers
S_0x55555671b660 .scope generate, "genblk1" "genblk1" 2 322, 2 322 0, S_0x55555671adf0;
 .timescale 0 0;
S_0x55555671b810 .scope generate, "genblk3" "genblk3" 2 334, 2 334 0, S_0x55555671adf0;
 .timescale 0 0;
S_0x55555671ba10 .scope generate, "genblk5" "genblk5" 2 343, 2 343 0, S_0x55555671adf0;
 .timescale 0 0;
E_0x5555566e8000 .event posedge, v0x55555671c330_0;
S_0x55555671bc10 .scope generate, "genblk7" "genblk7" 2 360, 2 360 0, S_0x55555671adf0;
 .timescale 0 0;
S_0x55555671c700 .scope generate, "genblk10" "genblk10" 2 485, 2 485 0, S_0x555556693740;
 .timescale 0 0;
L_0x555556726280 .functor BUFZ 1, o0x7f75b79fbdb8, C4<0>, C4<0>, C4<0>;
S_0x55555671c890 .scope generate, "genblk12" "genblk12" 2 486, 2 486 0, S_0x555556693740;
 .timescale 0 0;
L_0x555556726360 .functor BUFZ 1, o0x7f75b79fbe18, C4<0>, C4<0>, C4<0>;
S_0x55555671ca70 .scope generate, "genblk14" "genblk14" 2 487, 2 487 0, S_0x555556693740;
 .timescale 0 0;
L_0x555556726440 .functor BUFZ 1, o0x7f75b79fbe78, C4<0>, C4<0>, C4<0>;
S_0x55555671cca0 .scope generate, "genblk16" "genblk16" 2 488, 2 488 0, S_0x555556693740;
 .timescale 0 0;
L_0x555556726520 .functor BUFZ 1, o0x7f75b79fbed8, C4<0>, C4<0>, C4<0>;
S_0x55555671ce80 .scope generate, "genblk17" "genblk17" 2 503, 2 503 0, S_0x555556693740;
 .timescale 0 0;
S_0x55555671d060 .scope module, "lut4_0" "LUT4" 2 507, 2 4 0, S_0x55555671ce80;
 .timescale 0 0;
    .port_info 0 /INPUT 1 "A";
    .port_info 1 /INPUT 1 "B";
    .port_info 2 /INPUT 1 "C";
    .port_info 3 /INPUT 1 "D";
    .port_info 4 /OUTPUT 1 "Z";
P_0x55555671d240 .param/l "INIT" 0 2 5, C4<0000000000000000>;
v0x55555671d370_0 .net "A", 0 0, L_0x555556725f80;  alias, 1 drivers
v0x55555671d430_0 .net "B", 0 0, L_0x555556726040;  alias, 1 drivers
v0x55555671d4f0_0 .net "C", 0 0, L_0x555556726100;  alias, 1 drivers
v0x55555671d5c0_0 .net "D", 0 0, L_0x5555567261c0;  alias, 1 drivers
v0x55555671d680_0 .net "Z", 0 0, L_0x555556726ff0;  alias, 1 drivers
L_0x7f75b79ae0a8 .functor BUFT 1, C4<00000000>, C4<0>, C4<0>, C4<0>;
v0x55555671d740_0 .net/2u *"_ivl_0", 7 0, L_0x7f75b79ae0a8;  1 drivers
v0x55555671d820_0 .net *"_ivl_13", 1 0, L_0x555556726b00;  1 drivers
v0x55555671d900_0 .net *"_ivl_15", 1 0, L_0x555556726bf0;  1 drivers
v0x55555671d9e0_0 .net *"_ivl_19", 0 0, L_0x555556726e10;  1 drivers
L_0x7f75b79ae0f0 .functor BUFT 1, C4<00000000>, C4<0>, C4<0>, C4<0>;
v0x55555671db50_0 .net/2u *"_ivl_2", 7 0, L_0x7f75b79ae0f0;  1 drivers
v0x55555671dc30_0 .net *"_ivl_21", 0 0, L_0x555556726f50;  1 drivers
v0x55555671dd10_0 .net *"_ivl_7", 3 0, L_0x555556726800;  1 drivers
v0x55555671ddf0_0 .net *"_ivl_9", 3 0, L_0x5555567268f0;  1 drivers
v0x55555671ded0_0 .net "s1", 1 0, L_0x555556726cd0;  1 drivers
v0x55555671dfb0_0 .net "s2", 3 0, L_0x555556726990;  1 drivers
v0x55555671e090_0 .net "s3", 7 0, L_0x555556726690;  1 drivers
L_0x555556726690 .functor MUXZ 8, L_0x7f75b79ae0f0, L_0x7f75b79ae0a8, L_0x5555567261c0, C4<>;
L_0x555556726800 .part L_0x555556726690, 4, 4;
L_0x5555567268f0 .part L_0x555556726690, 0, 4;
L_0x555556726990 .functor MUXZ 4, L_0x5555567268f0, L_0x555556726800, L_0x555556726100, C4<>;
L_0x555556726b00 .part L_0x555556726990, 2, 2;
L_0x555556726bf0 .part L_0x555556726990, 0, 2;
L_0x555556726cd0 .functor MUXZ 2, L_0x555556726bf0, L_0x555556726b00, L_0x555556726040, C4<>;
L_0x555556726e10 .part L_0x555556726cd0, 1, 1;
L_0x555556726f50 .part L_0x555556726cd0, 0, 1;
L_0x555556726ff0 .functor MUXZ 1, L_0x555556726f50, L_0x555556726e10, L_0x555556725f80, C4<>;
S_0x55555671e210 .scope module, "lut4_1" "LUT4" 2 513, 2 4 0, S_0x55555671ce80;
 .timescale 0 0;
    .port_info 0 /INPUT 1 "A";
    .port_info 1 /INPUT 1 "B";
    .port_info 2 /INPUT 1 "C";
    .port_info 3 /INPUT 1 "D";
    .port_info 4 /OUTPUT 1 "Z";
P_0x55555671e3c0 .param/l "INIT" 0 2 5, C4<0000000000000000>;
v0x55555671e510_0 .net "A", 0 0, L_0x555556726280;  alias, 1 drivers
v0x55555671e5d0_0 .net "B", 0 0, L_0x555556726360;  alias, 1 drivers
v0x55555671e690_0 .net "C", 0 0, L_0x555556726440;  alias, 1 drivers
v0x55555671e760_0 .net "D", 0 0, L_0x555556726520;  alias, 1 drivers
v0x55555671e820_0 .net "Z", 0 0, L_0x555556727ac0;  alias, 1 drivers
L_0x7f75b79ae138 .functor BUFT 1, C4<00000000>, C4<0>, C4<0>, C4<0>;
v0x55555671e8e0_0 .net/2u *"_ivl_0", 7 0, L_0x7f75b79ae138;  1 drivers
v0x55555671e9c0_0 .net *"_ivl_13", 1 0, L_0x5555567275d0;  1 drivers
v0x55555671eaa0_0 .net *"_ivl_15", 1 0, L_0x5555567276c0;  1 drivers
v0x55555671eb80_0 .net *"_ivl_19", 0 0, L_0x5555567278e0;  1 drivers
L_0x7f75b79ae180 .functor BUFT 1, C4<00000000>, C4<0>, C4<0>, C4<0>;
v0x55555671ecf0_0 .net/2u *"_ivl_2", 7 0, L_0x7f75b79ae180;  1 drivers
v0x55555671edd0_0 .net *"_ivl_21", 0 0, L_0x555556727a20;  1 drivers
v0x55555671eeb0_0 .net *"_ivl_7", 3 0, L_0x5555567272d0;  1 drivers
v0x55555671ef90_0 .net *"_ivl_9", 3 0, L_0x5555567273c0;  1 drivers
v0x55555671f070_0 .net "s1", 1 0, L_0x5555567277a0;  1 drivers
v0x55555671f150_0 .net "s2", 3 0, L_0x555556727460;  1 drivers
v0x55555671f230_0 .net "s3", 7 0, L_0x555556727190;  1 drivers
L_0x555556727190 .functor MUXZ 8, L_0x7f75b79ae180, L_0x7f75b79ae138, L_0x555556726520, C4<>;
L_0x5555567272d0 .part L_0x555556727190, 4, 4;
L_0x5555567273c0 .part L_0x555556727190, 0, 4;
L_0x555556727460 .functor MUXZ 4, L_0x5555567273c0, L_0x5555567272d0, L_0x555556726440, C4<>;
L_0x5555567275d0 .part L_0x555556727460, 2, 2;
L_0x5555567276c0 .part L_0x555556727460, 0, 2;
L_0x5555567277a0 .functor MUXZ 2, L_0x5555567276c0, L_0x5555567275d0, L_0x555556726360, C4<>;
L_0x5555567278e0 .part L_0x5555567277a0, 1, 1;
L_0x555556727a20 .part L_0x5555567277a0, 0, 1;
L_0x555556727ac0 .functor MUXZ 1, L_0x555556727a20, L_0x5555567278e0, L_0x555556726280, C4<>;
S_0x55555671f3b0 .scope module, "lut5_mux" "PFUMX" 2 518, 2 179 0, S_0x55555671ce80;
 .timescale 0 0;
    .port_info 0 /INPUT 1 "ALUT";
    .port_info 1 /INPUT 1 "BLUT";
    .port_info 2 /INPUT 1 "C0";
    .port_info 3 /OUTPUT 1 "Z";
v0x55555671f5b0_0 .net "ALUT", 0 0, L_0x555556727ac0;  alias, 1 drivers
v0x55555671f680_0 .net "BLUT", 0 0, L_0x555556726ff0;  alias, 1 drivers
v0x55555671f750_0 .net "C0", 0 0, o0x7f75b79fae28;  alias, 0 drivers
v0x55555671f850_0 .net "Z", 0 0, L_0x555556727c10;  alias, 1 drivers
L_0x555556727c10 .functor MUXZ 1, L_0x555556726ff0, L_0x555556727ac0, o0x7f75b79fae28, C4<>;
S_0x55555671f940 .scope module, "lutx_mux" "L6MUX21" 2 519, 2 65 0, S_0x55555671ce80;
 .timescale 0 0;
    .port_info 0 /INPUT 1 "D0";
    .port_info 1 /INPUT 1 "D1";
    .port_info 2 /INPUT 1 "SD";
    .port_info 3 /OUTPUT 1 "Z";
v0x55555671fb80_0 .net "D0", 0 0, o0x7f75b79fbba8;  alias, 0 drivers
v0x55555671fc40_0 .net "D1", 0 0, o0x7f75b79fbbd8;  alias, 0 drivers
v0x55555671fd00_0 .net "SD", 0 0, o0x7f75b79fb098;  alias, 0 drivers
v0x55555671fe00_0 .net "Z", 0 0, L_0x555556727d90;  alias, 1 drivers
L_0x555556727d90 .functor MUXZ 1, o0x7f75b79fbba8, o0x7f75b79fbbd8, o0x7f75b79fb098, C4<>;
S_0x55555671ff30 .scope generate, "genblk2" "genblk2" 2 481, 2 481 0, S_0x555556693740;
 .timescale 0 0;
L_0x555556725f80 .functor BUFZ 1, o0x7f75b79fbd88, C4<0>, C4<0>, C4<0>;
S_0x555556720110 .scope generate, "genblk4" "genblk4" 2 482, 2 482 0, S_0x555556693740;
 .timescale 0 0;
L_0x555556726040 .functor BUFZ 1, o0x7f75b79fbde8, C4<0>, C4<0>, C4<0>;
S_0x555556720380 .scope generate, "genblk6" "genblk6" 2 483, 2 483 0, S_0x555556693740;
 .timescale 0 0;
L_0x555556726100 .functor BUFZ 1, o0x7f75b79fbe48, C4<0>, C4<0>, C4<0>;
S_0x555556720510 .scope generate, "genblk8" "genblk8" 2 484, 2 484 0, S_0x555556693740;
 .timescale 0 0;
L_0x5555567261c0 .functor BUFZ 1, o0x7f75b79fbea8, C4<0>, C4<0>, C4<0>;
S_0x5555567206f0 .scope function.vec4.s16, "permute_initval" "permute_initval" 2 492, 2 492 0, S_0x555556693740;
 .timescale 0 0;
v0x5555567208d0_0 .var/i "i", 31 0;
v0x5555567209d0_0 .var "initval", 15 0;
; Variable permute_initval is vec4 return value of scope S_0x5555567206f0
TD_TRELLIS_SLICE.permute_initval ;
    %pushi/vec4 0, 0, 32;
    %store/vec4 v0x5555567208d0_0, 0, 32;
T_1.12 ;
    %load/vec4 v0x5555567208d0_0;
    %cmpi/s 16, 0, 32;
    %jmp/0xz T_1.13, 5;
    %load/vec4 v0x5555567209d0_0;
    %load/vec4 v0x5555567208d0_0;
    %part/s 1;
    %load/vec4 v0x5555567208d0_0;
    %parti/s 1, 0, 2;
    %load/vec4 v0x5555567208d0_0;
    %parti/s 1, 2, 3;
    %concat/vec4; draw_concat_vec4
    %load/vec4 v0x5555567208d0_0;
    %parti/s 1, 1, 2;
    %concat/vec4; draw_concat_vec4
    %load/vec4 v0x5555567208d0_0;
    %parti/s 1, 3, 3;
    %concat/vec4; draw_concat_vec4
    %ix/vec4 4;
    %ret/vec4 0, 4, 1; Assign to permute_initval (store_vec4_to_lval)
    %load/vec4 v0x5555567208d0_0;
    %addi 1, 0, 32;
    %store/vec4 v0x5555567208d0_0, 0, 32;
    %jmp T_1.12;
T_1.13 ;
    %end;
S_0x555556696ef0 .scope module, "clk_div_tb" "clk_div_tb" 3 4;
 .timescale -9 -12;
P_0x5555566e80e0 .param/l "DURATION" 0 3 6, +C4<00000000000000011000011010100000>;
L_0x7f75b79ae2e8 .functor BUFT 1, C4<0>, C4<0>, C4<0>, C4<0>;
v0x555556724180_0 .net *"_ivl_3", 0 0, L_0x7f75b79ae2e8;  1 drivers
v0x555556724280_0 .var "clk", 0 0;
v0x555556724340_0 .var "cmp", 9 0;
v0x555556724440_0 .net "out", 1 0, L_0x555556728440;  1 drivers
v0x5555567244e0_0 .var "rst", 0 0;
L_0x555556728440 .concat [ 1 1 0 0], v0x555556723f30_0, L_0x7f75b79ae2e8;
S_0x5555567237b0 .scope module, "UUT" "pwm" 3 12, 4 1 0, S_0x555556696ef0;
 .timescale -9 -12;
    .port_info 0 /INPUT 1 "clk";
    .port_info 1 /INPUT 1 "reset";
    .port_info 2 /INPUT 10 "cmp";
    .port_info 3 /OUTPUT 1 "pwm";
P_0x5555567239b0 .param/l "PWM_CNT" 0 4 1, +C4<00000000000000000000000000001010>;
v0x555556723ba0_0 .net "clk", 0 0, v0x555556724280_0;  1 drivers
v0x555556723c80_0 .net "cmp", 9 0, v0x555556724340_0;  1 drivers
v0x555556723d60_0 .var "cnt_a", 9 0;
v0x555556723e50_0 .var "cnt_b", 9 0;
v0x555556723f30_0 .var "pwm", 0 0;
v0x555556724040_0 .net "reset", 0 0, v0x5555567244e0_0;  1 drivers
E_0x555556723b20 .event posedge, v0x555556723ba0_0;
S_0x5555566ffbb0 .scope module, "top_level" "top_level" 5 1;
 .timescale -9 -12;
    .port_info 0 /INPUT 1 "clk";
    .port_info 1 /INPUT 1 "reset";
    .port_info 2 /OUTPUT 2 "out";
o0x7f75b79fccb8 .functor BUFZ 1, C4<z>; HiZ drive
v0x5555567253f0_0 .net "clk", 0 0, o0x7f75b79fccb8;  0 drivers
v0x5555567254e0_0 .net "out", 1 0, L_0x5555567284e0;  1 drivers
o0x7f75b79fcd48 .functor BUFZ 1, C4<z>; HiZ drive
v0x5555567255c0_0 .net "reset", 0 0, o0x7f75b79fcd48;  0 drivers
L_0x5555567284e0 .concat8 [ 1 1 0 0], v0x555556724b10_0, v0x5555567251f0_0;
S_0x5555567245d0 .scope module, "div1" "clk_div" 5 8, 6 1 0, S_0x5555566ffbb0;
 .timescale 0 0;
    .port_info 0 /INPUT 1 "clk";
    .port_info 1 /INPUT 1 "rst";
    .port_info 2 /OUTPUT 1 "out";
P_0x5555567247b0 .param/l "CNT" 0 6 2, +C4<00000010000000000000000000000000>;
v0x555556724950_0 .net "clk", 0 0, o0x7f75b79fccb8;  alias, 0 drivers
v0x555556724a30_0 .var "cnt", 32 0;
v0x555556724b10_0 .var "out", 0 0;
v0x555556724be0_0 .net "rst", 0 0, o0x7f75b79fcd48;  alias, 0 drivers
E_0x5555567248d0 .event posedge, v0x555556724be0_0, v0x555556724950_0;
S_0x555556724d20 .scope module, "div2" "clk_div" 5 14, 6 1 0, S_0x5555566ffbb0;
 .timescale 0 0;
    .port_info 0 /INPUT 1 "clk";
    .port_info 1 /INPUT 1 "rst";
    .port_info 2 /OUTPUT 1 "out";
P_0x555556724f00 .param/l "CNT" 0 6 2, +C4<0000000000000000000000000000000000000100000000000000000000000000>;
v0x555556725040_0 .net "clk", 0 0, o0x7f75b79fccb8;  alias, 0 drivers
v0x555556725130_0 .var "cnt", 32 0;
v0x5555567251f0_0 .var "out", 0 0;
v0x5555567252c0_0 .net "rst", 0 0, o0x7f75b79fcd48;  alias, 0 drivers
    .scope S_0x5555566e8fb0;
T_2 ;
    %pushi/vec4 0, 0, 32;
    %store/vec4 v0x555556717f90_0, 0, 32;
T_2.0 ;
    %load/vec4 v0x555556717f90_0;
    %cmpi/s 15, 0, 32;
    %jmp/0xz T_2.1, 5;
    %pushi/vec4 0, 0, 64;
    %load/vec4 v0x555556717f90_0;
    %muli 4, 0, 32;
    %part/s 4;
    %ix/getv/s 3, v0x555556717f90_0;
    %ix/load 4, 0, 0; Constant delay
    %assign/vec4/a/d v0x555556718070, 0, 4;
    %load/vec4 v0x555556717f90_0;
    %addi 1, 0, 32;
    %store/vec4 v0x555556717f90_0, 0, 32;
    %jmp T_2.0;
T_2.1 ;
    %end;
    .thread T_2;
    .scope S_0x5555566e8fb0;
T_3 ;
    %wait E_0x5555566041b0;
    %load/vec4 v0x555556717c30_0;
    %flag_set/vec4 8;
    %jmp/0xz  T_3.0, 8;
    %load/vec4 v0x5555567177a0_0;
    %load/vec4 v0x555556717a40_0;
    %pad/u 6;
    %ix/vec4 3;
    %ix/load 4, 0, 0; Constant delay
    %assign/vec4/a/d v0x555556718070, 0, 4;
T_3.0 ;
    %jmp T_3;
    .thread T_3;
    .scope S_0x55555668fcb0;
T_4 ;
    %pushi/vec4 0, 0, 32;
    %store/vec4 v0x555556718c60_0, 0, 32;
T_4.0 ;
    %load/vec4 v0x555556718c60_0;
    %cmpi/s 16, 0, 32;
    %jmp/0xz T_4.1, 5;
    %pushi/vec4 0, 0, 64;
    %load/vec4 v0x555556718c60_0;
    %addi 3, 0, 32;
    %part/s 1;
    %pushi/vec4 0, 0, 64;
    %load/vec4 v0x555556718c60_0;
    %addi 2, 0, 32;
    %part/s 1;
    %concat/vec4; draw_concat_vec4
    %pushi/vec4 0, 0, 64;
    %load/vec4 v0x555556718c60_0;
    %addi 1, 0, 32;
    %part/s 1;
    %concat/vec4; draw_concat_vec4
    %pushi/vec4 0, 0, 64;
    %load/vec4 v0x555556718c60_0;
    %part/s 1;
    %concat/vec4; draw_concat_vec4
    %ix/getv/s 3, v0x555556718c60_0;
    %ix/load 4, 0, 0; Constant delay
    %assign/vec4/a/d v0x555556718d40, 0, 4;
    %load/vec4 v0x555556718c60_0;
    %addi 1, 0, 32;
    %store/vec4 v0x555556718c60_0, 0, 32;
    %jmp T_4.0;
T_4.1 ;
    %end;
    .thread T_4;
    .scope S_0x55555668fcb0;
T_5 ;
    %wait E_0x555556635a20;
    %pushi/vec4 5722693, 0, 24; draw_string_vec4
    %dup/vec4;
    %pushi/vec4 49, 0, 24; draw_string_vec4
    %cmp/u;
    %jmp/1 T_5.0, 6;
    %dup/vec4;
    %pushi/vec4 48, 0, 24; draw_string_vec4
    %cmp/u;
    %jmp/1 T_5.1, 6;
    %dup/vec4;
    %pushi/vec4 4804182, 0, 24; draw_string_vec4
    %cmp/u;
    %jmp/1 T_5.2, 6;
    %load/vec4 v0x555556718870_0;
    %store/vec4 v0x555556718ec0_0, 0, 1;
    %jmp T_5.4;
T_5.0 ;
    %pushi/vec4 1, 0, 1;
    %store/vec4 v0x555556718ec0_0, 0, 1;
    %jmp T_5.4;
T_5.1 ;
    %pushi/vec4 0, 0, 1;
    %store/vec4 v0x555556718ec0_0, 0, 1;
    %jmp T_5.4;
T_5.2 ;
    %load/vec4 v0x555556718870_0;
    %inv;
    %store/vec4 v0x555556718ec0_0, 0, 1;
    %jmp T_5.4;
T_5.4 ;
    %pop/vec4 1;
    %jmp T_5;
    .thread T_5, $push;
    .scope S_0x55555668fcb0;
T_6 ;
    %wait E_0x555556603390;
    %load/vec4 v0x555556718ec0_0;
    %flag_set/vec4 8;
    %jmp/0xz  T_6.0, 8;
    %load/vec4 v0x555556718430_0;
    %load/vec4 v0x5555567186d0_0;
    %pad/u 6;
    %ix/vec4 3;
    %ix/load 4, 0, 0; Constant delay
    %assign/vec4/a/d v0x555556718d40, 0, 4;
T_6.0 ;
    %jmp T_6;
    .thread T_6;
    .scope S_0x555556693510;
T_7 ;
    %wait E_0x5555566f4ff0;
    %load/vec4 v0x555556719470_0;
    %cmpi/e 0, 1, 1;
    %jmp/0xz  T_7.0, 6;
    %pushi/vec4 0, 0, 1;
    %assign/vec4 v0x555556719530_0, 0;
    %jmp T_7.1;
T_7.0 ;
    %load/vec4 v0x555556719470_0;
    %assign/vec4 v0x555556719530_0, 0;
T_7.1 ;
    %jmp T_7;
    .thread T_7, $push;
    .scope S_0x55555671a110;
T_8 ;
    %wait E_0x555556642c70;
    %load/vec4 v0x55555671ab20_0;
    %flag_set/vec4 8;
    %jmp/0xz  T_8.0, 8;
    %load/vec4 v0x55555671ac70_0;
    %assign/vec4 v0x55555671a8e0_0, 0;
    %jmp T_8.1;
T_8.0 ;
    %load/vec4 v0x55555671a9a0_0;
    %flag_set/vec4 8;
    %jmp/0xz  T_8.2, 8;
    %load/vec4 v0x55555671a670_0;
    %assign/vec4 v0x55555671a8e0_0, 0;
T_8.2 ;
T_8.1 ;
    %jmp T_8;
    .thread T_8;
    .scope S_0x5555567196c0;
T_9 ;
    %load/vec4 v0x55555671ac70_0;
    %store/vec4 v0x55555671a8e0_0, 0, 1;
    %end;
    .thread T_9;
    .scope S_0x55555671ba10;
T_10 ;
    %wait E_0x5555566e8000;
    %load/vec4 v0x55555671c3f0_0;
    %flag_set/vec4 8;
    %jmp/0xz  T_10.0, 8;
    %load/vec4 v0x55555671c540_0;
    %assign/vec4 v0x55555671c1f0_0, 0;
    %jmp T_10.1;
T_10.0 ;
    %load/vec4 v0x55555671c290_0;
    %flag_set/vec4 8;
    %jmp/0xz  T_10.2, 8;
    %load/vec4 v0x55555671bf60_0;
    %assign/vec4 v0x55555671c1f0_0, 0;
T_10.2 ;
T_10.1 ;
    %jmp T_10;
    .thread T_10;
    .scope S_0x55555671adf0;
T_11 ;
    %load/vec4 v0x55555671c540_0;
    %store/vec4 v0x55555671c1f0_0, 0, 1;
    %end;
    .thread T_11;
    .scope S_0x5555567237b0;
T_12 ;
    %wait E_0x555556723b20;
    %load/vec4 v0x555556723e50_0;
    %addi 1, 0, 10;
    %store/vec4 v0x555556723d60_0, 0, 10;
    %load/vec4 v0x555556723e50_0;
    %load/vec4 v0x555556723c80_0;
    %cmp/u;
    %jmp/0xz  T_12.0, 5;
    %pushi/vec4 1, 0, 1;
    %assign/vec4 v0x555556723f30_0, 0;
    %jmp T_12.1;
T_12.0 ;
    %pushi/vec4 0, 0, 1;
    %assign/vec4 v0x555556723f30_0, 0;
T_12.1 ;
    %jmp T_12;
    .thread T_12;
    .scope S_0x5555567237b0;
T_13 ;
    %wait E_0x555556723b20;
    %load/vec4 v0x555556724040_0;
    %cmpi/e 1, 0, 1;
    %jmp/0xz  T_13.0, 4;
    %pushi/vec4 0, 0, 10;
    %assign/vec4 v0x555556723e50_0, 0;
    %jmp T_13.1;
T_13.0 ;
    %load/vec4 v0x555556723d60_0;
    %assign/vec4 v0x555556723e50_0, 0;
T_13.1 ;
    %jmp T_13;
    .thread T_13;
    .scope S_0x555556696ef0;
T_14 ;
    %pushi/vec4 0, 0, 1;
    %store/vec4 v0x555556724280_0, 0, 1;
    %pushi/vec4 0, 0, 1;
    %store/vec4 v0x5555567244e0_0, 0, 1;
    %end;
    .thread T_14;
    .scope S_0x555556696ef0;
T_15 ;
    %vpi_call 3 20 "$dumpfile", "clk_div_tb.vcd" {0 0 0};
    %vpi_call 3 21 "$dumpvars", 32'sb00000000000000000000000000000000, S_0x555556696ef0 {0 0 0};
    %delay 100000000, 0;
    %vpi_call 3 22 "$display", "End of simulation" {0 0 0};
    %vpi_call 3 23 "$finish" {0 0 0};
    %end;
    .thread T_15;
    .scope S_0x555556696ef0;
T_16 ;
    %pushi/vec4 256, 0, 10;
    %store/vec4 v0x555556724340_0, 0, 10;
    %delay 100000, 0;
    %pushi/vec4 1, 0, 1;
    %store/vec4 v0x5555567244e0_0, 0, 1;
    %delay 100000, 0;
    %pushi/vec4 0, 0, 1;
    %store/vec4 v0x5555567244e0_0, 0, 1;
    %delay 30000000, 0;
    %pushi/vec4 1020, 0, 10;
    %store/vec4 v0x555556724340_0, 0, 10;
    %end;
    .thread T_16;
    .scope S_0x555556696ef0;
T_17 ;
    %delay 1000, 0;
    %load/vec4 v0x555556724280_0;
    %inv;
    %store/vec4 v0x555556724280_0, 0, 1;
    %jmp T_17;
    .thread T_17;
    .scope S_0x5555567245d0;
T_18 ;
    %wait E_0x5555567248d0;
    %load/vec4 v0x555556724be0_0;
    %cmpi/e 1, 0, 1;
    %jmp/0xz  T_18.0, 4;
    %pushi/vec4 0, 0, 33;
    %assign/vec4 v0x555556724a30_0, 0;
    %pushi/vec4 0, 0, 1;
    %assign/vec4 v0x555556724b10_0, 0;
    %jmp T_18.1;
T_18.0 ;
    %load/vec4 v0x555556724a30_0;
    %cmpi/e 33554432, 0, 33;
    %jmp/0xz  T_18.2, 4;
    %pushi/vec4 0, 0, 33;
    %assign/vec4 v0x555556724a30_0, 0;
    %load/vec4 v0x555556724b10_0;
    %inv;
    %assign/vec4 v0x555556724b10_0, 0;
    %jmp T_18.3;
T_18.2 ;
    %load/vec4 v0x555556724a30_0;
    %addi 1, 0, 33;
    %assign/vec4 v0x555556724a30_0, 0;
T_18.3 ;
T_18.1 ;
    %jmp T_18;
    .thread T_18;
    .scope S_0x555556724d20;
T_19 ;
    %wait E_0x5555567248d0;
    %load/vec4 v0x5555567252c0_0;
    %cmpi/e 1, 0, 1;
    %jmp/0xz  T_19.0, 4;
    %pushi/vec4 0, 0, 33;
    %assign/vec4 v0x555556725130_0, 0;
    %pushi/vec4 0, 0, 1;
    %assign/vec4 v0x5555567251f0_0, 0;
    %jmp T_19.1;
T_19.0 ;
    %load/vec4 v0x555556725130_0;
    %pad/u 64;
    %cmpi/e 67108864, 0, 64;
    %jmp/0xz  T_19.2, 4;
    %pushi/vec4 0, 0, 33;
    %assign/vec4 v0x555556725130_0, 0;
    %load/vec4 v0x5555567251f0_0;
    %inv;
    %assign/vec4 v0x5555567251f0_0, 0;
    %jmp T_19.3;
T_19.2 ;
    %load/vec4 v0x555556725130_0;
    %addi 1, 0, 33;
    %assign/vec4 v0x555556725130_0, 0;
T_19.3 ;
T_19.1 ;
    %jmp T_19;
    .thread T_19;
# The file index is used to find the file name in the following table.
:file_names 7;
    "N/A";
    "<interactive>";
    "/home/tin/.apio/packages/tools-oss-cad-suite/share/yosys/ecp5/cells_sim.v";
    "clk_div_tb.v";
    "pwm.v";
    "top_level.v";
    "clk_div.v";
