#! /home/tin/.apio/packages/tools-oss-cad-suite/bin/vvp
:ivl_version "12.0 (devel)" "(s20150603-1135-g6b127432-dirty)";
:ivl_delay_selection "TYPICAL";
:vpi_time_precision + 0;
:vpi_module "/home/tin/.apio/packages/tools-oss-cad-suite/lib/ivl/system.vpi";
:vpi_module "/home/tin/.apio/packages/tools-oss-cad-suite/lib/ivl/vhdl_sys.vpi";
:vpi_module "/home/tin/.apio/packages/tools-oss-cad-suite/lib/ivl/vhdl_textio.vpi";
:vpi_module "/home/tin/.apio/packages/tools-oss-cad-suite/lib/ivl/v2005_math.vpi";
:vpi_module "/home/tin/.apio/packages/tools-oss-cad-suite/lib/ivl/va_math.vpi";
S_0x555555d141b0 .scope module, "$__ABC9_LUT5" "$__ABC9_LUT5" 2 22;
 .timescale 0 0;
    .port_info 0 /INPUT 1 "M0";
    .port_info 1 /INPUT 1 "D";
    .port_info 2 /INPUT 1 "C";
    .port_info 3 /INPUT 1 "B";
    .port_info 4 /INPUT 1 "A";
    .port_info 5 /OUTPUT 1 "Z";
o0x7f7111733018 .functor BUFZ 1, C4<z>; HiZ drive
v0x555555c731e0_0 .net "A", 0 0, o0x7f7111733018;  0 drivers
o0x7f7111733048 .functor BUFZ 1, C4<z>; HiZ drive
v0x555555c72f60_0 .net "B", 0 0, o0x7f7111733048;  0 drivers
o0x7f7111733078 .functor BUFZ 1, C4<z>; HiZ drive
v0x555555d212c0_0 .net "C", 0 0, o0x7f7111733078;  0 drivers
o0x7f71117330a8 .functor BUFZ 1, C4<z>; HiZ drive
v0x555555d12ae0_0 .net "D", 0 0, o0x7f71117330a8;  0 drivers
o0x7f71117330d8 .functor BUFZ 1, C4<z>; HiZ drive
v0x555555d24140_0 .net "M0", 0 0, o0x7f71117330d8;  0 drivers
o0x7f7111733108 .functor BUFZ 1, C4<z>; HiZ drive
v0x555555d22c90_0 .net "Z", 0 0, o0x7f7111733108;  0 drivers
S_0x555555d14910 .scope module, "$__ABC9_LUT6" "$__ABC9_LUT6" 2 36;
 .timescale 0 0;
    .port_info 0 /INPUT 1 "M1";
    .port_info 1 /INPUT 1 "M0";
    .port_info 2 /INPUT 1 "D";
    .port_info 3 /INPUT 1 "C";
    .port_info 4 /INPUT 1 "B";
    .port_info 5 /INPUT 1 "A";
    .port_info 6 /OUTPUT 1 "Z";
o0x7f7111733258 .functor BUFZ 1, C4<z>; HiZ drive
v0x555555d38a50_0 .net "A", 0 0, o0x7f7111733258;  0 drivers
o0x7f7111733288 .functor BUFZ 1, C4<z>; HiZ drive
v0x555555d38b30_0 .net "B", 0 0, o0x7f7111733288;  0 drivers
o0x7f71117332b8 .functor BUFZ 1, C4<z>; HiZ drive
v0x555555d38bf0_0 .net "C", 0 0, o0x7f71117332b8;  0 drivers
o0x7f71117332e8 .functor BUFZ 1, C4<z>; HiZ drive
v0x555555d38c90_0 .net "D", 0 0, o0x7f71117332e8;  0 drivers
o0x7f7111733318 .functor BUFZ 1, C4<z>; HiZ drive
v0x555555d38d50_0 .net "M0", 0 0, o0x7f7111733318;  0 drivers
o0x7f7111733348 .functor BUFZ 1, C4<z>; HiZ drive
v0x555555d38e60_0 .net "M1", 0 0, o0x7f7111733348;  0 drivers
o0x7f7111733378 .functor BUFZ 1, C4<z>; HiZ drive
v0x555555d38f20_0 .net "Z", 0 0, o0x7f7111733378;  0 drivers
S_0x555555d14cc0 .scope module, "$__ABC9_LUT7" "$__ABC9_LUT7" 2 51;
 .timescale 0 0;
    .port_info 0 /INPUT 1 "M2";
    .port_info 1 /INPUT 1 "M1";
    .port_info 2 /INPUT 1 "M0";
    .port_info 3 /INPUT 1 "D";
    .port_info 4 /INPUT 1 "C";
    .port_info 5 /INPUT 1 "B";
    .port_info 6 /INPUT 1 "A";
    .port_info 7 /OUTPUT 1 "Z";
o0x7f71117334f8 .functor BUFZ 1, C4<z>; HiZ drive
v0x555555d390c0_0 .net "A", 0 0, o0x7f71117334f8;  0 drivers
o0x7f7111733528 .functor BUFZ 1, C4<z>; HiZ drive
v0x555555d391a0_0 .net "B", 0 0, o0x7f7111733528;  0 drivers
o0x7f7111733558 .functor BUFZ 1, C4<z>; HiZ drive
v0x555555d39260_0 .net "C", 0 0, o0x7f7111733558;  0 drivers
o0x7f7111733588 .functor BUFZ 1, C4<z>; HiZ drive
v0x555555d39300_0 .net "D", 0 0, o0x7f7111733588;  0 drivers
o0x7f71117335b8 .functor BUFZ 1, C4<z>; HiZ drive
v0x555555d393c0_0 .net "M0", 0 0, o0x7f71117335b8;  0 drivers
o0x7f71117335e8 .functor BUFZ 1, C4<z>; HiZ drive
v0x555555d394d0_0 .net "M1", 0 0, o0x7f71117335e8;  0 drivers
o0x7f7111733618 .functor BUFZ 1, C4<z>; HiZ drive
v0x555555d39590_0 .net "M2", 0 0, o0x7f7111733618;  0 drivers
o0x7f7111733648 .functor BUFZ 1, C4<z>; HiZ drive
v0x555555d39650_0 .net "Z", 0 0, o0x7f7111733648;  0 drivers
S_0x555555d15070 .scope module, "DP16KD" "DP16KD" 2 602;
 .timescale 0 0;
    .port_info 0 /INPUT 1 "DIA17";
    .port_info 1 /INPUT 1 "DIA16";
    .port_info 2 /INPUT 1 "DIA15";
    .port_info 3 /INPUT 1 "DIA14";
    .port_info 4 /INPUT 1 "DIA13";
    .port_info 5 /INPUT 1 "DIA12";
    .port_info 6 /INPUT 1 "DIA11";
    .port_info 7 /INPUT 1 "DIA10";
    .port_info 8 /INPUT 1 "DIA9";
    .port_info 9 /INPUT 1 "DIA8";
    .port_info 10 /INPUT 1 "DIA7";
    .port_info 11 /INPUT 1 "DIA6";
    .port_info 12 /INPUT 1 "DIA5";
    .port_info 13 /INPUT 1 "DIA4";
    .port_info 14 /INPUT 1 "DIA3";
    .port_info 15 /INPUT 1 "DIA2";
    .port_info 16 /INPUT 1 "DIA1";
    .port_info 17 /INPUT 1 "DIA0";
    .port_info 18 /INPUT 1 "ADA13";
    .port_info 19 /INPUT 1 "ADA12";
    .port_info 20 /INPUT 1 "ADA11";
    .port_info 21 /INPUT 1 "ADA10";
    .port_info 22 /INPUT 1 "ADA9";
    .port_info 23 /INPUT 1 "ADA8";
    .port_info 24 /INPUT 1 "ADA7";
    .port_info 25 /INPUT 1 "ADA6";
    .port_info 26 /INPUT 1 "ADA5";
    .port_info 27 /INPUT 1 "ADA4";
    .port_info 28 /INPUT 1 "ADA3";
    .port_info 29 /INPUT 1 "ADA2";
    .port_info 30 /INPUT 1 "ADA1";
    .port_info 31 /INPUT 1 "ADA0";
    .port_info 32 /INPUT 1 "CEA";
    .port_info 33 /INPUT 1 "OCEA";
    .port_info 34 /INPUT 1 "CLKA";
    .port_info 35 /INPUT 1 "WEA";
    .port_info 36 /INPUT 1 "RSTA";
    .port_info 37 /INPUT 1 "CSA2";
    .port_info 38 /INPUT 1 "CSA1";
    .port_info 39 /INPUT 1 "CSA0";
    .port_info 40 /OUTPUT 1 "DOA17";
    .port_info 41 /OUTPUT 1 "DOA16";
    .port_info 42 /OUTPUT 1 "DOA15";
    .port_info 43 /OUTPUT 1 "DOA14";
    .port_info 44 /OUTPUT 1 "DOA13";
    .port_info 45 /OUTPUT 1 "DOA12";
    .port_info 46 /OUTPUT 1 "DOA11";
    .port_info 47 /OUTPUT 1 "DOA10";
    .port_info 48 /OUTPUT 1 "DOA9";
    .port_info 49 /OUTPUT 1 "DOA8";
    .port_info 50 /OUTPUT 1 "DOA7";
    .port_info 51 /OUTPUT 1 "DOA6";
    .port_info 52 /OUTPUT 1 "DOA5";
    .port_info 53 /OUTPUT 1 "DOA4";
    .port_info 54 /OUTPUT 1 "DOA3";
    .port_info 55 /OUTPUT 1 "DOA2";
    .port_info 56 /OUTPUT 1 "DOA1";
    .port_info 57 /OUTPUT 1 "DOA0";
    .port_info 58 /INPUT 1 "DIB17";
    .port_info 59 /INPUT 1 "DIB16";
    .port_info 60 /INPUT 1 "DIB15";
    .port_info 61 /INPUT 1 "DIB14";
    .port_info 62 /INPUT 1 "DIB13";
    .port_info 63 /INPUT 1 "DIB12";
    .port_info 64 /INPUT 1 "DIB11";
    .port_info 65 /INPUT 1 "DIB10";
    .port_info 66 /INPUT 1 "DIB9";
    .port_info 67 /INPUT 1 "DIB8";
    .port_info 68 /INPUT 1 "DIB7";
    .port_info 69 /INPUT 1 "DIB6";
    .port_info 70 /INPUT 1 "DIB5";
    .port_info 71 /INPUT 1 "DIB4";
    .port_info 72 /INPUT 1 "DIB3";
    .port_info 73 /INPUT 1 "DIB2";
    .port_info 74 /INPUT 1 "DIB1";
    .port_info 75 /INPUT 1 "DIB0";
    .port_info 76 /INPUT 1 "ADB13";
    .port_info 77 /INPUT 1 "ADB12";
    .port_info 78 /INPUT 1 "ADB11";
    .port_info 79 /INPUT 1 "ADB10";
    .port_info 80 /INPUT 1 "ADB9";
    .port_info 81 /INPUT 1 "ADB8";
    .port_info 82 /INPUT 1 "ADB7";
    .port_info 83 /INPUT 1 "ADB6";
    .port_info 84 /INPUT 1 "ADB5";
    .port_info 85 /INPUT 1 "ADB4";
    .port_info 86 /INPUT 1 "ADB3";
    .port_info 87 /INPUT 1 "ADB2";
    .port_info 88 /INPUT 1 "ADB1";
    .port_info 89 /INPUT 1 "ADB0";
    .port_info 90 /INPUT 1 "CEB";
    .port_info 91 /INPUT 1 "OCEB";
    .port_info 92 /INPUT 1 "CLKB";
    .port_info 93 /INPUT 1 "WEB";
    .port_info 94 /INPUT 1 "RSTB";
    .port_info 95 /INPUT 1 "CSB2";
    .port_info 96 /INPUT 1 "CSB1";
    .port_info 97 /INPUT 1 "CSB0";
    .port_info 98 /OUTPUT 1 "DOB17";
    .port_info 99 /OUTPUT 1 "DOB16";
    .port_info 100 /OUTPUT 1 "DOB15";
    .port_info 101 /OUTPUT 1 "DOB14";
    .port_info 102 /OUTPUT 1 "DOB13";
    .port_info 103 /OUTPUT 1 "DOB12";
    .port_info 104 /OUTPUT 1 "DOB11";
    .port_info 105 /OUTPUT 1 "DOB10";
    .port_info 106 /OUTPUT 1 "DOB9";
    .port_info 107 /OUTPUT 1 "DOB8";
    .port_info 108 /OUTPUT 1 "DOB7";
    .port_info 109 /OUTPUT 1 "DOB6";
    .port_info 110 /OUTPUT 1 "DOB5";
    .port_info 111 /OUTPUT 1 "DOB4";
    .port_info 112 /OUTPUT 1 "DOB3";
    .port_info 113 /OUTPUT 1 "DOB2";
    .port_info 114 /OUTPUT 1 "DOB1";
    .port_info 115 /OUTPUT 1 "DOB0";
P_0x555555d244e0 .param/str "ADA0MUX" 0 2 661, "ADA0";
P_0x555555d24520 .param/str "ADA10MUX" 0 2 651, "ADA10";
P_0x555555d24560 .param/str "ADA11MUX" 0 2 650, "ADA11";
P_0x555555d245a0 .param/str "ADA12MUX" 0 2 649, "ADA12";
P_0x555555d245e0 .param/str "ADA13MUX" 0 2 648, "ADA13";
P_0x555555d24620 .param/str "ADA1MUX" 0 2 660, "ADA1";
P_0x555555d24660 .param/str "ADA2MUX" 0 2 659, "ADA2";
P_0x555555d246a0 .param/str "ADA3MUX" 0 2 658, "ADA3";
P_0x555555d246e0 .param/str "ADA4MUX" 0 2 657, "ADA4";
P_0x555555d24720 .param/str "ADA5MUX" 0 2 656, "ADA5";
P_0x555555d24760 .param/str "ADA6MUX" 0 2 655, "ADA6";
P_0x555555d247a0 .param/str "ADA7MUX" 0 2 654, "ADA7";
P_0x555555d247e0 .param/str "ADA8MUX" 0 2 653, "ADA8";
P_0x555555d24820 .param/str "ADA9MUX" 0 2 652, "ADA9";
P_0x555555d24860 .param/str "ADB0MUX" 0 2 719, "ADB0";
P_0x555555d248a0 .param/str "ADB10MUX" 0 2 709, "ADB10";
P_0x555555d248e0 .param/str "ADB11MUX" 0 2 708, "ADB11";
P_0x555555d24920 .param/str "ADB12MUX" 0 2 707, "ADB12";
P_0x555555d24960 .param/str "ADB13MUX" 0 2 706, "ADB13";
P_0x555555d249a0 .param/str "ADB1MUX" 0 2 718, "ADB1";
P_0x555555d249e0 .param/str "ADB2MUX" 0 2 717, "ADB2";
P_0x555555d24a20 .param/str "ADB3MUX" 0 2 716, "ADB3";
P_0x555555d24a60 .param/str "ADB4MUX" 0 2 715, "ADB4";
P_0x555555d24aa0 .param/str "ADB5MUX" 0 2 714, "ADB5";
P_0x555555d24ae0 .param/str "ADB6MUX" 0 2 713, "ADB6";
P_0x555555d24b20 .param/str "ADB7MUX" 0 2 712, "ADB7";
P_0x555555d24b60 .param/str "ADB8MUX" 0 2 711, "ADB8";
P_0x555555d24ba0 .param/str "ADB9MUX" 0 2 710, "ADB9";
P_0x555555d24be0 .param/str "ASYNC_RESET_RELEASE" 0 2 622, "SYNC";
P_0x555555d24c20 .param/str "CEAMUX" 0 2 662, "CEA";
P_0x555555d24c60 .param/str "CEBMUX" 0 2 720, "CEB";
P_0x555555d24ca0 .param/str "CLKAMUX" 0 2 664, "CLKA";
P_0x555555d24ce0 .param/str "CLKBMUX" 0 2 722, "CLKB";
P_0x555555d24d20 .param/str "CSA0MUX" 0 2 669, "CSA0";
P_0x555555d24d60 .param/str "CSA1MUX" 0 2 668, "CSA1";
P_0x555555d24da0 .param/str "CSA2MUX" 0 2 667, "CSA2";
P_0x555555d24de0 .param/str "CSB0MUX" 0 2 727, "CSB0";
P_0x555555d24e20 .param/str "CSB1MUX" 0 2 726, "CSB1";
P_0x555555d24e60 .param/str "CSB2MUX" 0 2 725, "CSB2";
P_0x555555d24ea0 .param/str "CSDECODE_A" 0 2 624, "0b000";
P_0x555555d24ee0 .param/str "CSDECODE_B" 0 2 625, "0b000";
P_0x555555d24f20 .param/l "DATA_WIDTH_A" 0 2 615, +C4<00000000000000000000000000010010>;
P_0x555555d24f60 .param/l "DATA_WIDTH_B" 0 2 616, +C4<00000000000000000000000000010010>;
P_0x555555d24fa0 .param/str "DIA0MUX" 0 2 647, "DIA0";
P_0x555555d24fe0 .param/str "DIA10MUX" 0 2 637, "DIA10";
P_0x555555d25020 .param/str "DIA11MUX" 0 2 636, "DIA11";
P_0x555555d25060 .param/str "DIA12MUX" 0 2 635, "DIA12";
P_0x555555d250a0 .param/str "DIA13MUX" 0 2 634, "DIA13";
P_0x555555d250e0 .param/str "DIA14MUX" 0 2 633, "DIA14";
P_0x555555d25120 .param/str "DIA15MUX" 0 2 632, "DIA15";
P_0x555555d25160 .param/str "DIA16MUX" 0 2 631, "DIA16";
P_0x555555d251a0 .param/str "DIA17MUX" 0 2 630, "DIA17";
P_0x555555d251e0 .param/str "DIA1MUX" 0 2 646, "DIA1";
P_0x555555d25220 .param/str "DIA2MUX" 0 2 645, "DIA2";
P_0x555555d25260 .param/str "DIA3MUX" 0 2 644, "DIA3";
P_0x555555d252a0 .param/str "DIA4MUX" 0 2 643, "DIA4";
P_0x555555d252e0 .param/str "DIA5MUX" 0 2 642, "DIA5";
P_0x555555d25320 .param/str "DIA6MUX" 0 2 641, "DIA6";
P_0x555555d25360 .param/str "DIA7MUX" 0 2 640, "DIA7";
P_0x555555d253a0 .param/str "DIA8MUX" 0 2 639, "DIA8";
P_0x555555d253e0 .param/str "DIA9MUX" 0 2 638, "DIA9";
P_0x555555d25420 .param/str "DIB0MUX" 0 2 705, "DIB0";
P_0x555555d25460 .param/str "DIB10MUX" 0 2 695, "DIB10";
P_0x555555d254a0 .param/str "DIB11MUX" 0 2 694, "DIB11";
P_0x555555d254e0 .param/str "DIB12MUX" 0 2 693, "DIB12";
P_0x555555d25520 .param/str "DIB13MUX" 0 2 692, "DIB13";
P_0x555555d25560 .param/str "DIB14MUX" 0 2 691, "DIB14";
P_0x555555d255a0 .param/str "DIB15MUX" 0 2 690, "DIB15";
P_0x555555d255e0 .param/str "DIB16MUX" 0 2 689, "DIB16";
P_0x555555d25620 .param/str "DIB17MUX" 0 2 688, "DIB17";
P_0x555555d25660 .param/str "DIB1MUX" 0 2 704, "DIB1";
P_0x555555d256a0 .param/str "DIB2MUX" 0 2 703, "DIB2";
P_0x555555d256e0 .param/str "DIB3MUX" 0 2 702, "DIB3";
P_0x555555d25720 .param/str "DIB4MUX" 0 2 701, "DIB4";
P_0x555555d25760 .param/str "DIB5MUX" 0 2 700, "DIB5";
P_0x555555d257a0 .param/str "DIB6MUX" 0 2 699, "DIB6";
P_0x555555d257e0 .param/str "DIB7MUX" 0 2 698, "DIB7";
P_0x555555d25820 .param/str "DIB8MUX" 0 2 697, "DIB8";
P_0x555555d25860 .param/str "DIB9MUX" 0 2 696, "DIB9";
P_0x555555d258a0 .param/str "DOA0MUX" 0 2 687, "DOA0";
P_0x555555d258e0 .param/str "DOA10MUX" 0 2 677, "DOA10";
P_0x555555d25920 .param/str "DOA11MUX" 0 2 676, "DOA11";
P_0x555555d25960 .param/str "DOA12MUX" 0 2 675, "DOA12";
P_0x555555d259a0 .param/str "DOA13MUX" 0 2 674, "DOA13";
P_0x555555d259e0 .param/str "DOA14MUX" 0 2 673, "DOA14";
P_0x555555d25a20 .param/str "DOA15MUX" 0 2 672, "DOA15";
P_0x555555d25a60 .param/str "DOA16MUX" 0 2 671, "DOA16";
P_0x555555d25aa0 .param/str "DOA17MUX" 0 2 670, "DOA17";
P_0x555555d25ae0 .param/str "DOA1MUX" 0 2 686, "DOA1";
P_0x555555d25b20 .param/str "DOA2MUX" 0 2 685, "DOA2";
P_0x555555d25b60 .param/str "DOA3MUX" 0 2 684, "DOA3";
P_0x555555d25ba0 .param/str "DOA4MUX" 0 2 683, "DOA4";
P_0x555555d25be0 .param/str "DOA5MUX" 0 2 682, "DOA5";
P_0x555555d25c20 .param/str "DOA6MUX" 0 2 681, "DOA6";
P_0x555555d25c60 .param/str "DOA7MUX" 0 2 680, "DOA7";
P_0x555555d25ca0 .param/str "DOA8MUX" 0 2 679, "DOA8";
P_0x555555d25ce0 .param/str "DOA9MUX" 0 2 678, "DOA9";
P_0x555555d25d20 .param/str "DOB0MUX" 0 2 745, "DOB0";
P_0x555555d25d60 .param/str "DOB10MUX" 0 2 735, "DOB10";
P_0x555555d25da0 .param/str "DOB11MUX" 0 2 734, "DOB11";
P_0x555555d25de0 .param/str "DOB12MUX" 0 2 733, "DOB12";
P_0x555555d25e20 .param/str "DOB13MUX" 0 2 732, "DOB13";
P_0x555555d25e60 .param/str "DOB14MUX" 0 2 731, "DOB14";
P_0x555555d25ea0 .param/str "DOB15MUX" 0 2 730, "DOB15";
P_0x555555d25ee0 .param/str "DOB16MUX" 0 2 729, "DOB16";
P_0x555555d25f20 .param/str "DOB17MUX" 0 2 728, "DOB17";
P_0x555555d25f60 .param/str "DOB1MUX" 0 2 744, "DOB1";
P_0x555555d25fa0 .param/str "DOB2MUX" 0 2 743, "DOB2";
P_0x555555d25fe0 .param/str "DOB3MUX" 0 2 742, "DOB3";
P_0x555555d26020 .param/str "DOB4MUX" 0 2 741, "DOB4";
P_0x555555d26060 .param/str "DOB5MUX" 0 2 740, "DOB5";
P_0x555555d260a0 .param/str "DOB6MUX" 0 2 739, "DOB6";
P_0x555555d260e0 .param/str "DOB7MUX" 0 2 738, "DOB7";
P_0x555555d26120 .param/str "DOB8MUX" 0 2 737, "DOB8";
P_0x555555d26160 .param/str "DOB9MUX" 0 2 736, "DOB9";
P_0x555555d261a0 .param/str "GSR" 0 2 749, "ENABLED";
P_0x555555d261e0 .param/l "INITVAL_00" 0 2 751, C4<00000000000000000000000000000000000000000000000000000000000000000000000000000000000000000000000000000000000000000000000000000000000000000000000000000000000000000000000000000000000000000000000000000000000000000000000000000000000000000000000000000000000000000000000000000000000000000000000000000000000000000000000000000000>;
P_0x555555d26220 .param/l "INITVAL_01" 0 2 752, C4<00000000000000000000000000000000000000000000000000000000000000000000000000000000000000000000000000000000000000000000000000000000000000000000000000000000000000000000000000000000000000000000000000000000000000000000000000000000000000000000000000000000000000000000000000000000000000000000000000000000000000000000000000000000>;
P_0x555555d26260 .param/l "INITVAL_02" 0 2 753, C4<00000000000000000000000000000000000000000000000000000000000000000000000000000000000000000000000000000000000000000000000000000000000000000000000000000000000000000000000000000000000000000000000000000000000000000000000000000000000000000000000000000000000000000000000000000000000000000000000000000000000000000000000000000000>;
P_0x555555d262a0 .param/l "INITVAL_03" 0 2 754, C4<00000000000000000000000000000000000000000000000000000000000000000000000000000000000000000000000000000000000000000000000000000000000000000000000000000000000000000000000000000000000000000000000000000000000000000000000000000000000000000000000000000000000000000000000000000000000000000000000000000000000000000000000000000000>;
P_0x555555d262e0 .param/l "INITVAL_04" 0 2 755, C4<00000000000000000000000000000000000000000000000000000000000000000000000000000000000000000000000000000000000000000000000000000000000000000000000000000000000000000000000000000000000000000000000000000000000000000000000000000000000000000000000000000000000000000000000000000000000000000000000000000000000000000000000000000000>;
P_0x555555d26320 .param/l "INITVAL_05" 0 2 756, C4<00000000000000000000000000000000000000000000000000000000000000000000000000000000000000000000000000000000000000000000000000000000000000000000000000000000000000000000000000000000000000000000000000000000000000000000000000000000000000000000000000000000000000000000000000000000000000000000000000000000000000000000000000000000>;
P_0x555555d26360 .param/l "INITVAL_06" 0 2 757, C4<00000000000000000000000000000000000000000000000000000000000000000000000000000000000000000000000000000000000000000000000000000000000000000000000000000000000000000000000000000000000000000000000000000000000000000000000000000000000000000000000000000000000000000000000000000000000000000000000000000000000000000000000000000000>;
P_0x555555d263a0 .param/l "INITVAL_07" 0 2 758, C4<00000000000000000000000000000000000000000000000000000000000000000000000000000000000000000000000000000000000000000000000000000000000000000000000000000000000000000000000000000000000000000000000000000000000000000000000000000000000000000000000000000000000000000000000000000000000000000000000000000000000000000000000000000000>;
P_0x555555d263e0 .param/l "INITVAL_08" 0 2 759, C4<00000000000000000000000000000000000000000000000000000000000000000000000000000000000000000000000000000000000000000000000000000000000000000000000000000000000000000000000000000000000000000000000000000000000000000000000000000000000000000000000000000000000000000000000000000000000000000000000000000000000000000000000000000000>;
P_0x555555d26420 .param/l "INITVAL_09" 0 2 760, C4<00000000000000000000000000000000000000000000000000000000000000000000000000000000000000000000000000000000000000000000000000000000000000000000000000000000000000000000000000000000000000000000000000000000000000000000000000000000000000000000000000000000000000000000000000000000000000000000000000000000000000000000000000000000>;
P_0x555555d26460 .param/l "INITVAL_0A" 0 2 761, C4<00000000000000000000000000000000000000000000000000000000000000000000000000000000000000000000000000000000000000000000000000000000000000000000000000000000000000000000000000000000000000000000000000000000000000000000000000000000000000000000000000000000000000000000000000000000000000000000000000000000000000000000000000000000>;
P_0x555555d264a0 .param/l "INITVAL_0B" 0 2 762, C4<00000000000000000000000000000000000000000000000000000000000000000000000000000000000000000000000000000000000000000000000000000000000000000000000000000000000000000000000000000000000000000000000000000000000000000000000000000000000000000000000000000000000000000000000000000000000000000000000000000000000000000000000000000000>;
P_0x555555d264e0 .param/l "INITVAL_0C" 0 2 763, C4<00000000000000000000000000000000000000000000000000000000000000000000000000000000000000000000000000000000000000000000000000000000000000000000000000000000000000000000000000000000000000000000000000000000000000000000000000000000000000000000000000000000000000000000000000000000000000000000000000000000000000000000000000000000>;
P_0x555555d26520 .param/l "INITVAL_0D" 0 2 764, C4<00000000000000000000000000000000000000000000000000000000000000000000000000000000000000000000000000000000000000000000000000000000000000000000000000000000000000000000000000000000000000000000000000000000000000000000000000000000000000000000000000000000000000000000000000000000000000000000000000000000000000000000000000000000>;
P_0x555555d26560 .param/l "INITVAL_0E" 0 2 765, C4<00000000000000000000000000000000000000000000000000000000000000000000000000000000000000000000000000000000000000000000000000000000000000000000000000000000000000000000000000000000000000000000000000000000000000000000000000000000000000000000000000000000000000000000000000000000000000000000000000000000000000000000000000000000>;
P_0x555555d265a0 .param/l "INITVAL_0F" 0 2 766, C4<00000000000000000000000000000000000000000000000000000000000000000000000000000000000000000000000000000000000000000000000000000000000000000000000000000000000000000000000000000000000000000000000000000000000000000000000000000000000000000000000000000000000000000000000000000000000000000000000000000000000000000000000000000000>;
P_0x555555d265e0 .param/l "INITVAL_10" 0 2 767, C4<00000000000000000000000000000000000000000000000000000000000000000000000000000000000000000000000000000000000000000000000000000000000000000000000000000000000000000000000000000000000000000000000000000000000000000000000000000000000000000000000000000000000000000000000000000000000000000000000000000000000000000000000000000000>;
P_0x555555d26620 .param/l "INITVAL_11" 0 2 768, C4<00000000000000000000000000000000000000000000000000000000000000000000000000000000000000000000000000000000000000000000000000000000000000000000000000000000000000000000000000000000000000000000000000000000000000000000000000000000000000000000000000000000000000000000000000000000000000000000000000000000000000000000000000000000>;
P_0x555555d26660 .param/l "INITVAL_12" 0 2 769, C4<00000000000000000000000000000000000000000000000000000000000000000000000000000000000000000000000000000000000000000000000000000000000000000000000000000000000000000000000000000000000000000000000000000000000000000000000000000000000000000000000000000000000000000000000000000000000000000000000000000000000000000000000000000000>;
P_0x555555d266a0 .param/l "INITVAL_13" 0 2 770, C4<00000000000000000000000000000000000000000000000000000000000000000000000000000000000000000000000000000000000000000000000000000000000000000000000000000000000000000000000000000000000000000000000000000000000000000000000000000000000000000000000000000000000000000000000000000000000000000000000000000000000000000000000000000000>;
P_0x555555d266e0 .param/l "INITVAL_14" 0 2 771, C4<00000000000000000000000000000000000000000000000000000000000000000000000000000000000000000000000000000000000000000000000000000000000000000000000000000000000000000000000000000000000000000000000000000000000000000000000000000000000000000000000000000000000000000000000000000000000000000000000000000000000000000000000000000000>;
P_0x555555d26720 .param/l "INITVAL_15" 0 2 772, C4<00000000000000000000000000000000000000000000000000000000000000000000000000000000000000000000000000000000000000000000000000000000000000000000000000000000000000000000000000000000000000000000000000000000000000000000000000000000000000000000000000000000000000000000000000000000000000000000000000000000000000000000000000000000>;
P_0x555555d26760 .param/l "INITVAL_16" 0 2 773, C4<00000000000000000000000000000000000000000000000000000000000000000000000000000000000000000000000000000000000000000000000000000000000000000000000000000000000000000000000000000000000000000000000000000000000000000000000000000000000000000000000000000000000000000000000000000000000000000000000000000000000000000000000000000000>;
P_0x555555d267a0 .param/l "INITVAL_17" 0 2 774, C4<00000000000000000000000000000000000000000000000000000000000000000000000000000000000000000000000000000000000000000000000000000000000000000000000000000000000000000000000000000000000000000000000000000000000000000000000000000000000000000000000000000000000000000000000000000000000000000000000000000000000000000000000000000000>;
P_0x555555d267e0 .param/l "INITVAL_18" 0 2 775, C4<00000000000000000000000000000000000000000000000000000000000000000000000000000000000000000000000000000000000000000000000000000000000000000000000000000000000000000000000000000000000000000000000000000000000000000000000000000000000000000000000000000000000000000000000000000000000000000000000000000000000000000000000000000000>;
P_0x555555d26820 .param/l "INITVAL_19" 0 2 776, C4<00000000000000000000000000000000000000000000000000000000000000000000000000000000000000000000000000000000000000000000000000000000000000000000000000000000000000000000000000000000000000000000000000000000000000000000000000000000000000000000000000000000000000000000000000000000000000000000000000000000000000000000000000000000>;
P_0x555555d26860 .param/l "INITVAL_1A" 0 2 777, C4<00000000000000000000000000000000000000000000000000000000000000000000000000000000000000000000000000000000000000000000000000000000000000000000000000000000000000000000000000000000000000000000000000000000000000000000000000000000000000000000000000000000000000000000000000000000000000000000000000000000000000000000000000000000>;
P_0x555555d268a0 .param/l "INITVAL_1B" 0 2 778, C4<00000000000000000000000000000000000000000000000000000000000000000000000000000000000000000000000000000000000000000000000000000000000000000000000000000000000000000000000000000000000000000000000000000000000000000000000000000000000000000000000000000000000000000000000000000000000000000000000000000000000000000000000000000000>;
P_0x555555d268e0 .param/l "INITVAL_1C" 0 2 779, C4<00000000000000000000000000000000000000000000000000000000000000000000000000000000000000000000000000000000000000000000000000000000000000000000000000000000000000000000000000000000000000000000000000000000000000000000000000000000000000000000000000000000000000000000000000000000000000000000000000000000000000000000000000000000>;
P_0x555555d26920 .param/l "INITVAL_1D" 0 2 780, C4<00000000000000000000000000000000000000000000000000000000000000000000000000000000000000000000000000000000000000000000000000000000000000000000000000000000000000000000000000000000000000000000000000000000000000000000000000000000000000000000000000000000000000000000000000000000000000000000000000000000000000000000000000000000>;
P_0x555555d26960 .param/l "INITVAL_1E" 0 2 781, C4<00000000000000000000000000000000000000000000000000000000000000000000000000000000000000000000000000000000000000000000000000000000000000000000000000000000000000000000000000000000000000000000000000000000000000000000000000000000000000000000000000000000000000000000000000000000000000000000000000000000000000000000000000000000>;
P_0x555555d269a0 .param/l "INITVAL_1F" 0 2 782, C4<00000000000000000000000000000000000000000000000000000000000000000000000000000000000000000000000000000000000000000000000000000000000000000000000000000000000000000000000000000000000000000000000000000000000000000000000000000000000000000000000000000000000000000000000000000000000000000000000000000000000000000000000000000000>;
P_0x555555d269e0 .param/l "INITVAL_20" 0 2 783, C4<00000000000000000000000000000000000000000000000000000000000000000000000000000000000000000000000000000000000000000000000000000000000000000000000000000000000000000000000000000000000000000000000000000000000000000000000000000000000000000000000000000000000000000000000000000000000000000000000000000000000000000000000000000000>;
P_0x555555d26a20 .param/l "INITVAL_21" 0 2 784, C4<00000000000000000000000000000000000000000000000000000000000000000000000000000000000000000000000000000000000000000000000000000000000000000000000000000000000000000000000000000000000000000000000000000000000000000000000000000000000000000000000000000000000000000000000000000000000000000000000000000000000000000000000000000000>;
P_0x555555d26a60 .param/l "INITVAL_22" 0 2 785, C4<00000000000000000000000000000000000000000000000000000000000000000000000000000000000000000000000000000000000000000000000000000000000000000000000000000000000000000000000000000000000000000000000000000000000000000000000000000000000000000000000000000000000000000000000000000000000000000000000000000000000000000000000000000000>;
P_0x555555d26aa0 .param/l "INITVAL_23" 0 2 786, C4<00000000000000000000000000000000000000000000000000000000000000000000000000000000000000000000000000000000000000000000000000000000000000000000000000000000000000000000000000000000000000000000000000000000000000000000000000000000000000000000000000000000000000000000000000000000000000000000000000000000000000000000000000000000>;
P_0x555555d26ae0 .param/l "INITVAL_24" 0 2 787, C4<00000000000000000000000000000000000000000000000000000000000000000000000000000000000000000000000000000000000000000000000000000000000000000000000000000000000000000000000000000000000000000000000000000000000000000000000000000000000000000000000000000000000000000000000000000000000000000000000000000000000000000000000000000000>;
P_0x555555d26b20 .param/l "INITVAL_25" 0 2 788, C4<00000000000000000000000000000000000000000000000000000000000000000000000000000000000000000000000000000000000000000000000000000000000000000000000000000000000000000000000000000000000000000000000000000000000000000000000000000000000000000000000000000000000000000000000000000000000000000000000000000000000000000000000000000000>;
P_0x555555d26b60 .param/l "INITVAL_26" 0 2 789, C4<00000000000000000000000000000000000000000000000000000000000000000000000000000000000000000000000000000000000000000000000000000000000000000000000000000000000000000000000000000000000000000000000000000000000000000000000000000000000000000000000000000000000000000000000000000000000000000000000000000000000000000000000000000000>;
P_0x555555d26ba0 .param/l "INITVAL_27" 0 2 790, C4<00000000000000000000000000000000000000000000000000000000000000000000000000000000000000000000000000000000000000000000000000000000000000000000000000000000000000000000000000000000000000000000000000000000000000000000000000000000000000000000000000000000000000000000000000000000000000000000000000000000000000000000000000000000>;
P_0x555555d26be0 .param/l "INITVAL_28" 0 2 791, C4<00000000000000000000000000000000000000000000000000000000000000000000000000000000000000000000000000000000000000000000000000000000000000000000000000000000000000000000000000000000000000000000000000000000000000000000000000000000000000000000000000000000000000000000000000000000000000000000000000000000000000000000000000000000>;
P_0x555555d26c20 .param/l "INITVAL_29" 0 2 792, C4<00000000000000000000000000000000000000000000000000000000000000000000000000000000000000000000000000000000000000000000000000000000000000000000000000000000000000000000000000000000000000000000000000000000000000000000000000000000000000000000000000000000000000000000000000000000000000000000000000000000000000000000000000000000>;
P_0x555555d26c60 .param/l "INITVAL_2A" 0 2 793, C4<00000000000000000000000000000000000000000000000000000000000000000000000000000000000000000000000000000000000000000000000000000000000000000000000000000000000000000000000000000000000000000000000000000000000000000000000000000000000000000000000000000000000000000000000000000000000000000000000000000000000000000000000000000000>;
P_0x555555d26ca0 .param/l "INITVAL_2B" 0 2 794, C4<00000000000000000000000000000000000000000000000000000000000000000000000000000000000000000000000000000000000000000000000000000000000000000000000000000000000000000000000000000000000000000000000000000000000000000000000000000000000000000000000000000000000000000000000000000000000000000000000000000000000000000000000000000000>;
P_0x555555d26ce0 .param/l "INITVAL_2C" 0 2 795, C4<00000000000000000000000000000000000000000000000000000000000000000000000000000000000000000000000000000000000000000000000000000000000000000000000000000000000000000000000000000000000000000000000000000000000000000000000000000000000000000000000000000000000000000000000000000000000000000000000000000000000000000000000000000000>;
P_0x555555d26d20 .param/l "INITVAL_2D" 0 2 796, C4<00000000000000000000000000000000000000000000000000000000000000000000000000000000000000000000000000000000000000000000000000000000000000000000000000000000000000000000000000000000000000000000000000000000000000000000000000000000000000000000000000000000000000000000000000000000000000000000000000000000000000000000000000000000>;
P_0x555555d26d60 .param/l "INITVAL_2E" 0 2 797, C4<00000000000000000000000000000000000000000000000000000000000000000000000000000000000000000000000000000000000000000000000000000000000000000000000000000000000000000000000000000000000000000000000000000000000000000000000000000000000000000000000000000000000000000000000000000000000000000000000000000000000000000000000000000000>;
P_0x555555d26da0 .param/l "INITVAL_2F" 0 2 798, C4<00000000000000000000000000000000000000000000000000000000000000000000000000000000000000000000000000000000000000000000000000000000000000000000000000000000000000000000000000000000000000000000000000000000000000000000000000000000000000000000000000000000000000000000000000000000000000000000000000000000000000000000000000000000>;
P_0x555555d26de0 .param/l "INITVAL_30" 0 2 799, C4<00000000000000000000000000000000000000000000000000000000000000000000000000000000000000000000000000000000000000000000000000000000000000000000000000000000000000000000000000000000000000000000000000000000000000000000000000000000000000000000000000000000000000000000000000000000000000000000000000000000000000000000000000000000>;
P_0x555555d26e20 .param/l "INITVAL_31" 0 2 800, C4<00000000000000000000000000000000000000000000000000000000000000000000000000000000000000000000000000000000000000000000000000000000000000000000000000000000000000000000000000000000000000000000000000000000000000000000000000000000000000000000000000000000000000000000000000000000000000000000000000000000000000000000000000000000>;
P_0x555555d26e60 .param/l "INITVAL_32" 0 2 801, C4<00000000000000000000000000000000000000000000000000000000000000000000000000000000000000000000000000000000000000000000000000000000000000000000000000000000000000000000000000000000000000000000000000000000000000000000000000000000000000000000000000000000000000000000000000000000000000000000000000000000000000000000000000000000>;
P_0x555555d26ea0 .param/l "INITVAL_33" 0 2 802, C4<00000000000000000000000000000000000000000000000000000000000000000000000000000000000000000000000000000000000000000000000000000000000000000000000000000000000000000000000000000000000000000000000000000000000000000000000000000000000000000000000000000000000000000000000000000000000000000000000000000000000000000000000000000000>;
P_0x555555d26ee0 .param/l "INITVAL_34" 0 2 803, C4<00000000000000000000000000000000000000000000000000000000000000000000000000000000000000000000000000000000000000000000000000000000000000000000000000000000000000000000000000000000000000000000000000000000000000000000000000000000000000000000000000000000000000000000000000000000000000000000000000000000000000000000000000000000>;
P_0x555555d26f20 .param/l "INITVAL_35" 0 2 804, C4<00000000000000000000000000000000000000000000000000000000000000000000000000000000000000000000000000000000000000000000000000000000000000000000000000000000000000000000000000000000000000000000000000000000000000000000000000000000000000000000000000000000000000000000000000000000000000000000000000000000000000000000000000000000>;
P_0x555555d26f60 .param/l "INITVAL_36" 0 2 805, C4<00000000000000000000000000000000000000000000000000000000000000000000000000000000000000000000000000000000000000000000000000000000000000000000000000000000000000000000000000000000000000000000000000000000000000000000000000000000000000000000000000000000000000000000000000000000000000000000000000000000000000000000000000000000>;
P_0x555555d26fa0 .param/l "INITVAL_37" 0 2 806, C4<00000000000000000000000000000000000000000000000000000000000000000000000000000000000000000000000000000000000000000000000000000000000000000000000000000000000000000000000000000000000000000000000000000000000000000000000000000000000000000000000000000000000000000000000000000000000000000000000000000000000000000000000000000000>;
P_0x555555d26fe0 .param/l "INITVAL_38" 0 2 807, C4<00000000000000000000000000000000000000000000000000000000000000000000000000000000000000000000000000000000000000000000000000000000000000000000000000000000000000000000000000000000000000000000000000000000000000000000000000000000000000000000000000000000000000000000000000000000000000000000000000000000000000000000000000000000>;
P_0x555555d27020 .param/l "INITVAL_39" 0 2 808, C4<00000000000000000000000000000000000000000000000000000000000000000000000000000000000000000000000000000000000000000000000000000000000000000000000000000000000000000000000000000000000000000000000000000000000000000000000000000000000000000000000000000000000000000000000000000000000000000000000000000000000000000000000000000000>;
P_0x555555d27060 .param/l "INITVAL_3A" 0 2 809, C4<00000000000000000000000000000000000000000000000000000000000000000000000000000000000000000000000000000000000000000000000000000000000000000000000000000000000000000000000000000000000000000000000000000000000000000000000000000000000000000000000000000000000000000000000000000000000000000000000000000000000000000000000000000000>;
P_0x555555d270a0 .param/l "INITVAL_3B" 0 2 810, C4<00000000000000000000000000000000000000000000000000000000000000000000000000000000000000000000000000000000000000000000000000000000000000000000000000000000000000000000000000000000000000000000000000000000000000000000000000000000000000000000000000000000000000000000000000000000000000000000000000000000000000000000000000000000>;
P_0x555555d270e0 .param/l "INITVAL_3C" 0 2 811, C4<00000000000000000000000000000000000000000000000000000000000000000000000000000000000000000000000000000000000000000000000000000000000000000000000000000000000000000000000000000000000000000000000000000000000000000000000000000000000000000000000000000000000000000000000000000000000000000000000000000000000000000000000000000000>;
P_0x555555d27120 .param/l "INITVAL_3D" 0 2 812, C4<00000000000000000000000000000000000000000000000000000000000000000000000000000000000000000000000000000000000000000000000000000000000000000000000000000000000000000000000000000000000000000000000000000000000000000000000000000000000000000000000000000000000000000000000000000000000000000000000000000000000000000000000000000000>;
P_0x555555d27160 .param/l "INITVAL_3E" 0 2 813, C4<00000000000000000000000000000000000000000000000000000000000000000000000000000000000000000000000000000000000000000000000000000000000000000000000000000000000000000000000000000000000000000000000000000000000000000000000000000000000000000000000000000000000000000000000000000000000000000000000000000000000000000000000000000000>;
P_0x555555d271a0 .param/l "INITVAL_3F" 0 2 814, C4<00000000000000000000000000000000000000000000000000000000000000000000000000000000000000000000000000000000000000000000000000000000000000000000000000000000000000000000000000000000000000000000000000000000000000000000000000000000000000000000000000000000000000000000000000000000000000000000000000000000000000000000000000000000>;
P_0x555555d271e0 .param/str "OCEAMUX" 0 2 663, "OCEA";
P_0x555555d27220 .param/str "OCEBMUX" 0 2 721, "OCEB";
P_0x555555d27260 .param/str "REGMODE_A" 0 2 618, "NOREG";
P_0x555555d272a0 .param/str "REGMODE_B" 0 2 619, "NOREG";
P_0x555555d272e0 .param/str "RESETMODE" 0 2 621, "SYNC";
P_0x555555d27320 .param/str "RSTAMUX" 0 2 666, "RSTA";
P_0x555555d27360 .param/str "RSTBMUX" 0 2 724, "RSTB";
P_0x555555d273a0 .param/str "WEAMUX" 0 2 665, "WEA";
P_0x555555d273e0 .param/str "WEBMUX" 0 2 723, "WEB";
P_0x555555d27420 .param/l "WID" 0 2 747, +C4<00000000000000000000000000000000>;
P_0x555555d27460 .param/str "WRITEMODE_A" 0 2 627, "NORMAL";
P_0x555555d274a0 .param/str "WRITEMODE_B" 0 2 628, "NORMAL";
o0x7f71117337f8 .functor BUFZ 1, C4<z>; HiZ drive
v0x555555d39860_0 .net "ADA0", 0 0, o0x7f71117337f8;  0 drivers
o0x7f7111733828 .functor BUFZ 1, C4<z>; HiZ drive
v0x555555d39940_0 .net "ADA1", 0 0, o0x7f7111733828;  0 drivers
o0x7f7111733858 .functor BUFZ 1, C4<z>; HiZ drive
v0x555555d39a00_0 .net "ADA10", 0 0, o0x7f7111733858;  0 drivers
o0x7f7111733888 .functor BUFZ 1, C4<z>; HiZ drive
v0x555555d39aa0_0 .net "ADA11", 0 0, o0x7f7111733888;  0 drivers
o0x7f71117338b8 .functor BUFZ 1, C4<z>; HiZ drive
v0x555555d39b60_0 .net "ADA12", 0 0, o0x7f71117338b8;  0 drivers
o0x7f71117338e8 .functor BUFZ 1, C4<z>; HiZ drive
v0x555555d39c20_0 .net "ADA13", 0 0, o0x7f71117338e8;  0 drivers
o0x7f7111733918 .functor BUFZ 1, C4<z>; HiZ drive
v0x555555d39ce0_0 .net "ADA2", 0 0, o0x7f7111733918;  0 drivers
o0x7f7111733948 .functor BUFZ 1, C4<z>; HiZ drive
v0x555555d39da0_0 .net "ADA3", 0 0, o0x7f7111733948;  0 drivers
o0x7f7111733978 .functor BUFZ 1, C4<z>; HiZ drive
v0x555555d39e60_0 .net "ADA4", 0 0, o0x7f7111733978;  0 drivers
o0x7f71117339a8 .functor BUFZ 1, C4<z>; HiZ drive
v0x555555d39fb0_0 .net "ADA5", 0 0, o0x7f71117339a8;  0 drivers
o0x7f71117339d8 .functor BUFZ 1, C4<z>; HiZ drive
v0x555555d3a070_0 .net "ADA6", 0 0, o0x7f71117339d8;  0 drivers
o0x7f7111733a08 .functor BUFZ 1, C4<z>; HiZ drive
v0x555555d3a130_0 .net "ADA7", 0 0, o0x7f7111733a08;  0 drivers
o0x7f7111733a38 .functor BUFZ 1, C4<z>; HiZ drive
v0x555555d3a1f0_0 .net "ADA8", 0 0, o0x7f7111733a38;  0 drivers
o0x7f7111733a68 .functor BUFZ 1, C4<z>; HiZ drive
v0x555555d3a2b0_0 .net "ADA9", 0 0, o0x7f7111733a68;  0 drivers
o0x7f7111733a98 .functor BUFZ 1, C4<z>; HiZ drive
v0x555555d3a370_0 .net "ADB0", 0 0, o0x7f7111733a98;  0 drivers
o0x7f7111733ac8 .functor BUFZ 1, C4<z>; HiZ drive
v0x555555d3a430_0 .net "ADB1", 0 0, o0x7f7111733ac8;  0 drivers
o0x7f7111733af8 .functor BUFZ 1, C4<z>; HiZ drive
v0x555555d3a4f0_0 .net "ADB10", 0 0, o0x7f7111733af8;  0 drivers
o0x7f7111733b28 .functor BUFZ 1, C4<z>; HiZ drive
v0x555555d3a5b0_0 .net "ADB11", 0 0, o0x7f7111733b28;  0 drivers
o0x7f7111733b58 .functor BUFZ 1, C4<z>; HiZ drive
v0x555555d3a670_0 .net "ADB12", 0 0, o0x7f7111733b58;  0 drivers
o0x7f7111733b88 .functor BUFZ 1, C4<z>; HiZ drive
v0x555555d3a730_0 .net "ADB13", 0 0, o0x7f7111733b88;  0 drivers
o0x7f7111733bb8 .functor BUFZ 1, C4<z>; HiZ drive
v0x555555d3a7f0_0 .net "ADB2", 0 0, o0x7f7111733bb8;  0 drivers
o0x7f7111733be8 .functor BUFZ 1, C4<z>; HiZ drive
v0x555555d3a8b0_0 .net "ADB3", 0 0, o0x7f7111733be8;  0 drivers
o0x7f7111733c18 .functor BUFZ 1, C4<z>; HiZ drive
v0x555555d3a970_0 .net "ADB4", 0 0, o0x7f7111733c18;  0 drivers
o0x7f7111733c48 .functor BUFZ 1, C4<z>; HiZ drive
v0x555555d3aa30_0 .net "ADB5", 0 0, o0x7f7111733c48;  0 drivers
o0x7f7111733c78 .functor BUFZ 1, C4<z>; HiZ drive
v0x555555d3aaf0_0 .net "ADB6", 0 0, o0x7f7111733c78;  0 drivers
o0x7f7111733ca8 .functor BUFZ 1, C4<z>; HiZ drive
v0x555555d3abb0_0 .net "ADB7", 0 0, o0x7f7111733ca8;  0 drivers
o0x7f7111733cd8 .functor BUFZ 1, C4<z>; HiZ drive
v0x555555d3ac70_0 .net "ADB8", 0 0, o0x7f7111733cd8;  0 drivers
o0x7f7111733d08 .functor BUFZ 1, C4<z>; HiZ drive
v0x555555d3ad30_0 .net "ADB9", 0 0, o0x7f7111733d08;  0 drivers
o0x7f7111733d38 .functor BUFZ 1, C4<z>; HiZ drive
v0x555555d3adf0_0 .net "CEA", 0 0, o0x7f7111733d38;  0 drivers
o0x7f7111733d68 .functor BUFZ 1, C4<z>; HiZ drive
v0x555555d3aeb0_0 .net "CEB", 0 0, o0x7f7111733d68;  0 drivers
o0x7f7111733d98 .functor BUFZ 1, C4<z>; HiZ drive
v0x555555d3af70_0 .net "CLKA", 0 0, o0x7f7111733d98;  0 drivers
o0x7f7111733dc8 .functor BUFZ 1, C4<z>; HiZ drive
v0x555555d3b030_0 .net "CLKB", 0 0, o0x7f7111733dc8;  0 drivers
o0x7f7111733df8 .functor BUFZ 1, C4<z>; HiZ drive
v0x555555d3b0f0_0 .net "CSA0", 0 0, o0x7f7111733df8;  0 drivers
o0x7f7111733e28 .functor BUFZ 1, C4<z>; HiZ drive
v0x555555d3b1b0_0 .net "CSA1", 0 0, o0x7f7111733e28;  0 drivers
o0x7f7111733e58 .functor BUFZ 1, C4<z>; HiZ drive
v0x555555d3b270_0 .net "CSA2", 0 0, o0x7f7111733e58;  0 drivers
o0x7f7111733e88 .functor BUFZ 1, C4<z>; HiZ drive
v0x555555d3b330_0 .net "CSB0", 0 0, o0x7f7111733e88;  0 drivers
o0x7f7111733eb8 .functor BUFZ 1, C4<z>; HiZ drive
v0x555555d3b3f0_0 .net "CSB1", 0 0, o0x7f7111733eb8;  0 drivers
o0x7f7111733ee8 .functor BUFZ 1, C4<z>; HiZ drive
v0x555555d3b4b0_0 .net "CSB2", 0 0, o0x7f7111733ee8;  0 drivers
o0x7f7111733f18 .functor BUFZ 1, C4<z>; HiZ drive
v0x555555d3b570_0 .net "DIA0", 0 0, o0x7f7111733f18;  0 drivers
o0x7f7111733f48 .functor BUFZ 1, C4<z>; HiZ drive
v0x555555d3b630_0 .net "DIA1", 0 0, o0x7f7111733f48;  0 drivers
o0x7f7111733f78 .functor BUFZ 1, C4<z>; HiZ drive
v0x555555d3b6f0_0 .net "DIA10", 0 0, o0x7f7111733f78;  0 drivers
o0x7f7111733fa8 .functor BUFZ 1, C4<z>; HiZ drive
v0x555555d3b7b0_0 .net "DIA11", 0 0, o0x7f7111733fa8;  0 drivers
o0x7f7111733fd8 .functor BUFZ 1, C4<z>; HiZ drive
v0x555555d3b870_0 .net "DIA12", 0 0, o0x7f7111733fd8;  0 drivers
o0x7f7111734008 .functor BUFZ 1, C4<z>; HiZ drive
v0x555555d3b930_0 .net "DIA13", 0 0, o0x7f7111734008;  0 drivers
o0x7f7111734038 .functor BUFZ 1, C4<z>; HiZ drive
v0x555555d3b9f0_0 .net "DIA14", 0 0, o0x7f7111734038;  0 drivers
o0x7f7111734068 .functor BUFZ 1, C4<z>; HiZ drive
v0x555555d3bab0_0 .net "DIA15", 0 0, o0x7f7111734068;  0 drivers
o0x7f7111734098 .functor BUFZ 1, C4<z>; HiZ drive
v0x555555d3bb70_0 .net "DIA16", 0 0, o0x7f7111734098;  0 drivers
o0x7f71117340c8 .functor BUFZ 1, C4<z>; HiZ drive
v0x555555d3bc30_0 .net "DIA17", 0 0, o0x7f71117340c8;  0 drivers
o0x7f71117340f8 .functor BUFZ 1, C4<z>; HiZ drive
v0x555555d3bcf0_0 .net "DIA2", 0 0, o0x7f71117340f8;  0 drivers
o0x7f7111734128 .functor BUFZ 1, C4<z>; HiZ drive
v0x555555d3bdb0_0 .net "DIA3", 0 0, o0x7f7111734128;  0 drivers
o0x7f7111734158 .functor BUFZ 1, C4<z>; HiZ drive
v0x555555d3be70_0 .net "DIA4", 0 0, o0x7f7111734158;  0 drivers
o0x7f7111734188 .functor BUFZ 1, C4<z>; HiZ drive
v0x555555d3bf30_0 .net "DIA5", 0 0, o0x7f7111734188;  0 drivers
o0x7f71117341b8 .functor BUFZ 1, C4<z>; HiZ drive
v0x555555d3bff0_0 .net "DIA6", 0 0, o0x7f71117341b8;  0 drivers
o0x7f71117341e8 .functor BUFZ 1, C4<z>; HiZ drive
v0x555555d3c0b0_0 .net "DIA7", 0 0, o0x7f71117341e8;  0 drivers
o0x7f7111734218 .functor BUFZ 1, C4<z>; HiZ drive
v0x555555d3c170_0 .net "DIA8", 0 0, o0x7f7111734218;  0 drivers
o0x7f7111734248 .functor BUFZ 1, C4<z>; HiZ drive
v0x555555d3c230_0 .net "DIA9", 0 0, o0x7f7111734248;  0 drivers
o0x7f7111734278 .functor BUFZ 1, C4<z>; HiZ drive
v0x555555d3c2f0_0 .net "DIB0", 0 0, o0x7f7111734278;  0 drivers
o0x7f71117342a8 .functor BUFZ 1, C4<z>; HiZ drive
v0x555555d3c3b0_0 .net "DIB1", 0 0, o0x7f71117342a8;  0 drivers
o0x7f71117342d8 .functor BUFZ 1, C4<z>; HiZ drive
v0x555555d3c470_0 .net "DIB10", 0 0, o0x7f71117342d8;  0 drivers
o0x7f7111734308 .functor BUFZ 1, C4<z>; HiZ drive
v0x555555d3c530_0 .net "DIB11", 0 0, o0x7f7111734308;  0 drivers
o0x7f7111734338 .functor BUFZ 1, C4<z>; HiZ drive
v0x555555d3c5f0_0 .net "DIB12", 0 0, o0x7f7111734338;  0 drivers
o0x7f7111734368 .functor BUFZ 1, C4<z>; HiZ drive
v0x555555d3c6b0_0 .net "DIB13", 0 0, o0x7f7111734368;  0 drivers
o0x7f7111734398 .functor BUFZ 1, C4<z>; HiZ drive
v0x555555d3c770_0 .net "DIB14", 0 0, o0x7f7111734398;  0 drivers
o0x7f71117343c8 .functor BUFZ 1, C4<z>; HiZ drive
v0x555555d3c830_0 .net "DIB15", 0 0, o0x7f71117343c8;  0 drivers
o0x7f71117343f8 .functor BUFZ 1, C4<z>; HiZ drive
v0x555555d3c8f0_0 .net "DIB16", 0 0, o0x7f71117343f8;  0 drivers
o0x7f7111734428 .functor BUFZ 1, C4<z>; HiZ drive
v0x555555d3cdc0_0 .net "DIB17", 0 0, o0x7f7111734428;  0 drivers
o0x7f7111734458 .functor BUFZ 1, C4<z>; HiZ drive
v0x555555d3ce80_0 .net "DIB2", 0 0, o0x7f7111734458;  0 drivers
o0x7f7111734488 .functor BUFZ 1, C4<z>; HiZ drive
v0x555555d3cf40_0 .net "DIB3", 0 0, o0x7f7111734488;  0 drivers
o0x7f71117344b8 .functor BUFZ 1, C4<z>; HiZ drive
v0x555555d3d000_0 .net "DIB4", 0 0, o0x7f71117344b8;  0 drivers
o0x7f71117344e8 .functor BUFZ 1, C4<z>; HiZ drive
v0x555555d3d0c0_0 .net "DIB5", 0 0, o0x7f71117344e8;  0 drivers
o0x7f7111734518 .functor BUFZ 1, C4<z>; HiZ drive
v0x555555d3d180_0 .net "DIB6", 0 0, o0x7f7111734518;  0 drivers
o0x7f7111734548 .functor BUFZ 1, C4<z>; HiZ drive
v0x555555d3d240_0 .net "DIB7", 0 0, o0x7f7111734548;  0 drivers
o0x7f7111734578 .functor BUFZ 1, C4<z>; HiZ drive
v0x555555d3d300_0 .net "DIB8", 0 0, o0x7f7111734578;  0 drivers
o0x7f71117345a8 .functor BUFZ 1, C4<z>; HiZ drive
v0x555555d3d3c0_0 .net "DIB9", 0 0, o0x7f71117345a8;  0 drivers
o0x7f71117345d8 .functor BUFZ 1, C4<z>; HiZ drive
v0x555555d3d480_0 .net "DOA0", 0 0, o0x7f71117345d8;  0 drivers
o0x7f7111734608 .functor BUFZ 1, C4<z>; HiZ drive
v0x555555d3d540_0 .net "DOA1", 0 0, o0x7f7111734608;  0 drivers
o0x7f7111734638 .functor BUFZ 1, C4<z>; HiZ drive
v0x555555d3d600_0 .net "DOA10", 0 0, o0x7f7111734638;  0 drivers
o0x7f7111734668 .functor BUFZ 1, C4<z>; HiZ drive
v0x555555d3d6c0_0 .net "DOA11", 0 0, o0x7f7111734668;  0 drivers
o0x7f7111734698 .functor BUFZ 1, C4<z>; HiZ drive
v0x555555d3d780_0 .net "DOA12", 0 0, o0x7f7111734698;  0 drivers
o0x7f71117346c8 .functor BUFZ 1, C4<z>; HiZ drive
v0x555555d3d840_0 .net "DOA13", 0 0, o0x7f71117346c8;  0 drivers
o0x7f71117346f8 .functor BUFZ 1, C4<z>; HiZ drive
v0x555555d3d900_0 .net "DOA14", 0 0, o0x7f71117346f8;  0 drivers
o0x7f7111734728 .functor BUFZ 1, C4<z>; HiZ drive
v0x555555d3d9c0_0 .net "DOA15", 0 0, o0x7f7111734728;  0 drivers
o0x7f7111734758 .functor BUFZ 1, C4<z>; HiZ drive
v0x555555d3da80_0 .net "DOA16", 0 0, o0x7f7111734758;  0 drivers
o0x7f7111734788 .functor BUFZ 1, C4<z>; HiZ drive
v0x555555d3db40_0 .net "DOA17", 0 0, o0x7f7111734788;  0 drivers
o0x7f71117347b8 .functor BUFZ 1, C4<z>; HiZ drive
v0x555555d3dc00_0 .net "DOA2", 0 0, o0x7f71117347b8;  0 drivers
o0x7f71117347e8 .functor BUFZ 1, C4<z>; HiZ drive
v0x555555d3dcc0_0 .net "DOA3", 0 0, o0x7f71117347e8;  0 drivers
o0x7f7111734818 .functor BUFZ 1, C4<z>; HiZ drive
v0x555555d3dd80_0 .net "DOA4", 0 0, o0x7f7111734818;  0 drivers
o0x7f7111734848 .functor BUFZ 1, C4<z>; HiZ drive
v0x555555d3de40_0 .net "DOA5", 0 0, o0x7f7111734848;  0 drivers
o0x7f7111734878 .functor BUFZ 1, C4<z>; HiZ drive
v0x555555d3df00_0 .net "DOA6", 0 0, o0x7f7111734878;  0 drivers
o0x7f71117348a8 .functor BUFZ 1, C4<z>; HiZ drive
v0x555555d3dfc0_0 .net "DOA7", 0 0, o0x7f71117348a8;  0 drivers
o0x7f71117348d8 .functor BUFZ 1, C4<z>; HiZ drive
v0x555555d3e080_0 .net "DOA8", 0 0, o0x7f71117348d8;  0 drivers
o0x7f7111734908 .functor BUFZ 1, C4<z>; HiZ drive
v0x555555d3e140_0 .net "DOA9", 0 0, o0x7f7111734908;  0 drivers
o0x7f7111734938 .functor BUFZ 1, C4<z>; HiZ drive
v0x555555d3e200_0 .net "DOB0", 0 0, o0x7f7111734938;  0 drivers
o0x7f7111734968 .functor BUFZ 1, C4<z>; HiZ drive
v0x555555d3e2c0_0 .net "DOB1", 0 0, o0x7f7111734968;  0 drivers
o0x7f7111734998 .functor BUFZ 1, C4<z>; HiZ drive
v0x555555d3e380_0 .net "DOB10", 0 0, o0x7f7111734998;  0 drivers
o0x7f71117349c8 .functor BUFZ 1, C4<z>; HiZ drive
v0x555555d3e440_0 .net "DOB11", 0 0, o0x7f71117349c8;  0 drivers
o0x7f71117349f8 .functor BUFZ 1, C4<z>; HiZ drive
v0x555555d3e500_0 .net "DOB12", 0 0, o0x7f71117349f8;  0 drivers
o0x7f7111734a28 .functor BUFZ 1, C4<z>; HiZ drive
v0x555555d3e5c0_0 .net "DOB13", 0 0, o0x7f7111734a28;  0 drivers
o0x7f7111734a58 .functor BUFZ 1, C4<z>; HiZ drive
v0x555555d3e680_0 .net "DOB14", 0 0, o0x7f7111734a58;  0 drivers
o0x7f7111734a88 .functor BUFZ 1, C4<z>; HiZ drive
v0x555555d3e740_0 .net "DOB15", 0 0, o0x7f7111734a88;  0 drivers
o0x7f7111734ab8 .functor BUFZ 1, C4<z>; HiZ drive
v0x555555d3e800_0 .net "DOB16", 0 0, o0x7f7111734ab8;  0 drivers
o0x7f7111734ae8 .functor BUFZ 1, C4<z>; HiZ drive
v0x555555d3e8c0_0 .net "DOB17", 0 0, o0x7f7111734ae8;  0 drivers
o0x7f7111734b18 .functor BUFZ 1, C4<z>; HiZ drive
v0x555555d3e980_0 .net "DOB2", 0 0, o0x7f7111734b18;  0 drivers
o0x7f7111734b48 .functor BUFZ 1, C4<z>; HiZ drive
v0x555555d3ea40_0 .net "DOB3", 0 0, o0x7f7111734b48;  0 drivers
o0x7f7111734b78 .functor BUFZ 1, C4<z>; HiZ drive
v0x555555d3eb00_0 .net "DOB4", 0 0, o0x7f7111734b78;  0 drivers
o0x7f7111734ba8 .functor BUFZ 1, C4<z>; HiZ drive
v0x555555d3ebc0_0 .net "DOB5", 0 0, o0x7f7111734ba8;  0 drivers
o0x7f7111734bd8 .functor BUFZ 1, C4<z>; HiZ drive
v0x555555d3ec80_0 .net "DOB6", 0 0, o0x7f7111734bd8;  0 drivers
o0x7f7111734c08 .functor BUFZ 1, C4<z>; HiZ drive
v0x555555d3ed40_0 .net "DOB7", 0 0, o0x7f7111734c08;  0 drivers
o0x7f7111734c38 .functor BUFZ 1, C4<z>; HiZ drive
v0x555555d3ee00_0 .net "DOB8", 0 0, o0x7f7111734c38;  0 drivers
o0x7f7111734c68 .functor BUFZ 1, C4<z>; HiZ drive
v0x555555d3eec0_0 .net "DOB9", 0 0, o0x7f7111734c68;  0 drivers
o0x7f7111734c98 .functor BUFZ 1, C4<z>; HiZ drive
v0x555555d3ef80_0 .net "OCEA", 0 0, o0x7f7111734c98;  0 drivers
o0x7f7111734cc8 .functor BUFZ 1, C4<z>; HiZ drive
v0x555555d3f040_0 .net "OCEB", 0 0, o0x7f7111734cc8;  0 drivers
o0x7f7111734cf8 .functor BUFZ 1, C4<z>; HiZ drive
v0x555555d3f100_0 .net "RSTA", 0 0, o0x7f7111734cf8;  0 drivers
o0x7f7111734d28 .functor BUFZ 1, C4<z>; HiZ drive
v0x555555d3f1c0_0 .net "RSTB", 0 0, o0x7f7111734d28;  0 drivers
o0x7f7111734d58 .functor BUFZ 1, C4<z>; HiZ drive
v0x555555d3f280_0 .net "WEA", 0 0, o0x7f7111734d58;  0 drivers
o0x7f7111734d88 .functor BUFZ 1, C4<z>; HiZ drive
v0x555555d3f340_0 .net "WEB", 0 0, o0x7f7111734d88;  0 drivers
S_0x555555d13a50 .scope module, "DPR16X4C" "DPR16X4C" 2 236;
 .timescale 0 0;
    .port_info 0 /INPUT 4 "DI";
    .port_info 1 /INPUT 1 "WCK";
    .port_info 2 /INPUT 1 "WRE";
    .port_info 3 /INPUT 4 "RAD";
    .port_info 4 /INPUT 4 "WAD";
    .port_info 5 /OUTPUT 4 "DO";
P_0x555555d22ac0 .param/str "INITVAL" 0 2 245, "0x0000000000000000";
P_0x555555d22b00 .param/l "conv_initval" 1 2 275, C4<0000000000000000000000000000000000000000000000000000000000000000>;
L_0x555555d4e830 .functor BUFZ 4, L_0x555555d4e5f0, C4<0000>, C4<0000>, C4<0000>;
o0x7f7111736498 .functor BUFZ 4, C4<zzzz>; HiZ drive
v0x555555d40d90_0 .net "DI", 3 0, o0x7f7111736498;  0 drivers
v0x555555d40e90_0 .net "DO", 3 0, L_0x555555d4e830;  1 drivers
o0x7f71117364f8 .functor BUFZ 4, C4<zzzz>; HiZ drive
v0x555555d40f70_0 .net "RAD", 3 0, o0x7f71117364f8;  0 drivers
o0x7f7111736528 .functor BUFZ 4, C4<zzzz>; HiZ drive
v0x555555d41030_0 .net "WAD", 3 0, o0x7f7111736528;  0 drivers
o0x7f7111736558 .functor BUFZ 1, C4<z>; HiZ drive
v0x555555d41110_0 .net "WCK", 0 0, o0x7f7111736558;  0 drivers
o0x7f7111736588 .functor BUFZ 1, C4<z>; HiZ drive
v0x555555d41220_0 .net "WRE", 0 0, o0x7f7111736588;  0 drivers
v0x555555d412e0_0 .net *"_ivl_0", 3 0, L_0x555555d4e5f0;  1 drivers
v0x555555d413c0_0 .net *"_ivl_2", 5 0, L_0x555555d4e6c0;  1 drivers
L_0x7f71116ea018 .functor BUFT 1, C4<00>, C4<0>, C4<0>, C4<0>;
v0x555555d414a0_0 .net *"_ivl_5", 1 0, L_0x7f71116ea018;  1 drivers
v0x555555d41580_0 .var/i "i", 31 0;
v0x555555d41660 .array "ram", 15 0, 3 0;
E_0x555555c331b0 .event posedge, v0x555555d41110_0;
L_0x555555d4e5f0 .array/port v0x555555d41660, L_0x555555d4e6c0;
L_0x555555d4e6c0 .concat [ 4 2 0 0], o0x7f71117364f8, L_0x7f71116ea018;
S_0x555555d40670 .scope function.vec4.s64, "convert_initval" "convert_initval" 2 247, 2 247 0, S_0x555555d13a50;
 .timescale 0 0;
v0x555555d40820_0 .var "char", 7 0;
; Variable convert_initval is vec4 return value of scope S_0x555555d40670
v0x555555d40a00_0 .var "done", 0 0;
v0x555555d40aa0_0 .var "hex_initval", 143 0;
v0x555555d40b80_0 .var/i "i", 31 0;
v0x555555d40cb0_0 .var "temp", 63 0;
TD_DPR16X4C.convert_initval ;
    %pushi/vec4 0, 0, 1;
    %store/vec4 v0x555555d40a00_0, 0, 1;
    %pushi/vec4 0, 0, 64;
    %store/vec4 v0x555555d40cb0_0, 0, 64;
    %pushi/vec4 0, 0, 32;
    %store/vec4 v0x555555d40b80_0, 0, 32;
T_0.0 ;
    %load/vec4 v0x555555d40b80_0;
    %cmpi/s 16, 0, 32;
    %jmp/0xz T_0.1, 5;
    %load/vec4 v0x555555d40a00_0;
    %nor/r;
    %flag_set/vec4 8;
    %jmp/0xz  T_0.2, 8;
    %load/vec4 v0x555555d40aa0_0;
    %load/vec4 v0x555555d40b80_0;
    %muli 8, 0, 32;
    %part/s 8;
    %store/vec4 v0x555555d40820_0, 0, 8;
    %load/vec4 v0x555555d40820_0;
    %pushi/vec4 120, 0, 8; draw_string_vec4
    %cmp/e;
    %jmp/0xz  T_0.4, 4;
    %pushi/vec4 1, 0, 1;
    %store/vec4 v0x555555d40a00_0, 0, 1;
    %jmp T_0.5;
T_0.4 ;
    %pushi/vec4 48, 0, 8; draw_string_vec4
    %load/vec4 v0x555555d40820_0;
    %cmp/u;
    %flag_get/vec4 4;
    %flag_get/vec4 5;
    %or;
    %load/vec4 v0x555555d40820_0;
    %pushi/vec4 57, 0, 8; draw_string_vec4
    %cmp/u;
    %flag_get/vec4 4;
    %flag_get/vec4 5;
    %or;
    %and;
    %flag_set/vec4 8;
    %jmp/0xz  T_0.6, 8;
    %load/vec4 v0x555555d40820_0;
    %pushi/vec4 48, 0, 8; draw_string_vec4
    %sub;
    %pad/u 4;
    %load/vec4 v0x555555d40b80_0;
    %muli 4, 0, 32;
    %ix/vec4/s 4;
    %store/vec4 v0x555555d40cb0_0, 4, 4;
    %jmp T_0.7;
T_0.6 ;
    %pushi/vec4 65, 0, 8; draw_string_vec4
    %load/vec4 v0x555555d40820_0;
    %cmp/u;
    %flag_get/vec4 4;
    %flag_get/vec4 5;
    %or;
    %load/vec4 v0x555555d40820_0;
    %pushi/vec4 70, 0, 8; draw_string_vec4
    %cmp/u;
    %flag_get/vec4 4;
    %flag_get/vec4 5;
    %or;
    %and;
    %flag_set/vec4 8;
    %jmp/0xz  T_0.8, 8;
    %pushi/vec4 10, 0, 8;
    %load/vec4 v0x555555d40820_0;
    %add;
    %pushi/vec4 65, 0, 8; draw_string_vec4
    %sub;
    %pad/u 4;
    %load/vec4 v0x555555d40b80_0;
    %muli 4, 0, 32;
    %ix/vec4/s 4;
    %store/vec4 v0x555555d40cb0_0, 4, 4;
    %jmp T_0.9;
T_0.8 ;
    %pushi/vec4 97, 0, 8; draw_string_vec4
    %load/vec4 v0x555555d40820_0;
    %cmp/u;
    %flag_get/vec4 4;
    %flag_get/vec4 5;
    %or;
    %load/vec4 v0x555555d40820_0;
    %pushi/vec4 102, 0, 8; draw_string_vec4
    %cmp/u;
    %flag_get/vec4 4;
    %flag_get/vec4 5;
    %or;
    %and;
    %flag_set/vec4 8;
    %jmp/0xz  T_0.10, 8;
    %pushi/vec4 10, 0, 8;
    %load/vec4 v0x555555d40820_0;
    %add;
    %pushi/vec4 97, 0, 8; draw_string_vec4
    %sub;
    %pad/u 4;
    %load/vec4 v0x555555d40b80_0;
    %muli 4, 0, 32;
    %ix/vec4/s 4;
    %store/vec4 v0x555555d40cb0_0, 4, 4;
T_0.10 ;
T_0.9 ;
T_0.7 ;
T_0.5 ;
T_0.2 ;
    %load/vec4 v0x555555d40b80_0;
    %addi 1, 0, 32;
    %store/vec4 v0x555555d40b80_0, 0, 32;
    %jmp T_0.0;
T_0.1 ;
    %load/vec4 v0x555555d40cb0_0;
    %ret/vec4 0, 0, 64;  Assign to convert_initval (store_vec4_to_lval)
    %end;
S_0x555555d13e00 .scope module, "INV" "INV" 2 422;
 .timescale 0 0;
    .port_info 0 /INPUT 1 "A";
    .port_info 1 /OUTPUT 1 "Z";
o0x7f7111736798 .functor BUFZ 1, C4<z>; HiZ drive
v0x555555d417e0_0 .net "A", 0 0, o0x7f7111736798;  0 drivers
v0x555555d418c0_0 .net "Z", 0 0, L_0x555555d4e8f0;  1 drivers
L_0x555555d4e8f0 .reduce/nor o0x7f7111736798;
S_0x555555cc2560 .scope module, "TRELLIS_DPR16X4" "TRELLIS_DPR16X4" 2 190;
 .timescale 0 0;
    .port_info 0 /INPUT 4 "DI";
    .port_info 1 /INPUT 4 "WAD";
    .port_info 2 /INPUT 1 "WRE";
    .port_info 3 /INPUT 1 "WCK";
    .port_info 4 /INPUT 4 "RAD";
    .port_info 5 /OUTPUT 4 "DO";
P_0x555555cc26f0 .param/l "INITVAL" 0 2 200, C4<0000000000000000000000000000000000000000000000000000000000000000>;
P_0x555555cc2730 .param/str "WCKMUX" 0 2 198, "WCK";
P_0x555555cc2770 .param/str "WREMUX" 0 2 199, "WRE";
o0x7f7111736918 .functor BUFZ 1, C4<z>; HiZ drive
L_0x555555d4e9c0 .functor BUFZ 1, o0x7f7111736918, C4<0>, C4<0>, C4<0>;
L_0x555555d4ed00 .functor BUFZ 4, L_0x555555d4ea90, C4<0000>, C4<0000>, C4<0000>;
o0x7f7111736858 .functor BUFZ 4, C4<zzzz>; HiZ drive
v0x555555d41a20_0 .net "DI", 3 0, o0x7f7111736858;  0 drivers
v0x555555d41b20_0 .net "DO", 3 0, L_0x555555d4ed00;  1 drivers
o0x7f71117368b8 .functor BUFZ 4, C4<zzzz>; HiZ drive
v0x555555d41c00_0 .net "RAD", 3 0, o0x7f71117368b8;  0 drivers
o0x7f71117368e8 .functor BUFZ 4, C4<zzzz>; HiZ drive
v0x555555d41cc0_0 .net "WAD", 3 0, o0x7f71117368e8;  0 drivers
v0x555555d41da0_0 .net "WCK", 0 0, o0x7f7111736918;  0 drivers
o0x7f7111736948 .functor BUFZ 1, C4<z>; HiZ drive
v0x555555d41e60_0 .net "WRE", 0 0, o0x7f7111736948;  0 drivers
v0x555555d41f20_0 .net *"_ivl_2", 3 0, L_0x555555d4ea90;  1 drivers
v0x555555d42000_0 .net *"_ivl_4", 5 0, L_0x555555d4eb90;  1 drivers
L_0x7f71116ea060 .functor BUFT 1, C4<00>, C4<0>, C4<0>, C4<0>;
v0x555555d420e0_0 .net *"_ivl_7", 1 0, L_0x7f71116ea060;  1 drivers
v0x555555d42250_0 .var/i "i", 31 0;
v0x555555d42330 .array "mem", 0 15, 3 0;
v0x555555d423f0_0 .net "muxwck", 0 0, L_0x555555d4e9c0;  1 drivers
v0x555555d424b0_0 .var "muxwre", 0 0;
E_0x555555c32390 .event posedge, v0x555555d423f0_0;
E_0x555555c64a20 .event anyedge, v0x555555d41e60_0;
L_0x555555d4ea90 .array/port v0x555555d42330, L_0x555555d4eb90;
L_0x555555d4eb90 .concat [ 4 2 0 0], o0x7f71117368b8, L_0x7f71116ea060;
S_0x555555c31e60 .scope module, "TRELLIS_IO" "TRELLIS_IO" 2 393;
 .timescale 0 0;
    .port_info 0 /INOUT 1 "B";
    .port_info 1 /INPUT 1 "I";
    .port_info 2 /INPUT 1 "T";
    .port_info 3 /OUTPUT 1 "O";
P_0x555555c31ff0 .param/str "DIR" 0 2 399, "INPUT";
o0x7f7111736bb8 .functor BUFZ 1, C4<z>; HiZ drive
v0x555555d42820_0 .net "B", 0 0, o0x7f7111736bb8;  0 drivers
o0x7f7111736be8 .functor BUFZ 1, C4<z>; HiZ drive
v0x555555d42900_0 .net "I", 0 0, o0x7f7111736be8;  0 drivers
v0x555555d429c0_0 .net "O", 0 0, L_0x555555d4edc0;  1 drivers
o0x7f7111736c48 .functor BUFZ 1, C4<z>; HiZ drive
v0x555555d42a60_0 .net "T", 0 0, o0x7f7111736c48;  0 drivers
v0x555555d42b20_0 .var "T_pd", 0 0;
E_0x555555d1fa90 .event anyedge, v0x555555d42a60_0;
S_0x555555d42670 .scope generate, "genblk1" "genblk1" 2 404, 2 404 0, S_0x555555c31e60;
 .timescale 0 0;
L_0x555555d4edc0 .functor BUFZ 1, o0x7f7111736bb8, C4<0>, C4<0>, C4<0>;
S_0x555555c32090 .scope module, "TRELLIS_SLICE" "TRELLIS_SLICE" 2 428;
 .timescale 0 0;
    .port_info 0 /INPUT 1 "A0";
    .port_info 1 /INPUT 1 "B0";
    .port_info 2 /INPUT 1 "C0";
    .port_info 3 /INPUT 1 "D0";
    .port_info 4 /INPUT 1 "A1";
    .port_info 5 /INPUT 1 "B1";
    .port_info 6 /INPUT 1 "C1";
    .port_info 7 /INPUT 1 "D1";
    .port_info 8 /INPUT 1 "M0";
    .port_info 9 /INPUT 1 "M1";
    .port_info 10 /INPUT 1 "FCI";
    .port_info 11 /INPUT 1 "FXA";
    .port_info 12 /INPUT 1 "FXB";
    .port_info 13 /INPUT 1 "CLK";
    .port_info 14 /INPUT 1 "LSR";
    .port_info 15 /INPUT 1 "CE";
    .port_info 16 /INPUT 1 "DI0";
    .port_info 17 /INPUT 1 "DI1";
    .port_info 18 /INPUT 1 "WD0";
    .port_info 19 /INPUT 1 "WD1";
    .port_info 20 /INPUT 1 "WAD0";
    .port_info 21 /INPUT 1 "WAD1";
    .port_info 22 /INPUT 1 "WAD2";
    .port_info 23 /INPUT 1 "WAD3";
    .port_info 24 /INPUT 1 "WRE";
    .port_info 25 /INPUT 1 "WCK";
    .port_info 26 /OUTPUT 1 "F0";
    .port_info 27 /OUTPUT 1 "Q0";
    .port_info 28 /OUTPUT 1 "F1";
    .port_info 29 /OUTPUT 1 "Q1";
    .port_info 30 /OUTPUT 1 "FCO";
    .port_info 31 /OUTPUT 1 "OFX0";
    .port_info 32 /OUTPUT 1 "OFX1";
    .port_info 33 /OUTPUT 1 "WDO0";
    .port_info 34 /OUTPUT 1 "WDO1";
    .port_info 35 /OUTPUT 1 "WDO2";
    .port_info 36 /OUTPUT 1 "WDO3";
    .port_info 37 /OUTPUT 1 "WADO0";
    .port_info 38 /OUTPUT 1 "WADO1";
    .port_info 39 /OUTPUT 1 "WADO2";
    .port_info 40 /OUTPUT 1 "WADO3";
P_0x555555d27fe0 .param/str "A0MUX" 0 2 468, "A0";
P_0x555555d28020 .param/str "A1MUX" 0 2 469, "A1";
P_0x555555d28060 .param/str "B0MUX" 0 2 470, "B0";
P_0x555555d280a0 .param/str "B1MUX" 0 2 471, "B1";
P_0x555555d280e0 .param/str "C0MUX" 0 2 472, "C0";
P_0x555555d28120 .param/str "C1MUX" 0 2 473, "C1";
P_0x555555d28160 .param/str "CCU2_INJECT1_0" 0 2 463, "\000\000\000\000\000\000\000\000\000\000\000\000\000\000NO";
P_0x555555d281a0 .param/str "CCU2_INJECT1_1" 0 2 464, "\000\000\000\000\000\000\000\000\000\000\000\000\000\000NO";
P_0x555555d281e0 .param/str "CEMUX" 0 2 452, "\000\000\000\000\000\000\000\000\000\000\000\000\000\000\0001";
P_0x555555d28220 .param/str "CLKMUX" 0 2 453, "CLK";
P_0x555555d28260 .param/str "D0MUX" 0 2 474, "D0";
P_0x555555d282a0 .param/str "D1MUX" 0 2 475, "D1";
P_0x555555d282e0 .param/str "GSR" 0 2 450, "ENABLED";
P_0x555555d28320 .param/str "LSRMUX" 0 2 454, "LSR";
P_0x555555d28360 .param/l "LUT0_INITVAL" 0 2 455, C4<0000000000000000>;
P_0x555555d283a0 .param/l "LUT1_INITVAL" 0 2 456, C4<0000000000000000>;
P_0x555555d283e0 .param/str "MODE" 0 2 449, "LOGIC";
P_0x555555d28420 .param/str "REG0_LSRMODE" 0 2 461, "LSR";
P_0x555555d28460 .param/str "REG0_REGSET" 0 2 459, "RESET";
P_0x555555d284a0 .param/str "REG0_SD" 0 2 457, "0";
P_0x555555d284e0 .param/str "REG1_LSRMODE" 0 2 462, "LSR";
P_0x555555d28520 .param/str "REG1_REGSET" 0 2 460, "RESET";
P_0x555555d28560 .param/str "REG1_SD" 0 2 458, "0";
P_0x555555d285a0 .param/str "SRMODE" 0 2 451, "LSR_OVER_CE";
P_0x555555d285e0 .param/str "WCKMUX" 0 2 466, "WCK";
P_0x555555d28620 .param/str "WREMUX" 0 2 465, "WRE";
o0x7f7111736e28 .functor BUFZ 1, C4<z>; HiZ drive
L_0x555555d50d60 .functor BUFZ 1, o0x7f7111736e28, C4<0>, C4<0>, C4<0>;
o0x7f7111737098 .functor BUFZ 1, C4<z>; HiZ drive
L_0x555555d50eb0 .functor BUFZ 1, o0x7f7111737098, C4<0>, C4<0>, C4<0>;
o0x7f7111737d88 .functor BUFZ 1, C4<z>; HiZ drive
v0x555555d4a200_0 .net "A0", 0 0, o0x7f7111737d88;  0 drivers
v0x555555d4a2e0_0 .net "A0m", 0 0, L_0x555555d4ee60;  1 drivers
o0x7f7111737db8 .functor BUFZ 1, C4<z>; HiZ drive
v0x555555d4a3d0_0 .net "A1", 0 0, o0x7f7111737db8;  0 drivers
v0x555555d4a4a0_0 .net "A1m", 0 0, L_0x555555d4f160;  1 drivers
o0x7f7111737de8 .functor BUFZ 1, C4<z>; HiZ drive
v0x555555d4a570_0 .net "B0", 0 0, o0x7f7111737de8;  0 drivers
v0x555555d4a660_0 .net "B0m", 0 0, L_0x555555d4ef20;  1 drivers
o0x7f7111737e18 .functor BUFZ 1, C4<z>; HiZ drive
v0x555555d4a700_0 .net "B1", 0 0, o0x7f7111737e18;  0 drivers
v0x555555d4a7a0_0 .net "B1m", 0 0, L_0x555555d4f240;  1 drivers
o0x7f7111737e48 .functor BUFZ 1, C4<z>; HiZ drive
v0x555555d4a870_0 .net "C0", 0 0, o0x7f7111737e48;  0 drivers
v0x555555d4a9a0_0 .net "C0m", 0 0, L_0x555555d4efe0;  1 drivers
o0x7f7111737e78 .functor BUFZ 1, C4<z>; HiZ drive
v0x555555d4aa70_0 .net "C1", 0 0, o0x7f7111737e78;  0 drivers
v0x555555d4ab10_0 .net "C1m", 0 0, L_0x555555d4f320;  1 drivers
o0x7f7111736d68 .functor BUFZ 1, C4<z>; HiZ drive
v0x555555d4abe0_0 .net "CE", 0 0, o0x7f7111736d68;  0 drivers
o0x7f7111736d98 .functor BUFZ 1, C4<z>; HiZ drive
v0x555555d4ac80_0 .net "CLK", 0 0, o0x7f7111736d98;  0 drivers
o0x7f7111737ea8 .functor BUFZ 1, C4<z>; HiZ drive
v0x555555d4ad70_0 .net "D0", 0 0, o0x7f7111737ea8;  0 drivers
v0x555555d4ae10_0 .net "D0m", 0 0, L_0x555555d4f0a0;  1 drivers
o0x7f7111737ed8 .functor BUFZ 1, C4<z>; HiZ drive
v0x555555d4aeb0_0 .net "D1", 0 0, o0x7f7111737ed8;  0 drivers
v0x555555d4af50_0 .net "D1m", 0 0, L_0x555555d4f400;  1 drivers
o0x7f7111737f08 .functor BUFZ 1, C4<z>; HiZ drive
v0x555555d4aff0_0 .net "DI0", 0 0, o0x7f7111737f08;  0 drivers
o0x7f7111737f38 .functor BUFZ 1, C4<z>; HiZ drive
v0x555555d4b090_0 .net "DI1", 0 0, o0x7f7111737f38;  0 drivers
v0x555555d4b130_0 .net "F0", 0 0, L_0x555555d4fed0;  1 drivers
v0x555555d4b220_0 .net "F1", 0 0, L_0x555555d509a0;  1 drivers
o0x7f7111737f68 .functor BUFZ 1, C4<z>; HiZ drive
v0x555555d4b310_0 .net "FCI", 0 0, o0x7f7111737f68;  0 drivers
o0x7f7111737f98 .functor BUFZ 1, C4<z>; HiZ drive
v0x555555d4b3b0_0 .net "FCO", 0 0, o0x7f7111737f98;  0 drivers
o0x7f7111737ba8 .functor BUFZ 1, C4<z>; HiZ drive
v0x555555d4b470_0 .net "FXA", 0 0, o0x7f7111737ba8;  0 drivers
o0x7f7111737bd8 .functor BUFZ 1, C4<z>; HiZ drive
v0x555555d4b510_0 .net "FXB", 0 0, o0x7f7111737bd8;  0 drivers
o0x7f7111736df8 .functor BUFZ 1, C4<z>; HiZ drive
v0x555555d4b5b0_0 .net "LSR", 0 0, o0x7f7111736df8;  0 drivers
v0x555555d4b6a0_0 .net "M0", 0 0, o0x7f7111736e28;  0 drivers
v0x555555d4b790_0 .net "M1", 0 0, o0x7f7111737098;  0 drivers
v0x555555d4b880_0 .net "OFX0", 0 0, L_0x555555d50af0;  1 drivers
v0x555555d4b920_0 .net "OFX1", 0 0, L_0x555555d50c70;  1 drivers
v0x555555d4b9c0_0 .net "Q0", 0 0, v0x555555d43f70_0;  1 drivers
v0x555555d4ba60_0 .net "Q1", 0 0, v0x555555d45880_0;  1 drivers
o0x7f7111737fc8 .functor BUFZ 1, C4<z>; HiZ drive
v0x555555d4bb30_0 .net "WAD0", 0 0, o0x7f7111737fc8;  0 drivers
o0x7f7111737ff8 .functor BUFZ 1, C4<z>; HiZ drive
v0x555555d4bbd0_0 .net "WAD1", 0 0, o0x7f7111737ff8;  0 drivers
o0x7f7111738028 .functor BUFZ 1, C4<z>; HiZ drive
v0x555555d4bc70_0 .net "WAD2", 0 0, o0x7f7111738028;  0 drivers
o0x7f7111738058 .functor BUFZ 1, C4<z>; HiZ drive
v0x555555d4bd10_0 .net "WAD3", 0 0, o0x7f7111738058;  0 drivers
o0x7f7111738088 .functor BUFZ 1, C4<z>; HiZ drive
v0x555555d4bdb0_0 .net "WADO0", 0 0, o0x7f7111738088;  0 drivers
o0x7f71117380b8 .functor BUFZ 1, C4<z>; HiZ drive
v0x555555d4be50_0 .net "WADO1", 0 0, o0x7f71117380b8;  0 drivers
o0x7f71117380e8 .functor BUFZ 1, C4<z>; HiZ drive
v0x555555d4bef0_0 .net "WADO2", 0 0, o0x7f71117380e8;  0 drivers
o0x7f7111738118 .functor BUFZ 1, C4<z>; HiZ drive
v0x555555d4bfb0_0 .net "WADO3", 0 0, o0x7f7111738118;  0 drivers
o0x7f7111738148 .functor BUFZ 1, C4<z>; HiZ drive
v0x555555d4c070_0 .net "WCK", 0 0, o0x7f7111738148;  0 drivers
o0x7f7111738178 .functor BUFZ 1, C4<z>; HiZ drive
v0x555555d4c130_0 .net "WD0", 0 0, o0x7f7111738178;  0 drivers
o0x7f71117381a8 .functor BUFZ 1, C4<z>; HiZ drive
v0x555555d4c1f0_0 .net "WD1", 0 0, o0x7f71117381a8;  0 drivers
o0x7f71117381d8 .functor BUFZ 1, C4<z>; HiZ drive
v0x555555d4c2b0_0 .net "WDO0", 0 0, o0x7f71117381d8;  0 drivers
o0x7f7111738208 .functor BUFZ 1, C4<z>; HiZ drive
v0x555555d4c370_0 .net "WDO1", 0 0, o0x7f7111738208;  0 drivers
o0x7f7111738238 .functor BUFZ 1, C4<z>; HiZ drive
v0x555555d4c430_0 .net "WDO2", 0 0, o0x7f7111738238;  0 drivers
o0x7f7111738268 .functor BUFZ 1, C4<z>; HiZ drive
v0x555555d4c4f0_0 .net "WDO3", 0 0, o0x7f7111738268;  0 drivers
o0x7f7111738298 .functor BUFZ 1, C4<z>; HiZ drive
v0x555555d4c5b0_0 .net "WRE", 0 0, o0x7f7111738298;  0 drivers
v0x555555d4c670_0 .net "muxdi0", 0 0, L_0x555555d50d60;  1 drivers
v0x555555d4c740_0 .net "muxdi1", 0 0, L_0x555555d50eb0;  1 drivers
S_0x555555d42cb0 .scope module, "ff_0" "TRELLIS_FF" 2 581, 2 311 0, S_0x555555c32090;
 .timescale 0 0;
    .port_info 0 /INPUT 1 "CLK";
    .port_info 1 /INPUT 1 "LSR";
    .port_info 2 /INPUT 1 "CE";
    .port_info 3 /INPUT 1 "DI";
    .port_info 4 /INPUT 1 "M";
    .port_info 5 /OUTPUT 1 "Q";
P_0x555555bf9320 .param/str "CEMUX" 0 2 313, "\000\000\000\000\000\000\000\000\000\000\000\000\000\000\0001";
P_0x555555bf9360 .param/str "CLKMUX" 0 2 314, "CLK";
P_0x555555bf93a0 .param/str "GSR" 0 2 312, "ENABLED";
P_0x555555bf93e0 .param/l "LSRMODE" 0 2 318, C4<00000000000000000000000000000000000000000000000000000000000000000000000000000000000000000000000000000000010011000101001101010010>;
P_0x555555bf9420 .param/str "LSRMUX" 0 2 315, "LSR";
P_0x555555bf9460 .param/str "REGSET" 0 2 317, "RESET";
P_0x555555bf94a0 .param/str "SRMODE" 0 2 316, "LSR_OVER_CE";
L_0x555555d50fb0 .functor BUFZ 1, o0x7f7111736df8, C4<0>, C4<0>, C4<0>;
L_0x555555d51020 .functor BUFZ 1, o0x7f7111736d98, C4<0>, C4<0>, C4<0>;
v0x555555d43b80_0 .net "CE", 0 0, o0x7f7111736d68;  alias, 0 drivers
v0x555555d43c40_0 .net "CLK", 0 0, o0x7f7111736d98;  alias, 0 drivers
v0x555555d43d00_0 .net "DI", 0 0, L_0x555555d50d60;  alias, 1 drivers
v0x555555d43da0_0 .net "LSR", 0 0, o0x7f7111736df8;  alias, 0 drivers
v0x555555d43e60_0 .net "M", 0 0, o0x7f7111736e28;  alias, 0 drivers
v0x555555d43f70_0 .var "Q", 0 0;
L_0x7f71116ea1c8 .functor BUFT 1, C4<1>, C4<0>, C4<0>, C4<0>;
v0x555555d44030_0 .net "muxce", 0 0, L_0x7f71116ea1c8;  1 drivers
v0x555555d440f0_0 .net "muxclk", 0 0, L_0x555555d51020;  1 drivers
v0x555555d441b0_0 .net "muxlsr", 0 0, L_0x555555d50fb0;  1 drivers
L_0x7f71116ea210 .functor BUFT 1, C4<0>, C4<0>, C4<0>, C4<0>;
v0x555555d44300_0 .net "srval", 0 0, L_0x7f71116ea210;  1 drivers
S_0x555555d433f0 .scope generate, "genblk1" "genblk1" 2 322, 2 322 0, S_0x555555d42cb0;
 .timescale 0 0;
S_0x555555d435a0 .scope generate, "genblk3" "genblk3" 2 334, 2 334 0, S_0x555555d42cb0;
 .timescale 0 0;
S_0x555555d437a0 .scope generate, "genblk5" "genblk5" 2 343, 2 343 0, S_0x555555d42cb0;
 .timescale 0 0;
E_0x555555c71c70 .event posedge, v0x555555d440f0_0;
S_0x555555d439a0 .scope generate, "genblk7" "genblk7" 2 360, 2 360 0, S_0x555555d42cb0;
 .timescale 0 0;
S_0x555555d44480 .scope module, "ff_1" "TRELLIS_FF" 2 594, 2 311 0, S_0x555555c32090;
 .timescale 0 0;
    .port_info 0 /INPUT 1 "CLK";
    .port_info 1 /INPUT 1 "LSR";
    .port_info 2 /INPUT 1 "CE";
    .port_info 3 /INPUT 1 "DI";
    .port_info 4 /INPUT 1 "M";
    .port_info 5 /OUTPUT 1 "Q";
P_0x555555d44630 .param/str "CEMUX" 0 2 313, "\000\000\000\000\000\000\000\000\000\000\000\000\000\000\0001";
P_0x555555d44670 .param/str "CLKMUX" 0 2 314, "CLK";
P_0x555555d446b0 .param/str "GSR" 0 2 312, "ENABLED";
P_0x555555d446f0 .param/l "LSRMODE" 0 2 318, C4<00000000000000000000000000000000000000000000000000000000000000000000000000000000000000000000000000000000010011000101001101010010>;
P_0x555555d44730 .param/str "LSRMUX" 0 2 315, "LSR";
P_0x555555d44770 .param/str "REGSET" 0 2 317, "RESET";
P_0x555555d447b0 .param/str "SRMODE" 0 2 316, "LSR_OVER_CE";
L_0x555555d51120 .functor BUFZ 1, o0x7f7111736df8, C4<0>, C4<0>, C4<0>;
L_0x555555d51220 .functor BUFZ 1, o0x7f7111736d98, C4<0>, C4<0>, C4<0>;
v0x555555d45480_0 .net "CE", 0 0, o0x7f7111736d68;  alias, 0 drivers
v0x555555d45520_0 .net "CLK", 0 0, o0x7f7111736d98;  alias, 0 drivers
v0x555555d455f0_0 .net "DI", 0 0, L_0x555555d50eb0;  alias, 1 drivers
v0x555555d456c0_0 .net "LSR", 0 0, o0x7f7111736df8;  alias, 0 drivers
v0x555555d45790_0 .net "M", 0 0, o0x7f7111737098;  alias, 0 drivers
v0x555555d45880_0 .var "Q", 0 0;
L_0x7f71116ea258 .functor BUFT 1, C4<1>, C4<0>, C4<0>, C4<0>;
v0x555555d45920_0 .net "muxce", 0 0, L_0x7f71116ea258;  1 drivers
v0x555555d459c0_0 .net "muxclk", 0 0, L_0x555555d51220;  1 drivers
v0x555555d45a80_0 .net "muxlsr", 0 0, L_0x555555d51120;  1 drivers
L_0x7f71116ea2a0 .functor BUFT 1, C4<0>, C4<0>, C4<0>, C4<0>;
v0x555555d45bd0_0 .net "srval", 0 0, L_0x7f71116ea2a0;  1 drivers
S_0x555555d44cf0 .scope generate, "genblk1" "genblk1" 2 322, 2 322 0, S_0x555555d44480;
 .timescale 0 0;
S_0x555555d44ea0 .scope generate, "genblk3" "genblk3" 2 334, 2 334 0, S_0x555555d44480;
 .timescale 0 0;
S_0x555555d450a0 .scope generate, "genblk5" "genblk5" 2 343, 2 343 0, S_0x555555d44480;
 .timescale 0 0;
E_0x555555d12aa0 .event posedge, v0x555555d459c0_0;
S_0x555555d452a0 .scope generate, "genblk7" "genblk7" 2 360, 2 360 0, S_0x555555d44480;
 .timescale 0 0;
S_0x555555d45d90 .scope generate, "genblk10" "genblk10" 2 485, 2 485 0, S_0x555555c32090;
 .timescale 0 0;
L_0x555555d4f160 .functor BUFZ 1, o0x7f7111737db8, C4<0>, C4<0>, C4<0>;
S_0x555555d45f20 .scope generate, "genblk12" "genblk12" 2 486, 2 486 0, S_0x555555c32090;
 .timescale 0 0;
L_0x555555d4f240 .functor BUFZ 1, o0x7f7111737e18, C4<0>, C4<0>, C4<0>;
S_0x555555d46100 .scope generate, "genblk14" "genblk14" 2 487, 2 487 0, S_0x555555c32090;
 .timescale 0 0;
L_0x555555d4f320 .functor BUFZ 1, o0x7f7111737e78, C4<0>, C4<0>, C4<0>;
S_0x555555d46330 .scope generate, "genblk16" "genblk16" 2 488, 2 488 0, S_0x555555c32090;
 .timescale 0 0;
L_0x555555d4f400 .functor BUFZ 1, o0x7f7111737ed8, C4<0>, C4<0>, C4<0>;
S_0x555555d46510 .scope generate, "genblk17" "genblk17" 2 503, 2 503 0, S_0x555555c32090;
 .timescale 0 0;
S_0x555555d466f0 .scope module, "lut4_0" "LUT4" 2 507, 2 4 0, S_0x555555d46510;
 .timescale 0 0;
    .port_info 0 /INPUT 1 "A";
    .port_info 1 /INPUT 1 "B";
    .port_info 2 /INPUT 1 "C";
    .port_info 3 /INPUT 1 "D";
    .port_info 4 /OUTPUT 1 "Z";
P_0x555555d468d0 .param/l "INIT" 0 2 5, C4<0000000000000000>;
v0x555555d46a00_0 .net "A", 0 0, L_0x555555d4ee60;  alias, 1 drivers
v0x555555d46ac0_0 .net "B", 0 0, L_0x555555d4ef20;  alias, 1 drivers
v0x555555d46b80_0 .net "C", 0 0, L_0x555555d4efe0;  alias, 1 drivers
v0x555555d46c50_0 .net "D", 0 0, L_0x555555d4f0a0;  alias, 1 drivers
v0x555555d46d10_0 .net "Z", 0 0, L_0x555555d4fed0;  alias, 1 drivers
L_0x7f71116ea0a8 .functor BUFT 1, C4<00000000>, C4<0>, C4<0>, C4<0>;
v0x555555d46dd0_0 .net/2u *"_ivl_0", 7 0, L_0x7f71116ea0a8;  1 drivers
v0x555555d46eb0_0 .net *"_ivl_13", 1 0, L_0x555555d4f9e0;  1 drivers
v0x555555d46f90_0 .net *"_ivl_15", 1 0, L_0x555555d4fad0;  1 drivers
v0x555555d47070_0 .net *"_ivl_19", 0 0, L_0x555555d4fcf0;  1 drivers
L_0x7f71116ea0f0 .functor BUFT 1, C4<00000000>, C4<0>, C4<0>, C4<0>;
v0x555555d471e0_0 .net/2u *"_ivl_2", 7 0, L_0x7f71116ea0f0;  1 drivers
v0x555555d472c0_0 .net *"_ivl_21", 0 0, L_0x555555d4fe30;  1 drivers
v0x555555d473a0_0 .net *"_ivl_7", 3 0, L_0x555555d4f6e0;  1 drivers
v0x555555d47480_0 .net *"_ivl_9", 3 0, L_0x555555d4f7d0;  1 drivers
v0x555555d47560_0 .net "s1", 1 0, L_0x555555d4fbb0;  1 drivers
v0x555555d47640_0 .net "s2", 3 0, L_0x555555d4f870;  1 drivers
v0x555555d47720_0 .net "s3", 7 0, L_0x555555d4f570;  1 drivers
L_0x555555d4f570 .functor MUXZ 8, L_0x7f71116ea0f0, L_0x7f71116ea0a8, L_0x555555d4f0a0, C4<>;
L_0x555555d4f6e0 .part L_0x555555d4f570, 4, 4;
L_0x555555d4f7d0 .part L_0x555555d4f570, 0, 4;
L_0x555555d4f870 .functor MUXZ 4, L_0x555555d4f7d0, L_0x555555d4f6e0, L_0x555555d4efe0, C4<>;
L_0x555555d4f9e0 .part L_0x555555d4f870, 2, 2;
L_0x555555d4fad0 .part L_0x555555d4f870, 0, 2;
L_0x555555d4fbb0 .functor MUXZ 2, L_0x555555d4fad0, L_0x555555d4f9e0, L_0x555555d4ef20, C4<>;
L_0x555555d4fcf0 .part L_0x555555d4fbb0, 1, 1;
L_0x555555d4fe30 .part L_0x555555d4fbb0, 0, 1;
L_0x555555d4fed0 .functor MUXZ 1, L_0x555555d4fe30, L_0x555555d4fcf0, L_0x555555d4ee60, C4<>;
S_0x555555d478a0 .scope module, "lut4_1" "LUT4" 2 513, 2 4 0, S_0x555555d46510;
 .timescale 0 0;
    .port_info 0 /INPUT 1 "A";
    .port_info 1 /INPUT 1 "B";
    .port_info 2 /INPUT 1 "C";
    .port_info 3 /INPUT 1 "D";
    .port_info 4 /OUTPUT 1 "Z";
P_0x555555d47a50 .param/l "INIT" 0 2 5, C4<0000000000000000>;
v0x555555d47ba0_0 .net "A", 0 0, L_0x555555d4f160;  alias, 1 drivers
v0x555555d47c60_0 .net "B", 0 0, L_0x555555d4f240;  alias, 1 drivers
v0x555555d47d20_0 .net "C", 0 0, L_0x555555d4f320;  alias, 1 drivers
v0x555555d47df0_0 .net "D", 0 0, L_0x555555d4f400;  alias, 1 drivers
v0x555555d47eb0_0 .net "Z", 0 0, L_0x555555d509a0;  alias, 1 drivers
L_0x7f71116ea138 .functor BUFT 1, C4<00000000>, C4<0>, C4<0>, C4<0>;
v0x555555d47f70_0 .net/2u *"_ivl_0", 7 0, L_0x7f71116ea138;  1 drivers
v0x555555d48050_0 .net *"_ivl_13", 1 0, L_0x555555d504b0;  1 drivers
v0x555555d48130_0 .net *"_ivl_15", 1 0, L_0x555555d505a0;  1 drivers
v0x555555d48210_0 .net *"_ivl_19", 0 0, L_0x555555d507c0;  1 drivers
L_0x7f71116ea180 .functor BUFT 1, C4<00000000>, C4<0>, C4<0>, C4<0>;
v0x555555d48380_0 .net/2u *"_ivl_2", 7 0, L_0x7f71116ea180;  1 drivers
v0x555555d48460_0 .net *"_ivl_21", 0 0, L_0x555555d50900;  1 drivers
v0x555555d48540_0 .net *"_ivl_7", 3 0, L_0x555555d501b0;  1 drivers
v0x555555d48620_0 .net *"_ivl_9", 3 0, L_0x555555d502a0;  1 drivers
v0x555555d48700_0 .net "s1", 1 0, L_0x555555d50680;  1 drivers
v0x555555d487e0_0 .net "s2", 3 0, L_0x555555d50340;  1 drivers
v0x555555d488c0_0 .net "s3", 7 0, L_0x555555d50070;  1 drivers
L_0x555555d50070 .functor MUXZ 8, L_0x7f71116ea180, L_0x7f71116ea138, L_0x555555d4f400, C4<>;
L_0x555555d501b0 .part L_0x555555d50070, 4, 4;
L_0x555555d502a0 .part L_0x555555d50070, 0, 4;
L_0x555555d50340 .functor MUXZ 4, L_0x555555d502a0, L_0x555555d501b0, L_0x555555d4f320, C4<>;
L_0x555555d504b0 .part L_0x555555d50340, 2, 2;
L_0x555555d505a0 .part L_0x555555d50340, 0, 2;
L_0x555555d50680 .functor MUXZ 2, L_0x555555d505a0, L_0x555555d504b0, L_0x555555d4f240, C4<>;
L_0x555555d507c0 .part L_0x555555d50680, 1, 1;
L_0x555555d50900 .part L_0x555555d50680, 0, 1;
L_0x555555d509a0 .functor MUXZ 1, L_0x555555d50900, L_0x555555d507c0, L_0x555555d4f160, C4<>;
S_0x555555d48a40 .scope module, "lut5_mux" "PFUMX" 2 518, 2 179 0, S_0x555555d46510;
 .timescale 0 0;
    .port_info 0 /INPUT 1 "ALUT";
    .port_info 1 /INPUT 1 "BLUT";
    .port_info 2 /INPUT 1 "C0";
    .port_info 3 /OUTPUT 1 "Z";
v0x555555d48c40_0 .net "ALUT", 0 0, L_0x555555d509a0;  alias, 1 drivers
v0x555555d48d10_0 .net "BLUT", 0 0, L_0x555555d4fed0;  alias, 1 drivers
v0x555555d48de0_0 .net "C0", 0 0, o0x7f7111736e28;  alias, 0 drivers
v0x555555d48ee0_0 .net "Z", 0 0, L_0x555555d50af0;  alias, 1 drivers
L_0x555555d50af0 .functor MUXZ 1, L_0x555555d4fed0, L_0x555555d509a0, o0x7f7111736e28, C4<>;
S_0x555555d48fd0 .scope module, "lutx_mux" "L6MUX21" 2 519, 2 65 0, S_0x555555d46510;
 .timescale 0 0;
    .port_info 0 /INPUT 1 "D0";
    .port_info 1 /INPUT 1 "D1";
    .port_info 2 /INPUT 1 "SD";
    .port_info 3 /OUTPUT 1 "Z";
v0x555555d49210_0 .net "D0", 0 0, o0x7f7111737ba8;  alias, 0 drivers
v0x555555d492d0_0 .net "D1", 0 0, o0x7f7111737bd8;  alias, 0 drivers
v0x555555d49390_0 .net "SD", 0 0, o0x7f7111737098;  alias, 0 drivers
v0x555555d49490_0 .net "Z", 0 0, L_0x555555d50c70;  alias, 1 drivers
L_0x555555d50c70 .functor MUXZ 1, o0x7f7111737ba8, o0x7f7111737bd8, o0x7f7111737098, C4<>;
S_0x555555d495c0 .scope generate, "genblk2" "genblk2" 2 481, 2 481 0, S_0x555555c32090;
 .timescale 0 0;
L_0x555555d4ee60 .functor BUFZ 1, o0x7f7111737d88, C4<0>, C4<0>, C4<0>;
S_0x555555d497a0 .scope generate, "genblk4" "genblk4" 2 482, 2 482 0, S_0x555555c32090;
 .timescale 0 0;
L_0x555555d4ef20 .functor BUFZ 1, o0x7f7111737de8, C4<0>, C4<0>, C4<0>;
S_0x555555d49a10 .scope generate, "genblk6" "genblk6" 2 483, 2 483 0, S_0x555555c32090;
 .timescale 0 0;
L_0x555555d4efe0 .functor BUFZ 1, o0x7f7111737e48, C4<0>, C4<0>, C4<0>;
S_0x555555d49ba0 .scope generate, "genblk8" "genblk8" 2 484, 2 484 0, S_0x555555c32090;
 .timescale 0 0;
L_0x555555d4f0a0 .functor BUFZ 1, o0x7f7111737ea8, C4<0>, C4<0>, C4<0>;
S_0x555555d49d80 .scope function.vec4.s16, "permute_initval" "permute_initval" 2 492, 2 492 0, S_0x555555c32090;
 .timescale 0 0;
v0x555555d49f60_0 .var/i "i", 31 0;
v0x555555d4a060_0 .var "initval", 15 0;
; Variable permute_initval is vec4 return value of scope S_0x555555d49d80
TD_TRELLIS_SLICE.permute_initval ;
    %pushi/vec4 0, 0, 32;
    %store/vec4 v0x555555d49f60_0, 0, 32;
T_1.12 ;
    %load/vec4 v0x555555d49f60_0;
    %cmpi/s 16, 0, 32;
    %jmp/0xz T_1.13, 5;
    %load/vec4 v0x555555d4a060_0;
    %load/vec4 v0x555555d49f60_0;
    %part/s 1;
    %load/vec4 v0x555555d49f60_0;
    %parti/s 1, 0, 2;
    %load/vec4 v0x555555d49f60_0;
    %parti/s 1, 2, 3;
    %concat/vec4; draw_concat_vec4
    %load/vec4 v0x555555d49f60_0;
    %parti/s 1, 1, 2;
    %concat/vec4; draw_concat_vec4
    %load/vec4 v0x555555d49f60_0;
    %parti/s 1, 3, 3;
    %concat/vec4; draw_concat_vec4
    %ix/vec4 4;
    %ret/vec4 0, 4, 1; Assign to permute_initval (store_vec4_to_lval)
    %load/vec4 v0x555555d49f60_0;
    %addi 1, 0, 32;
    %store/vec4 v0x555555d49f60_0, 0, 32;
    %jmp T_1.12;
T_1.13 ;
    %end;
S_0x555555d28ba0 .scope module, "pwm" "pwm" 3 1;
 .timescale 0 0;
    .port_info 0 /INPUT 1 "clk";
    .port_info 1 /INPUT 1 "reset";
    .port_info 2 /INPUT 10 "cmp";
    .port_info 3 /OUTPUT 1 "pwm";
P_0x555555d12b80 .param/l "PWM_CNT" 0 3 1, +C4<00000000000000000000000000001010>;
o0x7f7111738a78 .functor BUFZ 1, C4<z>; HiZ drive
v0x555555d4cec0_0 .net "clk", 0 0, o0x7f7111738a78;  0 drivers
o0x7f7111738aa8 .functor BUFZ 10, C4<zzzzzzzzzz>; HiZ drive
v0x555555d4cfa0_0 .net "cmp", 9 0, o0x7f7111738aa8;  0 drivers
v0x555555d4d080_0 .var "cnt_a", 9 0;
v0x555555d4d170_0 .var "cnt_b", 9 0;
v0x555555d4d250_0 .var "pwm", 0 0;
o0x7f7111738b68 .functor BUFZ 1, C4<z>; HiZ drive
v0x555555d4d360_0 .net "reset", 0 0, o0x7f7111738b68;  0 drivers
E_0x555555d4ce40 .event posedge, v0x555555d4cec0_0;
S_0x555555d28d30 .scope module, "top_level" "top_level" 4 1;
 .timescale 0 0;
    .port_info 0 /INPUT 1 "clk";
    .port_info 1 /INPUT 1 "reset";
    .port_info 2 /OUTPUT 2 "out";
o0x7f7111738c58 .functor BUFZ 1, C4<z>; HiZ drive
v0x555555d4e2d0_0 .net "clk", 0 0, o0x7f7111738c58;  0 drivers
v0x555555d4e3c0_0 .net "out", 1 0, L_0x555555d51320;  1 drivers
o0x7f7111738ce8 .functor BUFZ 1, C4<z>; HiZ drive
v0x555555d4e4a0_0 .net "reset", 0 0, o0x7f7111738ce8;  0 drivers
L_0x555555d51320 .concat8 [ 1 1 0 0], v0x555555d4d9f0_0, v0x555555d4e0d0_0;
S_0x555555d4d4a0 .scope module, "div1" "clk_div" 4 8, 5 1 0, S_0x555555d28d30;
 .timescale 0 0;
    .port_info 0 /INPUT 1 "clk";
    .port_info 1 /INPUT 1 "rst";
    .port_info 2 /OUTPUT 1 "out";
P_0x555555d4d6a0 .param/l "CNT" 0 5 2, +C4<00000010000000000000000000000000>;
v0x555555d4d830_0 .net "clk", 0 0, o0x7f7111738c58;  alias, 0 drivers
v0x555555d4d910_0 .var "cnt", 32 0;
v0x555555d4d9f0_0 .var "out", 0 0;
v0x555555d4dac0_0 .net "rst", 0 0, o0x7f7111738ce8;  alias, 0 drivers
E_0x555555d4d7b0 .event posedge, v0x555555d4dac0_0, v0x555555d4d830_0;
S_0x555555d4dc00 .scope module, "div2" "clk_div" 4 14, 5 1 0, S_0x555555d28d30;
 .timescale 0 0;
    .port_info 0 /INPUT 1 "clk";
    .port_info 1 /INPUT 1 "rst";
    .port_info 2 /OUTPUT 1 "out";
P_0x555555d4dde0 .param/l "CNT" 0 5 2, +C4<0000000000000000000000000000000000000100000000000000000000000000>;
v0x555555d4df20_0 .net "clk", 0 0, o0x7f7111738c58;  alias, 0 drivers
v0x555555d4e010_0 .var "cnt", 32 0;
v0x555555d4e0d0_0 .var "out", 0 0;
v0x555555d4e1a0_0 .net "rst", 0 0, o0x7f7111738ce8;  alias, 0 drivers
    .scope S_0x555555d13a50;
T_2 ;
    %pushi/vec4 0, 0, 32;
    %store/vec4 v0x555555d41580_0, 0, 32;
T_2.0 ;
    %load/vec4 v0x555555d41580_0;
    %cmpi/s 15, 0, 32;
    %jmp/0xz T_2.1, 5;
    %pushi/vec4 0, 0, 64;
    %load/vec4 v0x555555d41580_0;
    %muli 4, 0, 32;
    %part/s 4;
    %ix/getv/s 3, v0x555555d41580_0;
    %ix/load 4, 0, 0; Constant delay
    %assign/vec4/a/d v0x555555d41660, 0, 4;
    %load/vec4 v0x555555d41580_0;
    %addi 1, 0, 32;
    %store/vec4 v0x555555d41580_0, 0, 32;
    %jmp T_2.0;
T_2.1 ;
    %end;
    .thread T_2;
    .scope S_0x555555d13a50;
T_3 ;
    %wait E_0x555555c331b0;
    %load/vec4 v0x555555d41220_0;
    %flag_set/vec4 8;
    %jmp/0xz  T_3.0, 8;
    %load/vec4 v0x555555d40d90_0;
    %load/vec4 v0x555555d41030_0;
    %pad/u 6;
    %ix/vec4 3;
    %ix/load 4, 0, 0; Constant delay
    %assign/vec4/a/d v0x555555d41660, 0, 4;
T_3.0 ;
    %jmp T_3;
    .thread T_3;
    .scope S_0x555555cc2560;
T_4 ;
    %pushi/vec4 0, 0, 32;
    %store/vec4 v0x555555d42250_0, 0, 32;
T_4.0 ;
    %load/vec4 v0x555555d42250_0;
    %cmpi/s 16, 0, 32;
    %jmp/0xz T_4.1, 5;
    %pushi/vec4 0, 0, 64;
    %load/vec4 v0x555555d42250_0;
    %addi 3, 0, 32;
    %part/s 1;
    %pushi/vec4 0, 0, 64;
    %load/vec4 v0x555555d42250_0;
    %addi 2, 0, 32;
    %part/s 1;
    %concat/vec4; draw_concat_vec4
    %pushi/vec4 0, 0, 64;
    %load/vec4 v0x555555d42250_0;
    %addi 1, 0, 32;
    %part/s 1;
    %concat/vec4; draw_concat_vec4
    %pushi/vec4 0, 0, 64;
    %load/vec4 v0x555555d42250_0;
    %part/s 1;
    %concat/vec4; draw_concat_vec4
    %ix/getv/s 3, v0x555555d42250_0;
    %ix/load 4, 0, 0; Constant delay
    %assign/vec4/a/d v0x555555d42330, 0, 4;
    %load/vec4 v0x555555d42250_0;
    %addi 1, 0, 32;
    %store/vec4 v0x555555d42250_0, 0, 32;
    %jmp T_4.0;
T_4.1 ;
    %end;
    .thread T_4;
    .scope S_0x555555cc2560;
T_5 ;
    %wait E_0x555555c64a20;
    %pushi/vec4 5722693, 0, 24; draw_string_vec4
    %dup/vec4;
    %pushi/vec4 49, 0, 24; draw_string_vec4
    %cmp/u;
    %jmp/1 T_5.0, 6;
    %dup/vec4;
    %pushi/vec4 48, 0, 24; draw_string_vec4
    %cmp/u;
    %jmp/1 T_5.1, 6;
    %dup/vec4;
    %pushi/vec4 4804182, 0, 24; draw_string_vec4
    %cmp/u;
    %jmp/1 T_5.2, 6;
    %load/vec4 v0x555555d41e60_0;
    %store/vec4 v0x555555d424b0_0, 0, 1;
    %jmp T_5.4;
T_5.0 ;
    %pushi/vec4 1, 0, 1;
    %store/vec4 v0x555555d424b0_0, 0, 1;
    %jmp T_5.4;
T_5.1 ;
    %pushi/vec4 0, 0, 1;
    %store/vec4 v0x555555d424b0_0, 0, 1;
    %jmp T_5.4;
T_5.2 ;
    %load/vec4 v0x555555d41e60_0;
    %inv;
    %store/vec4 v0x555555d424b0_0, 0, 1;
    %jmp T_5.4;
T_5.4 ;
    %pop/vec4 1;
    %jmp T_5;
    .thread T_5, $push;
    .scope S_0x555555cc2560;
T_6 ;
    %wait E_0x555555c32390;
    %load/vec4 v0x555555d424b0_0;
    %flag_set/vec4 8;
    %jmp/0xz  T_6.0, 8;
    %load/vec4 v0x555555d41a20_0;
    %load/vec4 v0x555555d41cc0_0;
    %pad/u 6;
    %ix/vec4 3;
    %ix/load 4, 0, 0; Constant delay
    %assign/vec4/a/d v0x555555d42330, 0, 4;
T_6.0 ;
    %jmp T_6;
    .thread T_6;
    .scope S_0x555555c31e60;
T_7 ;
    %wait E_0x555555d1fa90;
    %load/vec4 v0x555555d42a60_0;
    %cmpi/e 0, 1, 1;
    %jmp/0xz  T_7.0, 6;
    %pushi/vec4 0, 0, 1;
    %assign/vec4 v0x555555d42b20_0, 0;
    %jmp T_7.1;
T_7.0 ;
    %load/vec4 v0x555555d42a60_0;
    %assign/vec4 v0x555555d42b20_0, 0;
T_7.1 ;
    %jmp T_7;
    .thread T_7, $push;
    .scope S_0x555555d437a0;
T_8 ;
    %wait E_0x555555c71c70;
    %load/vec4 v0x555555d441b0_0;
    %flag_set/vec4 8;
    %jmp/0xz  T_8.0, 8;
    %load/vec4 v0x555555d44300_0;
    %assign/vec4 v0x555555d43f70_0, 0;
    %jmp T_8.1;
T_8.0 ;
    %load/vec4 v0x555555d44030_0;
    %flag_set/vec4 8;
    %jmp/0xz  T_8.2, 8;
    %load/vec4 v0x555555d43d00_0;
    %assign/vec4 v0x555555d43f70_0, 0;
T_8.2 ;
T_8.1 ;
    %jmp T_8;
    .thread T_8;
    .scope S_0x555555d42cb0;
T_9 ;
    %load/vec4 v0x555555d44300_0;
    %store/vec4 v0x555555d43f70_0, 0, 1;
    %end;
    .thread T_9;
    .scope S_0x555555d450a0;
T_10 ;
    %wait E_0x555555d12aa0;
    %load/vec4 v0x555555d45a80_0;
    %flag_set/vec4 8;
    %jmp/0xz  T_10.0, 8;
    %load/vec4 v0x555555d45bd0_0;
    %assign/vec4 v0x555555d45880_0, 0;
    %jmp T_10.1;
T_10.0 ;
    %load/vec4 v0x555555d45920_0;
    %flag_set/vec4 8;
    %jmp/0xz  T_10.2, 8;
    %load/vec4 v0x555555d455f0_0;
    %assign/vec4 v0x555555d45880_0, 0;
T_10.2 ;
T_10.1 ;
    %jmp T_10;
    .thread T_10;
    .scope S_0x555555d44480;
T_11 ;
    %load/vec4 v0x555555d45bd0_0;
    %store/vec4 v0x555555d45880_0, 0, 1;
    %end;
    .thread T_11;
    .scope S_0x555555d28ba0;
T_12 ;
    %wait E_0x555555d4ce40;
    %load/vec4 v0x555555d4d170_0;
    %addi 1, 0, 10;
    %store/vec4 v0x555555d4d080_0, 0, 10;
    %load/vec4 v0x555555d4d170_0;
    %load/vec4 v0x555555d4cfa0_0;
    %cmp/u;
    %jmp/0xz  T_12.0, 5;
    %pushi/vec4 1, 0, 1;
    %assign/vec4 v0x555555d4d250_0, 0;
    %jmp T_12.1;
T_12.0 ;
    %pushi/vec4 0, 0, 1;
    %assign/vec4 v0x555555d4d250_0, 0;
T_12.1 ;
    %jmp T_12;
    .thread T_12;
    .scope S_0x555555d28ba0;
T_13 ;
    %wait E_0x555555d4ce40;
    %load/vec4 v0x555555d4d360_0;
    %cmpi/e 1, 0, 1;
    %jmp/0xz  T_13.0, 4;
    %pushi/vec4 0, 0, 10;
    %assign/vec4 v0x555555d4d170_0, 0;
    %jmp T_13.1;
T_13.0 ;
    %load/vec4 v0x555555d4d080_0;
    %assign/vec4 v0x555555d4d170_0, 0;
T_13.1 ;
    %jmp T_13;
    .thread T_13;
    .scope S_0x555555d4d4a0;
T_14 ;
    %wait E_0x555555d4d7b0;
    %load/vec4 v0x555555d4dac0_0;
    %cmpi/e 1, 0, 1;
    %jmp/0xz  T_14.0, 4;
    %pushi/vec4 0, 0, 33;
    %assign/vec4 v0x555555d4d910_0, 0;
    %pushi/vec4 0, 0, 1;
    %assign/vec4 v0x555555d4d9f0_0, 0;
    %jmp T_14.1;
T_14.0 ;
    %load/vec4 v0x555555d4d910_0;
    %cmpi/e 33554432, 0, 33;
    %jmp/0xz  T_14.2, 4;
    %pushi/vec4 0, 0, 33;
    %assign/vec4 v0x555555d4d910_0, 0;
    %load/vec4 v0x555555d4d9f0_0;
    %inv;
    %assign/vec4 v0x555555d4d9f0_0, 0;
    %jmp T_14.3;
T_14.2 ;
    %load/vec4 v0x555555d4d910_0;
    %addi 1, 0, 33;
    %assign/vec4 v0x555555d4d910_0, 0;
T_14.3 ;
T_14.1 ;
    %jmp T_14;
    .thread T_14;
    .scope S_0x555555d4dc00;
T_15 ;
    %wait E_0x555555d4d7b0;
    %load/vec4 v0x555555d4e1a0_0;
    %cmpi/e 1, 0, 1;
    %jmp/0xz  T_15.0, 4;
    %pushi/vec4 0, 0, 33;
    %assign/vec4 v0x555555d4e010_0, 0;
    %pushi/vec4 0, 0, 1;
    %assign/vec4 v0x555555d4e0d0_0, 0;
    %jmp T_15.1;
T_15.0 ;
    %load/vec4 v0x555555d4e010_0;
    %pad/u 64;
    %cmpi/e 67108864, 0, 64;
    %jmp/0xz  T_15.2, 4;
    %pushi/vec4 0, 0, 33;
    %assign/vec4 v0x555555d4e010_0, 0;
    %load/vec4 v0x555555d4e0d0_0;
    %inv;
    %assign/vec4 v0x555555d4e0d0_0, 0;
    %jmp T_15.3;
T_15.2 ;
    %load/vec4 v0x555555d4e010_0;
    %addi 1, 0, 33;
    %assign/vec4 v0x555555d4e010_0, 0;
T_15.3 ;
T_15.1 ;
    %jmp T_15;
    .thread T_15;
# The file index is used to find the file name in the following table.
:file_names 6;
    "N/A";
    "<interactive>";
    "/home/tin/.apio/packages/tools-oss-cad-suite/share/yosys/ecp5/cells_sim.v";
    "pwm.v";
    "top_level.v";
    "clk_div.v";
