#! /home/tin/.apio/packages/tools-oss-cad-suite/bin/vvp
:ivl_version "12.0 (devel)" "(s20150603-1135-g6b127432-dirty)";
:ivl_delay_selection "TYPICAL";
:vpi_time_precision - 12;
:vpi_module "/home/tin/.apio/packages/tools-oss-cad-suite/lib/ivl/system.vpi";
:vpi_module "/home/tin/.apio/packages/tools-oss-cad-suite/lib/ivl/vhdl_sys.vpi";
:vpi_module "/home/tin/.apio/packages/tools-oss-cad-suite/lib/ivl/vhdl_textio.vpi";
:vpi_module "/home/tin/.apio/packages/tools-oss-cad-suite/lib/ivl/v2005_math.vpi";
:vpi_module "/home/tin/.apio/packages/tools-oss-cad-suite/lib/ivl/va_math.vpi";
S_0x5555567a92d0 .scope module, "$__ABC9_LUT5" "$__ABC9_LUT5" 2 22;
 .timescale 0 0;
    .port_info 0 /INPUT 1 "M0";
    .port_info 1 /INPUT 1 "D";
    .port_info 2 /INPUT 1 "C";
    .port_info 3 /INPUT 1 "B";
    .port_info 4 /INPUT 1 "A";
    .port_info 5 /OUTPUT 1 "Z";
o0x7fb09bfaf018 .functor BUFZ 1, C4<z>; HiZ drive
v0x555556751990_0 .net "A", 0 0, o0x7fb09bfaf018;  0 drivers
o0x7fb09bfaf048 .functor BUFZ 1, C4<z>; HiZ drive
v0x5555567b8e00_0 .net "B", 0 0, o0x7fb09bfaf048;  0 drivers
o0x7fb09bfaf078 .functor BUFZ 1, C4<z>; HiZ drive
v0x5555567b63e0_0 .net "C", 0 0, o0x7fb09bfaf078;  0 drivers
o0x7fb09bfaf0a8 .functor BUFZ 1, C4<z>; HiZ drive
v0x5555567a7c00_0 .net "D", 0 0, o0x7fb09bfaf0a8;  0 drivers
o0x7fb09bfaf0d8 .functor BUFZ 1, C4<z>; HiZ drive
v0x5555567cfef0_0 .net "M0", 0 0, o0x7fb09bfaf0d8;  0 drivers
o0x7fb09bfaf108 .functor BUFZ 1, C4<z>; HiZ drive
v0x5555567cffb0_0 .net "Z", 0 0, o0x7fb09bfaf108;  0 drivers
S_0x5555567a9a30 .scope module, "$__ABC9_LUT6" "$__ABC9_LUT6" 2 36;
 .timescale 0 0;
    .port_info 0 /INPUT 1 "M1";
    .port_info 1 /INPUT 1 "M0";
    .port_info 2 /INPUT 1 "D";
    .port_info 3 /INPUT 1 "C";
    .port_info 4 /INPUT 1 "B";
    .port_info 5 /INPUT 1 "A";
    .port_info 6 /OUTPUT 1 "Z";
o0x7fb09bfaf258 .functor BUFZ 1, C4<z>; HiZ drive
v0x5555567d0130_0 .net "A", 0 0, o0x7fb09bfaf258;  0 drivers
o0x7fb09bfaf288 .functor BUFZ 1, C4<z>; HiZ drive
v0x5555567d0210_0 .net "B", 0 0, o0x7fb09bfaf288;  0 drivers
o0x7fb09bfaf2b8 .functor BUFZ 1, C4<z>; HiZ drive
v0x5555567d02d0_0 .net "C", 0 0, o0x7fb09bfaf2b8;  0 drivers
o0x7fb09bfaf2e8 .functor BUFZ 1, C4<z>; HiZ drive
v0x5555567d0370_0 .net "D", 0 0, o0x7fb09bfaf2e8;  0 drivers
o0x7fb09bfaf318 .functor BUFZ 1, C4<z>; HiZ drive
v0x5555567d0430_0 .net "M0", 0 0, o0x7fb09bfaf318;  0 drivers
o0x7fb09bfaf348 .functor BUFZ 1, C4<z>; HiZ drive
v0x5555567d0540_0 .net "M1", 0 0, o0x7fb09bfaf348;  0 drivers
o0x7fb09bfaf378 .functor BUFZ 1, C4<z>; HiZ drive
v0x5555567d0600_0 .net "Z", 0 0, o0x7fb09bfaf378;  0 drivers
S_0x5555567a9de0 .scope module, "$__ABC9_LUT7" "$__ABC9_LUT7" 2 51;
 .timescale 0 0;
    .port_info 0 /INPUT 1 "M2";
    .port_info 1 /INPUT 1 "M1";
    .port_info 2 /INPUT 1 "M0";
    .port_info 3 /INPUT 1 "D";
    .port_info 4 /INPUT 1 "C";
    .port_info 5 /INPUT 1 "B";
    .port_info 6 /INPUT 1 "A";
    .port_info 7 /OUTPUT 1 "Z";
o0x7fb09bfaf4f8 .functor BUFZ 1, C4<z>; HiZ drive
v0x5555567d07a0_0 .net "A", 0 0, o0x7fb09bfaf4f8;  0 drivers
o0x7fb09bfaf528 .functor BUFZ 1, C4<z>; HiZ drive
v0x5555567d0880_0 .net "B", 0 0, o0x7fb09bfaf528;  0 drivers
o0x7fb09bfaf558 .functor BUFZ 1, C4<z>; HiZ drive
v0x5555567d0940_0 .net "C", 0 0, o0x7fb09bfaf558;  0 drivers
o0x7fb09bfaf588 .functor BUFZ 1, C4<z>; HiZ drive
v0x5555567d09e0_0 .net "D", 0 0, o0x7fb09bfaf588;  0 drivers
o0x7fb09bfaf5b8 .functor BUFZ 1, C4<z>; HiZ drive
v0x5555567d0aa0_0 .net "M0", 0 0, o0x7fb09bfaf5b8;  0 drivers
o0x7fb09bfaf5e8 .functor BUFZ 1, C4<z>; HiZ drive
v0x5555567d0bb0_0 .net "M1", 0 0, o0x7fb09bfaf5e8;  0 drivers
o0x7fb09bfaf618 .functor BUFZ 1, C4<z>; HiZ drive
v0x5555567d0c70_0 .net "M2", 0 0, o0x7fb09bfaf618;  0 drivers
o0x7fb09bfaf648 .functor BUFZ 1, C4<z>; HiZ drive
v0x5555567d0d30_0 .net "Z", 0 0, o0x7fb09bfaf648;  0 drivers
S_0x5555567aa190 .scope module, "DP16KD" "DP16KD" 2 602;
 .timescale 0 0;
    .port_info 0 /INPUT 1 "DIA17";
    .port_info 1 /INPUT 1 "DIA16";
    .port_info 2 /INPUT 1 "DIA15";
    .port_info 3 /INPUT 1 "DIA14";
    .port_info 4 /INPUT 1 "DIA13";
    .port_info 5 /INPUT 1 "DIA12";
    .port_info 6 /INPUT 1 "DIA11";
    .port_info 7 /INPUT 1 "DIA10";
    .port_info 8 /INPUT 1 "DIA9";
    .port_info 9 /INPUT 1 "DIA8";
    .port_info 10 /INPUT 1 "DIA7";
    .port_info 11 /INPUT 1 "DIA6";
    .port_info 12 /INPUT 1 "DIA5";
    .port_info 13 /INPUT 1 "DIA4";
    .port_info 14 /INPUT 1 "DIA3";
    .port_info 15 /INPUT 1 "DIA2";
    .port_info 16 /INPUT 1 "DIA1";
    .port_info 17 /INPUT 1 "DIA0";
    .port_info 18 /INPUT 1 "ADA13";
    .port_info 19 /INPUT 1 "ADA12";
    .port_info 20 /INPUT 1 "ADA11";
    .port_info 21 /INPUT 1 "ADA10";
    .port_info 22 /INPUT 1 "ADA9";
    .port_info 23 /INPUT 1 "ADA8";
    .port_info 24 /INPUT 1 "ADA7";
    .port_info 25 /INPUT 1 "ADA6";
    .port_info 26 /INPUT 1 "ADA5";
    .port_info 27 /INPUT 1 "ADA4";
    .port_info 28 /INPUT 1 "ADA3";
    .port_info 29 /INPUT 1 "ADA2";
    .port_info 30 /INPUT 1 "ADA1";
    .port_info 31 /INPUT 1 "ADA0";
    .port_info 32 /INPUT 1 "CEA";
    .port_info 33 /INPUT 1 "OCEA";
    .port_info 34 /INPUT 1 "CLKA";
    .port_info 35 /INPUT 1 "WEA";
    .port_info 36 /INPUT 1 "RSTA";
    .port_info 37 /INPUT 1 "CSA2";
    .port_info 38 /INPUT 1 "CSA1";
    .port_info 39 /INPUT 1 "CSA0";
    .port_info 40 /OUTPUT 1 "DOA17";
    .port_info 41 /OUTPUT 1 "DOA16";
    .port_info 42 /OUTPUT 1 "DOA15";
    .port_info 43 /OUTPUT 1 "DOA14";
    .port_info 44 /OUTPUT 1 "DOA13";
    .port_info 45 /OUTPUT 1 "DOA12";
    .port_info 46 /OUTPUT 1 "DOA11";
    .port_info 47 /OUTPUT 1 "DOA10";
    .port_info 48 /OUTPUT 1 "DOA9";
    .port_info 49 /OUTPUT 1 "DOA8";
    .port_info 50 /OUTPUT 1 "DOA7";
    .port_info 51 /OUTPUT 1 "DOA6";
    .port_info 52 /OUTPUT 1 "DOA5";
    .port_info 53 /OUTPUT 1 "DOA4";
    .port_info 54 /OUTPUT 1 "DOA3";
    .port_info 55 /OUTPUT 1 "DOA2";
    .port_info 56 /OUTPUT 1 "DOA1";
    .port_info 57 /OUTPUT 1 "DOA0";
    .port_info 58 /INPUT 1 "DIB17";
    .port_info 59 /INPUT 1 "DIB16";
    .port_info 60 /INPUT 1 "DIB15";
    .port_info 61 /INPUT 1 "DIB14";
    .port_info 62 /INPUT 1 "DIB13";
    .port_info 63 /INPUT 1 "DIB12";
    .port_info 64 /INPUT 1 "DIB11";
    .port_info 65 /INPUT 1 "DIB10";
    .port_info 66 /INPUT 1 "DIB9";
    .port_info 67 /INPUT 1 "DIB8";
    .port_info 68 /INPUT 1 "DIB7";
    .port_info 69 /INPUT 1 "DIB6";
    .port_info 70 /INPUT 1 "DIB5";
    .port_info 71 /INPUT 1 "DIB4";
    .port_info 72 /INPUT 1 "DIB3";
    .port_info 73 /INPUT 1 "DIB2";
    .port_info 74 /INPUT 1 "DIB1";
    .port_info 75 /INPUT 1 "DIB0";
    .port_info 76 /INPUT 1 "ADB13";
    .port_info 77 /INPUT 1 "ADB12";
    .port_info 78 /INPUT 1 "ADB11";
    .port_info 79 /INPUT 1 "ADB10";
    .port_info 80 /INPUT 1 "ADB9";
    .port_info 81 /INPUT 1 "ADB8";
    .port_info 82 /INPUT 1 "ADB7";
    .port_info 83 /INPUT 1 "ADB6";
    .port_info 84 /INPUT 1 "ADB5";
    .port_info 85 /INPUT 1 "ADB4";
    .port_info 86 /INPUT 1 "ADB3";
    .port_info 87 /INPUT 1 "ADB2";
    .port_info 88 /INPUT 1 "ADB1";
    .port_info 89 /INPUT 1 "ADB0";
    .port_info 90 /INPUT 1 "CEB";
    .port_info 91 /INPUT 1 "OCEB";
    .port_info 92 /INPUT 1 "CLKB";
    .port_info 93 /INPUT 1 "WEB";
    .port_info 94 /INPUT 1 "RSTB";
    .port_info 95 /INPUT 1 "CSB2";
    .port_info 96 /INPUT 1 "CSB1";
    .port_info 97 /INPUT 1 "CSB0";
    .port_info 98 /OUTPUT 1 "DOB17";
    .port_info 99 /OUTPUT 1 "DOB16";
    .port_info 100 /OUTPUT 1 "DOB15";
    .port_info 101 /OUTPUT 1 "DOB14";
    .port_info 102 /OUTPUT 1 "DOB13";
    .port_info 103 /OUTPUT 1 "DOB12";
    .port_info 104 /OUTPUT 1 "DOB11";
    .port_info 105 /OUTPUT 1 "DOB10";
    .port_info 106 /OUTPUT 1 "DOB9";
    .port_info 107 /OUTPUT 1 "DOB8";
    .port_info 108 /OUTPUT 1 "DOB7";
    .port_info 109 /OUTPUT 1 "DOB6";
    .port_info 110 /OUTPUT 1 "DOB5";
    .port_info 111 /OUTPUT 1 "DOB4";
    .port_info 112 /OUTPUT 1 "DOB3";
    .port_info 113 /OUTPUT 1 "DOB2";
    .port_info 114 /OUTPUT 1 "DOB1";
    .port_info 115 /OUTPUT 1 "DOB0";
P_0x5555567bd000 .param/str "ADA0MUX" 0 2 661, "ADA0";
P_0x5555567bd040 .param/str "ADA10MUX" 0 2 651, "ADA10";
P_0x5555567bd080 .param/str "ADA11MUX" 0 2 650, "ADA11";
P_0x5555567bd0c0 .param/str "ADA12MUX" 0 2 649, "ADA12";
P_0x5555567bd100 .param/str "ADA13MUX" 0 2 648, "ADA13";
P_0x5555567bd140 .param/str "ADA1MUX" 0 2 660, "ADA1";
P_0x5555567bd180 .param/str "ADA2MUX" 0 2 659, "ADA2";
P_0x5555567bd1c0 .param/str "ADA3MUX" 0 2 658, "ADA3";
P_0x5555567bd200 .param/str "ADA4MUX" 0 2 657, "ADA4";
P_0x5555567bd240 .param/str "ADA5MUX" 0 2 656, "ADA5";
P_0x5555567bd280 .param/str "ADA6MUX" 0 2 655, "ADA6";
P_0x5555567bd2c0 .param/str "ADA7MUX" 0 2 654, "ADA7";
P_0x5555567bd300 .param/str "ADA8MUX" 0 2 653, "ADA8";
P_0x5555567bd340 .param/str "ADA9MUX" 0 2 652, "ADA9";
P_0x5555567bd380 .param/str "ADB0MUX" 0 2 719, "ADB0";
P_0x5555567bd3c0 .param/str "ADB10MUX" 0 2 709, "ADB10";
P_0x5555567bd400 .param/str "ADB11MUX" 0 2 708, "ADB11";
P_0x5555567bd440 .param/str "ADB12MUX" 0 2 707, "ADB12";
P_0x5555567bd480 .param/str "ADB13MUX" 0 2 706, "ADB13";
P_0x5555567bd4c0 .param/str "ADB1MUX" 0 2 718, "ADB1";
P_0x5555567bd500 .param/str "ADB2MUX" 0 2 717, "ADB2";
P_0x5555567bd540 .param/str "ADB3MUX" 0 2 716, "ADB3";
P_0x5555567bd580 .param/str "ADB4MUX" 0 2 715, "ADB4";
P_0x5555567bd5c0 .param/str "ADB5MUX" 0 2 714, "ADB5";
P_0x5555567bd600 .param/str "ADB6MUX" 0 2 713, "ADB6";
P_0x5555567bd640 .param/str "ADB7MUX" 0 2 712, "ADB7";
P_0x5555567bd680 .param/str "ADB8MUX" 0 2 711, "ADB8";
P_0x5555567bd6c0 .param/str "ADB9MUX" 0 2 710, "ADB9";
P_0x5555567bd700 .param/str "ASYNC_RESET_RELEASE" 0 2 622, "SYNC";
P_0x5555567bd740 .param/str "CEAMUX" 0 2 662, "CEA";
P_0x5555567bd780 .param/str "CEBMUX" 0 2 720, "CEB";
P_0x5555567bd7c0 .param/str "CLKAMUX" 0 2 664, "CLKA";
P_0x5555567bd800 .param/str "CLKBMUX" 0 2 722, "CLKB";
P_0x5555567bd840 .param/str "CSA0MUX" 0 2 669, "CSA0";
P_0x5555567bd880 .param/str "CSA1MUX" 0 2 668, "CSA1";
P_0x5555567bd8c0 .param/str "CSA2MUX" 0 2 667, "CSA2";
P_0x5555567bd900 .param/str "CSB0MUX" 0 2 727, "CSB0";
P_0x5555567bd940 .param/str "CSB1MUX" 0 2 726, "CSB1";
P_0x5555567bd980 .param/str "CSB2MUX" 0 2 725, "CSB2";
P_0x5555567bd9c0 .param/str "CSDECODE_A" 0 2 624, "0b000";
P_0x5555567bda00 .param/str "CSDECODE_B" 0 2 625, "0b000";
P_0x5555567bda40 .param/l "DATA_WIDTH_A" 0 2 615, +C4<00000000000000000000000000010010>;
P_0x5555567bda80 .param/l "DATA_WIDTH_B" 0 2 616, +C4<00000000000000000000000000010010>;
P_0x5555567bdac0 .param/str "DIA0MUX" 0 2 647, "DIA0";
P_0x5555567bdb00 .param/str "DIA10MUX" 0 2 637, "DIA10";
P_0x5555567bdb40 .param/str "DIA11MUX" 0 2 636, "DIA11";
P_0x5555567bdb80 .param/str "DIA12MUX" 0 2 635, "DIA12";
P_0x5555567bdbc0 .param/str "DIA13MUX" 0 2 634, "DIA13";
P_0x5555567bdc00 .param/str "DIA14MUX" 0 2 633, "DIA14";
P_0x5555567bdc40 .param/str "DIA15MUX" 0 2 632, "DIA15";
P_0x5555567bdc80 .param/str "DIA16MUX" 0 2 631, "DIA16";
P_0x5555567bdcc0 .param/str "DIA17MUX" 0 2 630, "DIA17";
P_0x5555567bdd00 .param/str "DIA1MUX" 0 2 646, "DIA1";
P_0x5555567bdd40 .param/str "DIA2MUX" 0 2 645, "DIA2";
P_0x5555567bdd80 .param/str "DIA3MUX" 0 2 644, "DIA3";
P_0x5555567bddc0 .param/str "DIA4MUX" 0 2 643, "DIA4";
P_0x5555567bde00 .param/str "DIA5MUX" 0 2 642, "DIA5";
P_0x5555567bde40 .param/str "DIA6MUX" 0 2 641, "DIA6";
P_0x5555567bde80 .param/str "DIA7MUX" 0 2 640, "DIA7";
P_0x5555567bdec0 .param/str "DIA8MUX" 0 2 639, "DIA8";
P_0x5555567bdf00 .param/str "DIA9MUX" 0 2 638, "DIA9";
P_0x5555567bdf40 .param/str "DIB0MUX" 0 2 705, "DIB0";
P_0x5555567bdf80 .param/str "DIB10MUX" 0 2 695, "DIB10";
P_0x5555567bdfc0 .param/str "DIB11MUX" 0 2 694, "DIB11";
P_0x5555567be000 .param/str "DIB12MUX" 0 2 693, "DIB12";
P_0x5555567be040 .param/str "DIB13MUX" 0 2 692, "DIB13";
P_0x5555567be080 .param/str "DIB14MUX" 0 2 691, "DIB14";
P_0x5555567be0c0 .param/str "DIB15MUX" 0 2 690, "DIB15";
P_0x5555567be100 .param/str "DIB16MUX" 0 2 689, "DIB16";
P_0x5555567be140 .param/str "DIB17MUX" 0 2 688, "DIB17";
P_0x5555567be180 .param/str "DIB1MUX" 0 2 704, "DIB1";
P_0x5555567be1c0 .param/str "DIB2MUX" 0 2 703, "DIB2";
P_0x5555567be200 .param/str "DIB3MUX" 0 2 702, "DIB3";
P_0x5555567be240 .param/str "DIB4MUX" 0 2 701, "DIB4";
P_0x5555567be280 .param/str "DIB5MUX" 0 2 700, "DIB5";
P_0x5555567be2c0 .param/str "DIB6MUX" 0 2 699, "DIB6";
P_0x5555567be300 .param/str "DIB7MUX" 0 2 698, "DIB7";
P_0x5555567be340 .param/str "DIB8MUX" 0 2 697, "DIB8";
P_0x5555567be380 .param/str "DIB9MUX" 0 2 696, "DIB9";
P_0x5555567be3c0 .param/str "DOA0MUX" 0 2 687, "DOA0";
P_0x5555567be400 .param/str "DOA10MUX" 0 2 677, "DOA10";
P_0x5555567be440 .param/str "DOA11MUX" 0 2 676, "DOA11";
P_0x5555567be480 .param/str "DOA12MUX" 0 2 675, "DOA12";
P_0x5555567be4c0 .param/str "DOA13MUX" 0 2 674, "DOA13";
P_0x5555567be500 .param/str "DOA14MUX" 0 2 673, "DOA14";
P_0x5555567be540 .param/str "DOA15MUX" 0 2 672, "DOA15";
P_0x5555567be580 .param/str "DOA16MUX" 0 2 671, "DOA16";
P_0x5555567be5c0 .param/str "DOA17MUX" 0 2 670, "DOA17";
P_0x5555567be600 .param/str "DOA1MUX" 0 2 686, "DOA1";
P_0x5555567be640 .param/str "DOA2MUX" 0 2 685, "DOA2";
P_0x5555567be680 .param/str "DOA3MUX" 0 2 684, "DOA3";
P_0x5555567be6c0 .param/str "DOA4MUX" 0 2 683, "DOA4";
P_0x5555567be700 .param/str "DOA5MUX" 0 2 682, "DOA5";
P_0x5555567be740 .param/str "DOA6MUX" 0 2 681, "DOA6";
P_0x5555567be780 .param/str "DOA7MUX" 0 2 680, "DOA7";
P_0x5555567be7c0 .param/str "DOA8MUX" 0 2 679, "DOA8";
P_0x5555567be800 .param/str "DOA9MUX" 0 2 678, "DOA9";
P_0x5555567be840 .param/str "DOB0MUX" 0 2 745, "DOB0";
P_0x5555567be880 .param/str "DOB10MUX" 0 2 735, "DOB10";
P_0x5555567be8c0 .param/str "DOB11MUX" 0 2 734, "DOB11";
P_0x5555567be900 .param/str "DOB12MUX" 0 2 733, "DOB12";
P_0x5555567be940 .param/str "DOB13MUX" 0 2 732, "DOB13";
P_0x5555567be980 .param/str "DOB14MUX" 0 2 731, "DOB14";
P_0x5555567be9c0 .param/str "DOB15MUX" 0 2 730, "DOB15";
P_0x5555567bea00 .param/str "DOB16MUX" 0 2 729, "DOB16";
P_0x5555567bea40 .param/str "DOB17MUX" 0 2 728, "DOB17";
P_0x5555567bea80 .param/str "DOB1MUX" 0 2 744, "DOB1";
P_0x5555567beac0 .param/str "DOB2MUX" 0 2 743, "DOB2";
P_0x5555567beb00 .param/str "DOB3MUX" 0 2 742, "DOB3";
P_0x5555567beb40 .param/str "DOB4MUX" 0 2 741, "DOB4";
P_0x5555567beb80 .param/str "DOB5MUX" 0 2 740, "DOB5";
P_0x5555567bebc0 .param/str "DOB6MUX" 0 2 739, "DOB6";
P_0x5555567bec00 .param/str "DOB7MUX" 0 2 738, "DOB7";
P_0x5555567bec40 .param/str "DOB8MUX" 0 2 737, "DOB8";
P_0x5555567bec80 .param/str "DOB9MUX" 0 2 736, "DOB9";
P_0x5555567becc0 .param/str "GSR" 0 2 749, "ENABLED";
P_0x5555567bed00 .param/l "INITVAL_00" 0 2 751, C4<00000000000000000000000000000000000000000000000000000000000000000000000000000000000000000000000000000000000000000000000000000000000000000000000000000000000000000000000000000000000000000000000000000000000000000000000000000000000000000000000000000000000000000000000000000000000000000000000000000000000000000000000000000000>;
P_0x5555567bed40 .param/l "INITVAL_01" 0 2 752, C4<00000000000000000000000000000000000000000000000000000000000000000000000000000000000000000000000000000000000000000000000000000000000000000000000000000000000000000000000000000000000000000000000000000000000000000000000000000000000000000000000000000000000000000000000000000000000000000000000000000000000000000000000000000000>;
P_0x5555567bed80 .param/l "INITVAL_02" 0 2 753, C4<00000000000000000000000000000000000000000000000000000000000000000000000000000000000000000000000000000000000000000000000000000000000000000000000000000000000000000000000000000000000000000000000000000000000000000000000000000000000000000000000000000000000000000000000000000000000000000000000000000000000000000000000000000000>;
P_0x5555567bedc0 .param/l "INITVAL_03" 0 2 754, C4<00000000000000000000000000000000000000000000000000000000000000000000000000000000000000000000000000000000000000000000000000000000000000000000000000000000000000000000000000000000000000000000000000000000000000000000000000000000000000000000000000000000000000000000000000000000000000000000000000000000000000000000000000000000>;
P_0x5555567bee00 .param/l "INITVAL_04" 0 2 755, C4<00000000000000000000000000000000000000000000000000000000000000000000000000000000000000000000000000000000000000000000000000000000000000000000000000000000000000000000000000000000000000000000000000000000000000000000000000000000000000000000000000000000000000000000000000000000000000000000000000000000000000000000000000000000>;
P_0x5555567bee40 .param/l "INITVAL_05" 0 2 756, C4<00000000000000000000000000000000000000000000000000000000000000000000000000000000000000000000000000000000000000000000000000000000000000000000000000000000000000000000000000000000000000000000000000000000000000000000000000000000000000000000000000000000000000000000000000000000000000000000000000000000000000000000000000000000>;
P_0x5555567bee80 .param/l "INITVAL_06" 0 2 757, C4<00000000000000000000000000000000000000000000000000000000000000000000000000000000000000000000000000000000000000000000000000000000000000000000000000000000000000000000000000000000000000000000000000000000000000000000000000000000000000000000000000000000000000000000000000000000000000000000000000000000000000000000000000000000>;
P_0x5555567beec0 .param/l "INITVAL_07" 0 2 758, C4<00000000000000000000000000000000000000000000000000000000000000000000000000000000000000000000000000000000000000000000000000000000000000000000000000000000000000000000000000000000000000000000000000000000000000000000000000000000000000000000000000000000000000000000000000000000000000000000000000000000000000000000000000000000>;
P_0x5555567bef00 .param/l "INITVAL_08" 0 2 759, C4<00000000000000000000000000000000000000000000000000000000000000000000000000000000000000000000000000000000000000000000000000000000000000000000000000000000000000000000000000000000000000000000000000000000000000000000000000000000000000000000000000000000000000000000000000000000000000000000000000000000000000000000000000000000>;
P_0x5555567bef40 .param/l "INITVAL_09" 0 2 760, C4<00000000000000000000000000000000000000000000000000000000000000000000000000000000000000000000000000000000000000000000000000000000000000000000000000000000000000000000000000000000000000000000000000000000000000000000000000000000000000000000000000000000000000000000000000000000000000000000000000000000000000000000000000000000>;
P_0x5555567bef80 .param/l "INITVAL_0A" 0 2 761, C4<00000000000000000000000000000000000000000000000000000000000000000000000000000000000000000000000000000000000000000000000000000000000000000000000000000000000000000000000000000000000000000000000000000000000000000000000000000000000000000000000000000000000000000000000000000000000000000000000000000000000000000000000000000000>;
P_0x5555567befc0 .param/l "INITVAL_0B" 0 2 762, C4<00000000000000000000000000000000000000000000000000000000000000000000000000000000000000000000000000000000000000000000000000000000000000000000000000000000000000000000000000000000000000000000000000000000000000000000000000000000000000000000000000000000000000000000000000000000000000000000000000000000000000000000000000000000>;
P_0x5555567bf000 .param/l "INITVAL_0C" 0 2 763, C4<00000000000000000000000000000000000000000000000000000000000000000000000000000000000000000000000000000000000000000000000000000000000000000000000000000000000000000000000000000000000000000000000000000000000000000000000000000000000000000000000000000000000000000000000000000000000000000000000000000000000000000000000000000000>;
P_0x5555567bf040 .param/l "INITVAL_0D" 0 2 764, C4<00000000000000000000000000000000000000000000000000000000000000000000000000000000000000000000000000000000000000000000000000000000000000000000000000000000000000000000000000000000000000000000000000000000000000000000000000000000000000000000000000000000000000000000000000000000000000000000000000000000000000000000000000000000>;
P_0x5555567bf080 .param/l "INITVAL_0E" 0 2 765, C4<00000000000000000000000000000000000000000000000000000000000000000000000000000000000000000000000000000000000000000000000000000000000000000000000000000000000000000000000000000000000000000000000000000000000000000000000000000000000000000000000000000000000000000000000000000000000000000000000000000000000000000000000000000000>;
P_0x5555567bf0c0 .param/l "INITVAL_0F" 0 2 766, C4<00000000000000000000000000000000000000000000000000000000000000000000000000000000000000000000000000000000000000000000000000000000000000000000000000000000000000000000000000000000000000000000000000000000000000000000000000000000000000000000000000000000000000000000000000000000000000000000000000000000000000000000000000000000>;
P_0x5555567bf100 .param/l "INITVAL_10" 0 2 767, C4<00000000000000000000000000000000000000000000000000000000000000000000000000000000000000000000000000000000000000000000000000000000000000000000000000000000000000000000000000000000000000000000000000000000000000000000000000000000000000000000000000000000000000000000000000000000000000000000000000000000000000000000000000000000>;
P_0x5555567bf140 .param/l "INITVAL_11" 0 2 768, C4<00000000000000000000000000000000000000000000000000000000000000000000000000000000000000000000000000000000000000000000000000000000000000000000000000000000000000000000000000000000000000000000000000000000000000000000000000000000000000000000000000000000000000000000000000000000000000000000000000000000000000000000000000000000>;
P_0x5555567bf180 .param/l "INITVAL_12" 0 2 769, C4<00000000000000000000000000000000000000000000000000000000000000000000000000000000000000000000000000000000000000000000000000000000000000000000000000000000000000000000000000000000000000000000000000000000000000000000000000000000000000000000000000000000000000000000000000000000000000000000000000000000000000000000000000000000>;
P_0x5555567bf1c0 .param/l "INITVAL_13" 0 2 770, C4<00000000000000000000000000000000000000000000000000000000000000000000000000000000000000000000000000000000000000000000000000000000000000000000000000000000000000000000000000000000000000000000000000000000000000000000000000000000000000000000000000000000000000000000000000000000000000000000000000000000000000000000000000000000>;
P_0x5555567bf200 .param/l "INITVAL_14" 0 2 771, C4<00000000000000000000000000000000000000000000000000000000000000000000000000000000000000000000000000000000000000000000000000000000000000000000000000000000000000000000000000000000000000000000000000000000000000000000000000000000000000000000000000000000000000000000000000000000000000000000000000000000000000000000000000000000>;
P_0x5555567bf240 .param/l "INITVAL_15" 0 2 772, C4<00000000000000000000000000000000000000000000000000000000000000000000000000000000000000000000000000000000000000000000000000000000000000000000000000000000000000000000000000000000000000000000000000000000000000000000000000000000000000000000000000000000000000000000000000000000000000000000000000000000000000000000000000000000>;
P_0x5555567bf280 .param/l "INITVAL_16" 0 2 773, C4<00000000000000000000000000000000000000000000000000000000000000000000000000000000000000000000000000000000000000000000000000000000000000000000000000000000000000000000000000000000000000000000000000000000000000000000000000000000000000000000000000000000000000000000000000000000000000000000000000000000000000000000000000000000>;
P_0x5555567bf2c0 .param/l "INITVAL_17" 0 2 774, C4<00000000000000000000000000000000000000000000000000000000000000000000000000000000000000000000000000000000000000000000000000000000000000000000000000000000000000000000000000000000000000000000000000000000000000000000000000000000000000000000000000000000000000000000000000000000000000000000000000000000000000000000000000000000>;
P_0x5555567bf300 .param/l "INITVAL_18" 0 2 775, C4<00000000000000000000000000000000000000000000000000000000000000000000000000000000000000000000000000000000000000000000000000000000000000000000000000000000000000000000000000000000000000000000000000000000000000000000000000000000000000000000000000000000000000000000000000000000000000000000000000000000000000000000000000000000>;
P_0x5555567bf340 .param/l "INITVAL_19" 0 2 776, C4<00000000000000000000000000000000000000000000000000000000000000000000000000000000000000000000000000000000000000000000000000000000000000000000000000000000000000000000000000000000000000000000000000000000000000000000000000000000000000000000000000000000000000000000000000000000000000000000000000000000000000000000000000000000>;
P_0x5555567bf380 .param/l "INITVAL_1A" 0 2 777, C4<00000000000000000000000000000000000000000000000000000000000000000000000000000000000000000000000000000000000000000000000000000000000000000000000000000000000000000000000000000000000000000000000000000000000000000000000000000000000000000000000000000000000000000000000000000000000000000000000000000000000000000000000000000000>;
P_0x5555567bf3c0 .param/l "INITVAL_1B" 0 2 778, C4<00000000000000000000000000000000000000000000000000000000000000000000000000000000000000000000000000000000000000000000000000000000000000000000000000000000000000000000000000000000000000000000000000000000000000000000000000000000000000000000000000000000000000000000000000000000000000000000000000000000000000000000000000000000>;
P_0x5555567bf400 .param/l "INITVAL_1C" 0 2 779, C4<00000000000000000000000000000000000000000000000000000000000000000000000000000000000000000000000000000000000000000000000000000000000000000000000000000000000000000000000000000000000000000000000000000000000000000000000000000000000000000000000000000000000000000000000000000000000000000000000000000000000000000000000000000000>;
P_0x5555567bf440 .param/l "INITVAL_1D" 0 2 780, C4<00000000000000000000000000000000000000000000000000000000000000000000000000000000000000000000000000000000000000000000000000000000000000000000000000000000000000000000000000000000000000000000000000000000000000000000000000000000000000000000000000000000000000000000000000000000000000000000000000000000000000000000000000000000>;
P_0x5555567bf480 .param/l "INITVAL_1E" 0 2 781, C4<00000000000000000000000000000000000000000000000000000000000000000000000000000000000000000000000000000000000000000000000000000000000000000000000000000000000000000000000000000000000000000000000000000000000000000000000000000000000000000000000000000000000000000000000000000000000000000000000000000000000000000000000000000000>;
P_0x5555567bf4c0 .param/l "INITVAL_1F" 0 2 782, C4<00000000000000000000000000000000000000000000000000000000000000000000000000000000000000000000000000000000000000000000000000000000000000000000000000000000000000000000000000000000000000000000000000000000000000000000000000000000000000000000000000000000000000000000000000000000000000000000000000000000000000000000000000000000>;
P_0x5555567bf500 .param/l "INITVAL_20" 0 2 783, C4<00000000000000000000000000000000000000000000000000000000000000000000000000000000000000000000000000000000000000000000000000000000000000000000000000000000000000000000000000000000000000000000000000000000000000000000000000000000000000000000000000000000000000000000000000000000000000000000000000000000000000000000000000000000>;
P_0x5555567bf540 .param/l "INITVAL_21" 0 2 784, C4<00000000000000000000000000000000000000000000000000000000000000000000000000000000000000000000000000000000000000000000000000000000000000000000000000000000000000000000000000000000000000000000000000000000000000000000000000000000000000000000000000000000000000000000000000000000000000000000000000000000000000000000000000000000>;
P_0x5555567bf580 .param/l "INITVAL_22" 0 2 785, C4<00000000000000000000000000000000000000000000000000000000000000000000000000000000000000000000000000000000000000000000000000000000000000000000000000000000000000000000000000000000000000000000000000000000000000000000000000000000000000000000000000000000000000000000000000000000000000000000000000000000000000000000000000000000>;
P_0x5555567bf5c0 .param/l "INITVAL_23" 0 2 786, C4<00000000000000000000000000000000000000000000000000000000000000000000000000000000000000000000000000000000000000000000000000000000000000000000000000000000000000000000000000000000000000000000000000000000000000000000000000000000000000000000000000000000000000000000000000000000000000000000000000000000000000000000000000000000>;
P_0x5555567bf600 .param/l "INITVAL_24" 0 2 787, C4<00000000000000000000000000000000000000000000000000000000000000000000000000000000000000000000000000000000000000000000000000000000000000000000000000000000000000000000000000000000000000000000000000000000000000000000000000000000000000000000000000000000000000000000000000000000000000000000000000000000000000000000000000000000>;
P_0x5555567bf640 .param/l "INITVAL_25" 0 2 788, C4<00000000000000000000000000000000000000000000000000000000000000000000000000000000000000000000000000000000000000000000000000000000000000000000000000000000000000000000000000000000000000000000000000000000000000000000000000000000000000000000000000000000000000000000000000000000000000000000000000000000000000000000000000000000>;
P_0x5555567bf680 .param/l "INITVAL_26" 0 2 789, C4<00000000000000000000000000000000000000000000000000000000000000000000000000000000000000000000000000000000000000000000000000000000000000000000000000000000000000000000000000000000000000000000000000000000000000000000000000000000000000000000000000000000000000000000000000000000000000000000000000000000000000000000000000000000>;
P_0x5555567bf6c0 .param/l "INITVAL_27" 0 2 790, C4<00000000000000000000000000000000000000000000000000000000000000000000000000000000000000000000000000000000000000000000000000000000000000000000000000000000000000000000000000000000000000000000000000000000000000000000000000000000000000000000000000000000000000000000000000000000000000000000000000000000000000000000000000000000>;
P_0x5555567bf700 .param/l "INITVAL_28" 0 2 791, C4<00000000000000000000000000000000000000000000000000000000000000000000000000000000000000000000000000000000000000000000000000000000000000000000000000000000000000000000000000000000000000000000000000000000000000000000000000000000000000000000000000000000000000000000000000000000000000000000000000000000000000000000000000000000>;
P_0x5555567bf740 .param/l "INITVAL_29" 0 2 792, C4<00000000000000000000000000000000000000000000000000000000000000000000000000000000000000000000000000000000000000000000000000000000000000000000000000000000000000000000000000000000000000000000000000000000000000000000000000000000000000000000000000000000000000000000000000000000000000000000000000000000000000000000000000000000>;
P_0x5555567bf780 .param/l "INITVAL_2A" 0 2 793, C4<00000000000000000000000000000000000000000000000000000000000000000000000000000000000000000000000000000000000000000000000000000000000000000000000000000000000000000000000000000000000000000000000000000000000000000000000000000000000000000000000000000000000000000000000000000000000000000000000000000000000000000000000000000000>;
P_0x5555567bf7c0 .param/l "INITVAL_2B" 0 2 794, C4<00000000000000000000000000000000000000000000000000000000000000000000000000000000000000000000000000000000000000000000000000000000000000000000000000000000000000000000000000000000000000000000000000000000000000000000000000000000000000000000000000000000000000000000000000000000000000000000000000000000000000000000000000000000>;
P_0x5555567bf800 .param/l "INITVAL_2C" 0 2 795, C4<00000000000000000000000000000000000000000000000000000000000000000000000000000000000000000000000000000000000000000000000000000000000000000000000000000000000000000000000000000000000000000000000000000000000000000000000000000000000000000000000000000000000000000000000000000000000000000000000000000000000000000000000000000000>;
P_0x5555567bf840 .param/l "INITVAL_2D" 0 2 796, C4<00000000000000000000000000000000000000000000000000000000000000000000000000000000000000000000000000000000000000000000000000000000000000000000000000000000000000000000000000000000000000000000000000000000000000000000000000000000000000000000000000000000000000000000000000000000000000000000000000000000000000000000000000000000>;
P_0x5555567bf880 .param/l "INITVAL_2E" 0 2 797, C4<00000000000000000000000000000000000000000000000000000000000000000000000000000000000000000000000000000000000000000000000000000000000000000000000000000000000000000000000000000000000000000000000000000000000000000000000000000000000000000000000000000000000000000000000000000000000000000000000000000000000000000000000000000000>;
P_0x5555567bf8c0 .param/l "INITVAL_2F" 0 2 798, C4<00000000000000000000000000000000000000000000000000000000000000000000000000000000000000000000000000000000000000000000000000000000000000000000000000000000000000000000000000000000000000000000000000000000000000000000000000000000000000000000000000000000000000000000000000000000000000000000000000000000000000000000000000000000>;
P_0x5555567bf900 .param/l "INITVAL_30" 0 2 799, C4<00000000000000000000000000000000000000000000000000000000000000000000000000000000000000000000000000000000000000000000000000000000000000000000000000000000000000000000000000000000000000000000000000000000000000000000000000000000000000000000000000000000000000000000000000000000000000000000000000000000000000000000000000000000>;
P_0x5555567bf940 .param/l "INITVAL_31" 0 2 800, C4<00000000000000000000000000000000000000000000000000000000000000000000000000000000000000000000000000000000000000000000000000000000000000000000000000000000000000000000000000000000000000000000000000000000000000000000000000000000000000000000000000000000000000000000000000000000000000000000000000000000000000000000000000000000>;
P_0x5555567bf980 .param/l "INITVAL_32" 0 2 801, C4<00000000000000000000000000000000000000000000000000000000000000000000000000000000000000000000000000000000000000000000000000000000000000000000000000000000000000000000000000000000000000000000000000000000000000000000000000000000000000000000000000000000000000000000000000000000000000000000000000000000000000000000000000000000>;
P_0x5555567bf9c0 .param/l "INITVAL_33" 0 2 802, C4<00000000000000000000000000000000000000000000000000000000000000000000000000000000000000000000000000000000000000000000000000000000000000000000000000000000000000000000000000000000000000000000000000000000000000000000000000000000000000000000000000000000000000000000000000000000000000000000000000000000000000000000000000000000>;
P_0x5555567bfa00 .param/l "INITVAL_34" 0 2 803, C4<00000000000000000000000000000000000000000000000000000000000000000000000000000000000000000000000000000000000000000000000000000000000000000000000000000000000000000000000000000000000000000000000000000000000000000000000000000000000000000000000000000000000000000000000000000000000000000000000000000000000000000000000000000000>;
P_0x5555567bfa40 .param/l "INITVAL_35" 0 2 804, C4<00000000000000000000000000000000000000000000000000000000000000000000000000000000000000000000000000000000000000000000000000000000000000000000000000000000000000000000000000000000000000000000000000000000000000000000000000000000000000000000000000000000000000000000000000000000000000000000000000000000000000000000000000000000>;
P_0x5555567bfa80 .param/l "INITVAL_36" 0 2 805, C4<00000000000000000000000000000000000000000000000000000000000000000000000000000000000000000000000000000000000000000000000000000000000000000000000000000000000000000000000000000000000000000000000000000000000000000000000000000000000000000000000000000000000000000000000000000000000000000000000000000000000000000000000000000000>;
P_0x5555567bfac0 .param/l "INITVAL_37" 0 2 806, C4<00000000000000000000000000000000000000000000000000000000000000000000000000000000000000000000000000000000000000000000000000000000000000000000000000000000000000000000000000000000000000000000000000000000000000000000000000000000000000000000000000000000000000000000000000000000000000000000000000000000000000000000000000000000>;
P_0x5555567bfb00 .param/l "INITVAL_38" 0 2 807, C4<00000000000000000000000000000000000000000000000000000000000000000000000000000000000000000000000000000000000000000000000000000000000000000000000000000000000000000000000000000000000000000000000000000000000000000000000000000000000000000000000000000000000000000000000000000000000000000000000000000000000000000000000000000000>;
P_0x5555567bfb40 .param/l "INITVAL_39" 0 2 808, C4<00000000000000000000000000000000000000000000000000000000000000000000000000000000000000000000000000000000000000000000000000000000000000000000000000000000000000000000000000000000000000000000000000000000000000000000000000000000000000000000000000000000000000000000000000000000000000000000000000000000000000000000000000000000>;
P_0x5555567bfb80 .param/l "INITVAL_3A" 0 2 809, C4<00000000000000000000000000000000000000000000000000000000000000000000000000000000000000000000000000000000000000000000000000000000000000000000000000000000000000000000000000000000000000000000000000000000000000000000000000000000000000000000000000000000000000000000000000000000000000000000000000000000000000000000000000000000>;
P_0x5555567bfbc0 .param/l "INITVAL_3B" 0 2 810, C4<00000000000000000000000000000000000000000000000000000000000000000000000000000000000000000000000000000000000000000000000000000000000000000000000000000000000000000000000000000000000000000000000000000000000000000000000000000000000000000000000000000000000000000000000000000000000000000000000000000000000000000000000000000000>;
P_0x5555567bfc00 .param/l "INITVAL_3C" 0 2 811, C4<00000000000000000000000000000000000000000000000000000000000000000000000000000000000000000000000000000000000000000000000000000000000000000000000000000000000000000000000000000000000000000000000000000000000000000000000000000000000000000000000000000000000000000000000000000000000000000000000000000000000000000000000000000000>;
P_0x5555567bfc40 .param/l "INITVAL_3D" 0 2 812, C4<00000000000000000000000000000000000000000000000000000000000000000000000000000000000000000000000000000000000000000000000000000000000000000000000000000000000000000000000000000000000000000000000000000000000000000000000000000000000000000000000000000000000000000000000000000000000000000000000000000000000000000000000000000000>;
P_0x5555567bfc80 .param/l "INITVAL_3E" 0 2 813, C4<00000000000000000000000000000000000000000000000000000000000000000000000000000000000000000000000000000000000000000000000000000000000000000000000000000000000000000000000000000000000000000000000000000000000000000000000000000000000000000000000000000000000000000000000000000000000000000000000000000000000000000000000000000000>;
P_0x5555567bfcc0 .param/l "INITVAL_3F" 0 2 814, C4<00000000000000000000000000000000000000000000000000000000000000000000000000000000000000000000000000000000000000000000000000000000000000000000000000000000000000000000000000000000000000000000000000000000000000000000000000000000000000000000000000000000000000000000000000000000000000000000000000000000000000000000000000000000>;
P_0x5555567bfd00 .param/str "OCEAMUX" 0 2 663, "OCEA";
P_0x5555567bfd40 .param/str "OCEBMUX" 0 2 721, "OCEB";
P_0x5555567bfd80 .param/str "REGMODE_A" 0 2 618, "NOREG";
P_0x5555567bfdc0 .param/str "REGMODE_B" 0 2 619, "NOREG";
P_0x5555567bfe00 .param/str "RESETMODE" 0 2 621, "SYNC";
P_0x5555567bfe40 .param/str "RSTAMUX" 0 2 666, "RSTA";
P_0x5555567bfe80 .param/str "RSTBMUX" 0 2 724, "RSTB";
P_0x5555567bfec0 .param/str "WEAMUX" 0 2 665, "WEA";
P_0x5555567bff00 .param/str "WEBMUX" 0 2 723, "WEB";
P_0x5555567bff40 .param/l "WID" 0 2 747, +C4<00000000000000000000000000000000>;
P_0x5555567bff80 .param/str "WRITEMODE_A" 0 2 627, "NORMAL";
P_0x5555567bffc0 .param/str "WRITEMODE_B" 0 2 628, "NORMAL";
o0x7fb09bfaf7f8 .functor BUFZ 1, C4<z>; HiZ drive
v0x5555567d0f40_0 .net "ADA0", 0 0, o0x7fb09bfaf7f8;  0 drivers
o0x7fb09bfaf828 .functor BUFZ 1, C4<z>; HiZ drive
v0x5555567d1020_0 .net "ADA1", 0 0, o0x7fb09bfaf828;  0 drivers
o0x7fb09bfaf858 .functor BUFZ 1, C4<z>; HiZ drive
v0x5555567d10e0_0 .net "ADA10", 0 0, o0x7fb09bfaf858;  0 drivers
o0x7fb09bfaf888 .functor BUFZ 1, C4<z>; HiZ drive
v0x5555567d1180_0 .net "ADA11", 0 0, o0x7fb09bfaf888;  0 drivers
o0x7fb09bfaf8b8 .functor BUFZ 1, C4<z>; HiZ drive
v0x5555567d1240_0 .net "ADA12", 0 0, o0x7fb09bfaf8b8;  0 drivers
o0x7fb09bfaf8e8 .functor BUFZ 1, C4<z>; HiZ drive
v0x5555567d1300_0 .net "ADA13", 0 0, o0x7fb09bfaf8e8;  0 drivers
o0x7fb09bfaf918 .functor BUFZ 1, C4<z>; HiZ drive
v0x5555567d13c0_0 .net "ADA2", 0 0, o0x7fb09bfaf918;  0 drivers
o0x7fb09bfaf948 .functor BUFZ 1, C4<z>; HiZ drive
v0x5555567d1480_0 .net "ADA3", 0 0, o0x7fb09bfaf948;  0 drivers
o0x7fb09bfaf978 .functor BUFZ 1, C4<z>; HiZ drive
v0x5555567d1540_0 .net "ADA4", 0 0, o0x7fb09bfaf978;  0 drivers
o0x7fb09bfaf9a8 .functor BUFZ 1, C4<z>; HiZ drive
v0x5555567d1600_0 .net "ADA5", 0 0, o0x7fb09bfaf9a8;  0 drivers
o0x7fb09bfaf9d8 .functor BUFZ 1, C4<z>; HiZ drive
v0x5555567d16c0_0 .net "ADA6", 0 0, o0x7fb09bfaf9d8;  0 drivers
o0x7fb09bfafa08 .functor BUFZ 1, C4<z>; HiZ drive
v0x5555567d1780_0 .net "ADA7", 0 0, o0x7fb09bfafa08;  0 drivers
o0x7fb09bfafa38 .functor BUFZ 1, C4<z>; HiZ drive
v0x5555567d1840_0 .net "ADA8", 0 0, o0x7fb09bfafa38;  0 drivers
o0x7fb09bfafa68 .functor BUFZ 1, C4<z>; HiZ drive
v0x5555567d1900_0 .net "ADA9", 0 0, o0x7fb09bfafa68;  0 drivers
o0x7fb09bfafa98 .functor BUFZ 1, C4<z>; HiZ drive
v0x5555567d19c0_0 .net "ADB0", 0 0, o0x7fb09bfafa98;  0 drivers
o0x7fb09bfafac8 .functor BUFZ 1, C4<z>; HiZ drive
v0x5555567d1a80_0 .net "ADB1", 0 0, o0x7fb09bfafac8;  0 drivers
o0x7fb09bfafaf8 .functor BUFZ 1, C4<z>; HiZ drive
v0x5555567d1b40_0 .net "ADB10", 0 0, o0x7fb09bfafaf8;  0 drivers
o0x7fb09bfafb28 .functor BUFZ 1, C4<z>; HiZ drive
v0x5555567d1c00_0 .net "ADB11", 0 0, o0x7fb09bfafb28;  0 drivers
o0x7fb09bfafb58 .functor BUFZ 1, C4<z>; HiZ drive
v0x5555567d1cc0_0 .net "ADB12", 0 0, o0x7fb09bfafb58;  0 drivers
o0x7fb09bfafb88 .functor BUFZ 1, C4<z>; HiZ drive
v0x5555567d1d80_0 .net "ADB13", 0 0, o0x7fb09bfafb88;  0 drivers
o0x7fb09bfafbb8 .functor BUFZ 1, C4<z>; HiZ drive
v0x5555567d1e40_0 .net "ADB2", 0 0, o0x7fb09bfafbb8;  0 drivers
o0x7fb09bfafbe8 .functor BUFZ 1, C4<z>; HiZ drive
v0x5555567d1f00_0 .net "ADB3", 0 0, o0x7fb09bfafbe8;  0 drivers
o0x7fb09bfafc18 .functor BUFZ 1, C4<z>; HiZ drive
v0x5555567d1fc0_0 .net "ADB4", 0 0, o0x7fb09bfafc18;  0 drivers
o0x7fb09bfafc48 .functor BUFZ 1, C4<z>; HiZ drive
v0x5555567d2080_0 .net "ADB5", 0 0, o0x7fb09bfafc48;  0 drivers
o0x7fb09bfafc78 .functor BUFZ 1, C4<z>; HiZ drive
v0x5555567d2140_0 .net "ADB6", 0 0, o0x7fb09bfafc78;  0 drivers
o0x7fb09bfafca8 .functor BUFZ 1, C4<z>; HiZ drive
v0x5555567d2200_0 .net "ADB7", 0 0, o0x7fb09bfafca8;  0 drivers
o0x7fb09bfafcd8 .functor BUFZ 1, C4<z>; HiZ drive
v0x5555567d22c0_0 .net "ADB8", 0 0, o0x7fb09bfafcd8;  0 drivers
o0x7fb09bfafd08 .functor BUFZ 1, C4<z>; HiZ drive
v0x5555567d2380_0 .net "ADB9", 0 0, o0x7fb09bfafd08;  0 drivers
o0x7fb09bfafd38 .functor BUFZ 1, C4<z>; HiZ drive
v0x5555567d2440_0 .net "CEA", 0 0, o0x7fb09bfafd38;  0 drivers
o0x7fb09bfafd68 .functor BUFZ 1, C4<z>; HiZ drive
v0x5555567d2500_0 .net "CEB", 0 0, o0x7fb09bfafd68;  0 drivers
o0x7fb09bfafd98 .functor BUFZ 1, C4<z>; HiZ drive
v0x5555567d25c0_0 .net "CLKA", 0 0, o0x7fb09bfafd98;  0 drivers
o0x7fb09bfafdc8 .functor BUFZ 1, C4<z>; HiZ drive
v0x5555567d2680_0 .net "CLKB", 0 0, o0x7fb09bfafdc8;  0 drivers
o0x7fb09bfafdf8 .functor BUFZ 1, C4<z>; HiZ drive
v0x5555567d2740_0 .net "CSA0", 0 0, o0x7fb09bfafdf8;  0 drivers
o0x7fb09bfafe28 .functor BUFZ 1, C4<z>; HiZ drive
v0x5555567d2800_0 .net "CSA1", 0 0, o0x7fb09bfafe28;  0 drivers
o0x7fb09bfafe58 .functor BUFZ 1, C4<z>; HiZ drive
v0x5555567d28c0_0 .net "CSA2", 0 0, o0x7fb09bfafe58;  0 drivers
o0x7fb09bfafe88 .functor BUFZ 1, C4<z>; HiZ drive
v0x5555567d2980_0 .net "CSB0", 0 0, o0x7fb09bfafe88;  0 drivers
o0x7fb09bfafeb8 .functor BUFZ 1, C4<z>; HiZ drive
v0x5555567d2a40_0 .net "CSB1", 0 0, o0x7fb09bfafeb8;  0 drivers
o0x7fb09bfafee8 .functor BUFZ 1, C4<z>; HiZ drive
v0x5555567d2b00_0 .net "CSB2", 0 0, o0x7fb09bfafee8;  0 drivers
o0x7fb09bfaff18 .functor BUFZ 1, C4<z>; HiZ drive
v0x5555567d2bc0_0 .net "DIA0", 0 0, o0x7fb09bfaff18;  0 drivers
o0x7fb09bfaff48 .functor BUFZ 1, C4<z>; HiZ drive
v0x5555567d2c80_0 .net "DIA1", 0 0, o0x7fb09bfaff48;  0 drivers
o0x7fb09bfaff78 .functor BUFZ 1, C4<z>; HiZ drive
v0x5555567d2d40_0 .net "DIA10", 0 0, o0x7fb09bfaff78;  0 drivers
o0x7fb09bfaffa8 .functor BUFZ 1, C4<z>; HiZ drive
v0x5555567d2e00_0 .net "DIA11", 0 0, o0x7fb09bfaffa8;  0 drivers
o0x7fb09bfaffd8 .functor BUFZ 1, C4<z>; HiZ drive
v0x5555567d2ec0_0 .net "DIA12", 0 0, o0x7fb09bfaffd8;  0 drivers
o0x7fb09bfb0008 .functor BUFZ 1, C4<z>; HiZ drive
v0x5555567d2f80_0 .net "DIA13", 0 0, o0x7fb09bfb0008;  0 drivers
o0x7fb09bfb0038 .functor BUFZ 1, C4<z>; HiZ drive
v0x5555567d3040_0 .net "DIA14", 0 0, o0x7fb09bfb0038;  0 drivers
o0x7fb09bfb0068 .functor BUFZ 1, C4<z>; HiZ drive
v0x5555567d3100_0 .net "DIA15", 0 0, o0x7fb09bfb0068;  0 drivers
o0x7fb09bfb0098 .functor BUFZ 1, C4<z>; HiZ drive
v0x5555567d31c0_0 .net "DIA16", 0 0, o0x7fb09bfb0098;  0 drivers
o0x7fb09bfb00c8 .functor BUFZ 1, C4<z>; HiZ drive
v0x5555567d3280_0 .net "DIA17", 0 0, o0x7fb09bfb00c8;  0 drivers
o0x7fb09bfb00f8 .functor BUFZ 1, C4<z>; HiZ drive
v0x5555567d3340_0 .net "DIA2", 0 0, o0x7fb09bfb00f8;  0 drivers
o0x7fb09bfb0128 .functor BUFZ 1, C4<z>; HiZ drive
v0x5555567d3400_0 .net "DIA3", 0 0, o0x7fb09bfb0128;  0 drivers
o0x7fb09bfb0158 .functor BUFZ 1, C4<z>; HiZ drive
v0x5555567d34c0_0 .net "DIA4", 0 0, o0x7fb09bfb0158;  0 drivers
o0x7fb09bfb0188 .functor BUFZ 1, C4<z>; HiZ drive
v0x5555567d3580_0 .net "DIA5", 0 0, o0x7fb09bfb0188;  0 drivers
o0x7fb09bfb01b8 .functor BUFZ 1, C4<z>; HiZ drive
v0x5555567d3640_0 .net "DIA6", 0 0, o0x7fb09bfb01b8;  0 drivers
o0x7fb09bfb01e8 .functor BUFZ 1, C4<z>; HiZ drive
v0x5555567d3700_0 .net "DIA7", 0 0, o0x7fb09bfb01e8;  0 drivers
o0x7fb09bfb0218 .functor BUFZ 1, C4<z>; HiZ drive
v0x5555567d37c0_0 .net "DIA8", 0 0, o0x7fb09bfb0218;  0 drivers
o0x7fb09bfb0248 .functor BUFZ 1, C4<z>; HiZ drive
v0x5555567d3880_0 .net "DIA9", 0 0, o0x7fb09bfb0248;  0 drivers
o0x7fb09bfb0278 .functor BUFZ 1, C4<z>; HiZ drive
v0x5555567d3940_0 .net "DIB0", 0 0, o0x7fb09bfb0278;  0 drivers
o0x7fb09bfb02a8 .functor BUFZ 1, C4<z>; HiZ drive
v0x5555567d3a00_0 .net "DIB1", 0 0, o0x7fb09bfb02a8;  0 drivers
o0x7fb09bfb02d8 .functor BUFZ 1, C4<z>; HiZ drive
v0x5555567d3ac0_0 .net "DIB10", 0 0, o0x7fb09bfb02d8;  0 drivers
o0x7fb09bfb0308 .functor BUFZ 1, C4<z>; HiZ drive
v0x5555567d3b80_0 .net "DIB11", 0 0, o0x7fb09bfb0308;  0 drivers
o0x7fb09bfb0338 .functor BUFZ 1, C4<z>; HiZ drive
v0x5555567d3c40_0 .net "DIB12", 0 0, o0x7fb09bfb0338;  0 drivers
o0x7fb09bfb0368 .functor BUFZ 1, C4<z>; HiZ drive
v0x5555567d3d00_0 .net "DIB13", 0 0, o0x7fb09bfb0368;  0 drivers
o0x7fb09bfb0398 .functor BUFZ 1, C4<z>; HiZ drive
v0x5555567d3dc0_0 .net "DIB14", 0 0, o0x7fb09bfb0398;  0 drivers
o0x7fb09bfb03c8 .functor BUFZ 1, C4<z>; HiZ drive
v0x5555567d3e80_0 .net "DIB15", 0 0, o0x7fb09bfb03c8;  0 drivers
o0x7fb09bfb03f8 .functor BUFZ 1, C4<z>; HiZ drive
v0x5555567d3f40_0 .net "DIB16", 0 0, o0x7fb09bfb03f8;  0 drivers
o0x7fb09bfb0428 .functor BUFZ 1, C4<z>; HiZ drive
v0x5555567d4410_0 .net "DIB17", 0 0, o0x7fb09bfb0428;  0 drivers
o0x7fb09bfb0458 .functor BUFZ 1, C4<z>; HiZ drive
v0x5555567d44d0_0 .net "DIB2", 0 0, o0x7fb09bfb0458;  0 drivers
o0x7fb09bfb0488 .functor BUFZ 1, C4<z>; HiZ drive
v0x5555567d4590_0 .net "DIB3", 0 0, o0x7fb09bfb0488;  0 drivers
o0x7fb09bfb04b8 .functor BUFZ 1, C4<z>; HiZ drive
v0x5555567d4650_0 .net "DIB4", 0 0, o0x7fb09bfb04b8;  0 drivers
o0x7fb09bfb04e8 .functor BUFZ 1, C4<z>; HiZ drive
v0x5555567d4710_0 .net "DIB5", 0 0, o0x7fb09bfb04e8;  0 drivers
o0x7fb09bfb0518 .functor BUFZ 1, C4<z>; HiZ drive
v0x5555567d47d0_0 .net "DIB6", 0 0, o0x7fb09bfb0518;  0 drivers
o0x7fb09bfb0548 .functor BUFZ 1, C4<z>; HiZ drive
v0x5555567d4890_0 .net "DIB7", 0 0, o0x7fb09bfb0548;  0 drivers
o0x7fb09bfb0578 .functor BUFZ 1, C4<z>; HiZ drive
v0x5555567d4950_0 .net "DIB8", 0 0, o0x7fb09bfb0578;  0 drivers
o0x7fb09bfb05a8 .functor BUFZ 1, C4<z>; HiZ drive
v0x5555567d4a10_0 .net "DIB9", 0 0, o0x7fb09bfb05a8;  0 drivers
o0x7fb09bfb05d8 .functor BUFZ 1, C4<z>; HiZ drive
v0x5555567d4ad0_0 .net "DOA0", 0 0, o0x7fb09bfb05d8;  0 drivers
o0x7fb09bfb0608 .functor BUFZ 1, C4<z>; HiZ drive
v0x5555567d4b90_0 .net "DOA1", 0 0, o0x7fb09bfb0608;  0 drivers
o0x7fb09bfb0638 .functor BUFZ 1, C4<z>; HiZ drive
v0x5555567d4c50_0 .net "DOA10", 0 0, o0x7fb09bfb0638;  0 drivers
o0x7fb09bfb0668 .functor BUFZ 1, C4<z>; HiZ drive
v0x5555567d4d10_0 .net "DOA11", 0 0, o0x7fb09bfb0668;  0 drivers
o0x7fb09bfb0698 .functor BUFZ 1, C4<z>; HiZ drive
v0x5555567d4dd0_0 .net "DOA12", 0 0, o0x7fb09bfb0698;  0 drivers
o0x7fb09bfb06c8 .functor BUFZ 1, C4<z>; HiZ drive
v0x5555567d4e90_0 .net "DOA13", 0 0, o0x7fb09bfb06c8;  0 drivers
o0x7fb09bfb06f8 .functor BUFZ 1, C4<z>; HiZ drive
v0x5555567d4f50_0 .net "DOA14", 0 0, o0x7fb09bfb06f8;  0 drivers
o0x7fb09bfb0728 .functor BUFZ 1, C4<z>; HiZ drive
v0x5555567d5010_0 .net "DOA15", 0 0, o0x7fb09bfb0728;  0 drivers
o0x7fb09bfb0758 .functor BUFZ 1, C4<z>; HiZ drive
v0x5555567d50d0_0 .net "DOA16", 0 0, o0x7fb09bfb0758;  0 drivers
o0x7fb09bfb0788 .functor BUFZ 1, C4<z>; HiZ drive
v0x5555567d5190_0 .net "DOA17", 0 0, o0x7fb09bfb0788;  0 drivers
o0x7fb09bfb07b8 .functor BUFZ 1, C4<z>; HiZ drive
v0x5555567d5250_0 .net "DOA2", 0 0, o0x7fb09bfb07b8;  0 drivers
o0x7fb09bfb07e8 .functor BUFZ 1, C4<z>; HiZ drive
v0x5555567d5310_0 .net "DOA3", 0 0, o0x7fb09bfb07e8;  0 drivers
o0x7fb09bfb0818 .functor BUFZ 1, C4<z>; HiZ drive
v0x5555567d53d0_0 .net "DOA4", 0 0, o0x7fb09bfb0818;  0 drivers
o0x7fb09bfb0848 .functor BUFZ 1, C4<z>; HiZ drive
v0x5555567d5490_0 .net "DOA5", 0 0, o0x7fb09bfb0848;  0 drivers
o0x7fb09bfb0878 .functor BUFZ 1, C4<z>; HiZ drive
v0x5555567d5550_0 .net "DOA6", 0 0, o0x7fb09bfb0878;  0 drivers
o0x7fb09bfb08a8 .functor BUFZ 1, C4<z>; HiZ drive
v0x5555567d5610_0 .net "DOA7", 0 0, o0x7fb09bfb08a8;  0 drivers
o0x7fb09bfb08d8 .functor BUFZ 1, C4<z>; HiZ drive
v0x5555567d56d0_0 .net "DOA8", 0 0, o0x7fb09bfb08d8;  0 drivers
o0x7fb09bfb0908 .functor BUFZ 1, C4<z>; HiZ drive
v0x5555567d5790_0 .net "DOA9", 0 0, o0x7fb09bfb0908;  0 drivers
o0x7fb09bfb0938 .functor BUFZ 1, C4<z>; HiZ drive
v0x5555567d5850_0 .net "DOB0", 0 0, o0x7fb09bfb0938;  0 drivers
o0x7fb09bfb0968 .functor BUFZ 1, C4<z>; HiZ drive
v0x5555567d5910_0 .net "DOB1", 0 0, o0x7fb09bfb0968;  0 drivers
o0x7fb09bfb0998 .functor BUFZ 1, C4<z>; HiZ drive
v0x5555567d59d0_0 .net "DOB10", 0 0, o0x7fb09bfb0998;  0 drivers
o0x7fb09bfb09c8 .functor BUFZ 1, C4<z>; HiZ drive
v0x5555567d5a90_0 .net "DOB11", 0 0, o0x7fb09bfb09c8;  0 drivers
o0x7fb09bfb09f8 .functor BUFZ 1, C4<z>; HiZ drive
v0x5555567d5b50_0 .net "DOB12", 0 0, o0x7fb09bfb09f8;  0 drivers
o0x7fb09bfb0a28 .functor BUFZ 1, C4<z>; HiZ drive
v0x5555567d5c10_0 .net "DOB13", 0 0, o0x7fb09bfb0a28;  0 drivers
o0x7fb09bfb0a58 .functor BUFZ 1, C4<z>; HiZ drive
v0x5555567d5cd0_0 .net "DOB14", 0 0, o0x7fb09bfb0a58;  0 drivers
o0x7fb09bfb0a88 .functor BUFZ 1, C4<z>; HiZ drive
v0x5555567d5d90_0 .net "DOB15", 0 0, o0x7fb09bfb0a88;  0 drivers
o0x7fb09bfb0ab8 .functor BUFZ 1, C4<z>; HiZ drive
v0x5555567d5e50_0 .net "DOB16", 0 0, o0x7fb09bfb0ab8;  0 drivers
o0x7fb09bfb0ae8 .functor BUFZ 1, C4<z>; HiZ drive
v0x5555567d5f10_0 .net "DOB17", 0 0, o0x7fb09bfb0ae8;  0 drivers
o0x7fb09bfb0b18 .functor BUFZ 1, C4<z>; HiZ drive
v0x5555567d5fd0_0 .net "DOB2", 0 0, o0x7fb09bfb0b18;  0 drivers
o0x7fb09bfb0b48 .functor BUFZ 1, C4<z>; HiZ drive
v0x5555567d6090_0 .net "DOB3", 0 0, o0x7fb09bfb0b48;  0 drivers
o0x7fb09bfb0b78 .functor BUFZ 1, C4<z>; HiZ drive
v0x5555567d6150_0 .net "DOB4", 0 0, o0x7fb09bfb0b78;  0 drivers
o0x7fb09bfb0ba8 .functor BUFZ 1, C4<z>; HiZ drive
v0x5555567d6210_0 .net "DOB5", 0 0, o0x7fb09bfb0ba8;  0 drivers
o0x7fb09bfb0bd8 .functor BUFZ 1, C4<z>; HiZ drive
v0x5555567d62d0_0 .net "DOB6", 0 0, o0x7fb09bfb0bd8;  0 drivers
o0x7fb09bfb0c08 .functor BUFZ 1, C4<z>; HiZ drive
v0x5555567d6390_0 .net "DOB7", 0 0, o0x7fb09bfb0c08;  0 drivers
o0x7fb09bfb0c38 .functor BUFZ 1, C4<z>; HiZ drive
v0x5555567d6450_0 .net "DOB8", 0 0, o0x7fb09bfb0c38;  0 drivers
o0x7fb09bfb0c68 .functor BUFZ 1, C4<z>; HiZ drive
v0x5555567d6510_0 .net "DOB9", 0 0, o0x7fb09bfb0c68;  0 drivers
o0x7fb09bfb0c98 .functor BUFZ 1, C4<z>; HiZ drive
v0x5555567d65d0_0 .net "OCEA", 0 0, o0x7fb09bfb0c98;  0 drivers
o0x7fb09bfb0cc8 .functor BUFZ 1, C4<z>; HiZ drive
v0x5555567d6690_0 .net "OCEB", 0 0, o0x7fb09bfb0cc8;  0 drivers
o0x7fb09bfb0cf8 .functor BUFZ 1, C4<z>; HiZ drive
v0x5555567d6750_0 .net "RSTA", 0 0, o0x7fb09bfb0cf8;  0 drivers
o0x7fb09bfb0d28 .functor BUFZ 1, C4<z>; HiZ drive
v0x5555567d6810_0 .net "RSTB", 0 0, o0x7fb09bfb0d28;  0 drivers
o0x7fb09bfb0d58 .functor BUFZ 1, C4<z>; HiZ drive
v0x5555567d68d0_0 .net "WEA", 0 0, o0x7fb09bfb0d58;  0 drivers
o0x7fb09bfb0d88 .functor BUFZ 1, C4<z>; HiZ drive
v0x5555567d6990_0 .net "WEB", 0 0, o0x7fb09bfb0d88;  0 drivers
S_0x5555567a8b70 .scope module, "DPR16X4C" "DPR16X4C" 2 236;
 .timescale 0 0;
    .port_info 0 /INPUT 4 "DI";
    .port_info 1 /INPUT 1 "WCK";
    .port_info 2 /INPUT 1 "WRE";
    .port_info 3 /INPUT 4 "RAD";
    .port_info 4 /INPUT 4 "WAD";
    .port_info 5 /OUTPUT 4 "DO";
P_0x5555567b9a70 .param/str "INITVAL" 0 2 245, "0x0000000000000000";
P_0x5555567b9ab0 .param/l "conv_initval" 1 2 275, C4<0000000000000000000000000000000000000000000000000000000000000000>;
L_0x5555567e6cc0 .functor BUFZ 4, L_0x5555567e6ac0, C4<0000>, C4<0000>, C4<0000>;
o0x7fb09bfb2498 .functor BUFZ 4, C4<zzzz>; HiZ drive
v0x5555567d83e0_0 .net "DI", 3 0, o0x7fb09bfb2498;  0 drivers
v0x5555567d84e0_0 .net "DO", 3 0, L_0x5555567e6cc0;  1 drivers
o0x7fb09bfb24f8 .functor BUFZ 4, C4<zzzz>; HiZ drive
v0x5555567d85c0_0 .net "RAD", 3 0, o0x7fb09bfb24f8;  0 drivers
o0x7fb09bfb2528 .functor BUFZ 4, C4<zzzz>; HiZ drive
v0x5555567d8680_0 .net "WAD", 3 0, o0x7fb09bfb2528;  0 drivers
o0x7fb09bfb2558 .functor BUFZ 1, C4<z>; HiZ drive
v0x5555567d8760_0 .net "WCK", 0 0, o0x7fb09bfb2558;  0 drivers
o0x7fb09bfb2588 .functor BUFZ 1, C4<z>; HiZ drive
v0x5555567d8870_0 .net "WRE", 0 0, o0x7fb09bfb2588;  0 drivers
v0x5555567d8930_0 .net *"_ivl_0", 3 0, L_0x5555567e6ac0;  1 drivers
v0x5555567d8a10_0 .net *"_ivl_2", 5 0, L_0x5555567e6b80;  1 drivers
L_0x7fb09bf66018 .functor BUFT 1, C4<00>, C4<0>, C4<0>, C4<0>;
v0x5555567d8af0_0 .net *"_ivl_5", 1 0, L_0x7fb09bf66018;  1 drivers
v0x5555567d8bd0_0 .var/i "i", 31 0;
v0x5555567d8cb0 .array "ram", 15 0, 3 0;
E_0x5555566ba1b0 .event posedge, v0x5555567d8760_0;
L_0x5555567e6ac0 .array/port v0x5555567d8cb0, L_0x5555567e6b80;
L_0x5555567e6b80 .concat [ 4 2 0 0], o0x7fb09bfb24f8, L_0x7fb09bf66018;
S_0x5555567d7cc0 .scope function.vec4.s64, "convert_initval" "convert_initval" 2 247, 2 247 0, S_0x5555567a8b70;
 .timescale 0 0;
v0x5555567d7e70_0 .var "char", 7 0;
; Variable convert_initval is vec4 return value of scope S_0x5555567d7cc0
v0x5555567d8050_0 .var "done", 0 0;
v0x5555567d80f0_0 .var "hex_initval", 143 0;
v0x5555567d81d0_0 .var/i "i", 31 0;
v0x5555567d8300_0 .var "temp", 63 0;
TD_DPR16X4C.convert_initval ;
    %pushi/vec4 0, 0, 1;
    %store/vec4 v0x5555567d8050_0, 0, 1;
    %pushi/vec4 0, 0, 64;
    %store/vec4 v0x5555567d8300_0, 0, 64;
    %pushi/vec4 0, 0, 32;
    %store/vec4 v0x5555567d81d0_0, 0, 32;
T_0.0 ;
    %load/vec4 v0x5555567d81d0_0;
    %cmpi/s 16, 0, 32;
    %jmp/0xz T_0.1, 5;
    %load/vec4 v0x5555567d8050_0;
    %nor/r;
    %flag_set/vec4 8;
    %jmp/0xz  T_0.2, 8;
    %load/vec4 v0x5555567d80f0_0;
    %load/vec4 v0x5555567d81d0_0;
    %muli 8, 0, 32;
    %part/s 8;
    %store/vec4 v0x5555567d7e70_0, 0, 8;
    %load/vec4 v0x5555567d7e70_0;
    %pushi/vec4 120, 0, 8; draw_string_vec4
    %cmp/e;
    %jmp/0xz  T_0.4, 4;
    %pushi/vec4 1, 0, 1;
    %store/vec4 v0x5555567d8050_0, 0, 1;
    %jmp T_0.5;
T_0.4 ;
    %pushi/vec4 48, 0, 8; draw_string_vec4
    %load/vec4 v0x5555567d7e70_0;
    %cmp/u;
    %flag_get/vec4 4;
    %flag_get/vec4 5;
    %or;
    %load/vec4 v0x5555567d7e70_0;
    %pushi/vec4 57, 0, 8; draw_string_vec4
    %cmp/u;
    %flag_get/vec4 4;
    %flag_get/vec4 5;
    %or;
    %and;
    %flag_set/vec4 8;
    %jmp/0xz  T_0.6, 8;
    %load/vec4 v0x5555567d7e70_0;
    %pushi/vec4 48, 0, 8; draw_string_vec4
    %sub;
    %pad/u 4;
    %load/vec4 v0x5555567d81d0_0;
    %muli 4, 0, 32;
    %ix/vec4/s 4;
    %store/vec4 v0x5555567d8300_0, 4, 4;
    %jmp T_0.7;
T_0.6 ;
    %pushi/vec4 65, 0, 8; draw_string_vec4
    %load/vec4 v0x5555567d7e70_0;
    %cmp/u;
    %flag_get/vec4 4;
    %flag_get/vec4 5;
    %or;
    %load/vec4 v0x5555567d7e70_0;
    %pushi/vec4 70, 0, 8; draw_string_vec4
    %cmp/u;
    %flag_get/vec4 4;
    %flag_get/vec4 5;
    %or;
    %and;
    %flag_set/vec4 8;
    %jmp/0xz  T_0.8, 8;
    %pushi/vec4 10, 0, 8;
    %load/vec4 v0x5555567d7e70_0;
    %add;
    %pushi/vec4 65, 0, 8; draw_string_vec4
    %sub;
    %pad/u 4;
    %load/vec4 v0x5555567d81d0_0;
    %muli 4, 0, 32;
    %ix/vec4/s 4;
    %store/vec4 v0x5555567d8300_0, 4, 4;
    %jmp T_0.9;
T_0.8 ;
    %pushi/vec4 97, 0, 8; draw_string_vec4
    %load/vec4 v0x5555567d7e70_0;
    %cmp/u;
    %flag_get/vec4 4;
    %flag_get/vec4 5;
    %or;
    %load/vec4 v0x5555567d7e70_0;
    %pushi/vec4 102, 0, 8; draw_string_vec4
    %cmp/u;
    %flag_get/vec4 4;
    %flag_get/vec4 5;
    %or;
    %and;
    %flag_set/vec4 8;
    %jmp/0xz  T_0.10, 8;
    %pushi/vec4 10, 0, 8;
    %load/vec4 v0x5555567d7e70_0;
    %add;
    %pushi/vec4 97, 0, 8; draw_string_vec4
    %sub;
    %pad/u 4;
    %load/vec4 v0x5555567d81d0_0;
    %muli 4, 0, 32;
    %ix/vec4/s 4;
    %store/vec4 v0x5555567d8300_0, 4, 4;
T_0.10 ;
T_0.9 ;
T_0.7 ;
T_0.5 ;
T_0.2 ;
    %load/vec4 v0x5555567d81d0_0;
    %addi 1, 0, 32;
    %store/vec4 v0x5555567d81d0_0, 0, 32;
    %jmp T_0.0;
T_0.1 ;
    %load/vec4 v0x5555567d8300_0;
    %ret/vec4 0, 0, 64;  Assign to convert_initval (store_vec4_to_lval)
    %end;
S_0x5555567a8f20 .scope module, "INV" "INV" 2 422;
 .timescale 0 0;
    .port_info 0 /INPUT 1 "A";
    .port_info 1 /OUTPUT 1 "Z";
o0x7fb09bfb2798 .functor BUFZ 1, C4<z>; HiZ drive
v0x5555567d8e30_0 .net "A", 0 0, o0x7fb09bfb2798;  0 drivers
v0x5555567d8f10_0 .net "Z", 0 0, L_0x5555567e6d80;  1 drivers
L_0x5555567e6d80 .reduce/nor o0x7fb09bfb2798;
S_0x555556745cb0 .scope module, "TRELLIS_DPR16X4" "TRELLIS_DPR16X4" 2 190;
 .timescale 0 0;
    .port_info 0 /INPUT 4 "DI";
    .port_info 1 /INPUT 4 "WAD";
    .port_info 2 /INPUT 1 "WRE";
    .port_info 3 /INPUT 1 "WCK";
    .port_info 4 /INPUT 4 "RAD";
    .port_info 5 /OUTPUT 4 "DO";
P_0x555556745e40 .param/l "INITVAL" 0 2 200, C4<0000000000000000000000000000000000000000000000000000000000000000>;
P_0x555556745e80 .param/str "WCKMUX" 0 2 198, "WCK";
P_0x555556745ec0 .param/str "WREMUX" 0 2 199, "WRE";
o0x7fb09bfb2918 .functor BUFZ 1, C4<z>; HiZ drive
L_0x5555567e6e20 .functor BUFZ 1, o0x7fb09bfb2918, C4<0>, C4<0>, C4<0>;
L_0x5555567e7160 .functor BUFZ 4, L_0x5555567e6ef0, C4<0000>, C4<0000>, C4<0000>;
o0x7fb09bfb2858 .functor BUFZ 4, C4<zzzz>; HiZ drive
v0x5555567d9070_0 .net "DI", 3 0, o0x7fb09bfb2858;  0 drivers
v0x5555567d9170_0 .net "DO", 3 0, L_0x5555567e7160;  1 drivers
o0x7fb09bfb28b8 .functor BUFZ 4, C4<zzzz>; HiZ drive
v0x5555567d9250_0 .net "RAD", 3 0, o0x7fb09bfb28b8;  0 drivers
o0x7fb09bfb28e8 .functor BUFZ 4, C4<zzzz>; HiZ drive
v0x5555567d9310_0 .net "WAD", 3 0, o0x7fb09bfb28e8;  0 drivers
v0x5555567d93f0_0 .net "WCK", 0 0, o0x7fb09bfb2918;  0 drivers
o0x7fb09bfb2948 .functor BUFZ 1, C4<z>; HiZ drive
v0x5555567d94b0_0 .net "WRE", 0 0, o0x7fb09bfb2948;  0 drivers
v0x5555567d9570_0 .net *"_ivl_2", 3 0, L_0x5555567e6ef0;  1 drivers
v0x5555567d9650_0 .net *"_ivl_4", 5 0, L_0x5555567e6ff0;  1 drivers
L_0x7fb09bf66060 .functor BUFT 1, C4<00>, C4<0>, C4<0>, C4<0>;
v0x5555567d9730_0 .net *"_ivl_7", 1 0, L_0x7fb09bf66060;  1 drivers
v0x5555567d98a0_0 .var/i "i", 31 0;
v0x5555567d9980 .array "mem", 0 15, 3 0;
v0x5555567d9a40_0 .net "muxwck", 0 0, L_0x5555567e6e20;  1 drivers
v0x5555567d9b00_0 .var "muxwre", 0 0;
E_0x5555566b9390 .event posedge, v0x5555567d9a40_0;
E_0x5555566eba20 .event anyedge, v0x5555567d94b0_0;
L_0x5555567e6ef0 .array/port v0x5555567d9980, L_0x5555567e6ff0;
L_0x5555567e6ff0 .concat [ 4 2 0 0], o0x7fb09bfb28b8, L_0x7fb09bf66060;
S_0x555556749560 .scope module, "TRELLIS_IO" "TRELLIS_IO" 2 393;
 .timescale 0 0;
    .port_info 0 /INOUT 1 "B";
    .port_info 1 /INPUT 1 "I";
    .port_info 2 /INPUT 1 "T";
    .port_info 3 /OUTPUT 1 "O";
P_0x5555567496f0 .param/str "DIR" 0 2 399, "INPUT";
o0x7fb09bfb2bb8 .functor BUFZ 1, C4<z>; HiZ drive
v0x5555567d9e70_0 .net "B", 0 0, o0x7fb09bfb2bb8;  0 drivers
o0x7fb09bfb2be8 .functor BUFZ 1, C4<z>; HiZ drive
v0x5555567d9f50_0 .net "I", 0 0, o0x7fb09bfb2be8;  0 drivers
v0x5555567da010_0 .net "O", 0 0, L_0x5555567e7220;  1 drivers
o0x7fb09bfb2c48 .functor BUFZ 1, C4<z>; HiZ drive
v0x5555567da0b0_0 .net "T", 0 0, o0x7fb09bfb2c48;  0 drivers
v0x5555567da170_0 .var "T_pd", 0 0;
E_0x5555567b4bb0 .event anyedge, v0x5555567da0b0_0;
S_0x5555567d9cc0 .scope generate, "genblk1" "genblk1" 2 404, 2 404 0, S_0x555556749560;
 .timescale 0 0;
L_0x5555567e7220 .functor BUFZ 1, o0x7fb09bfb2bb8, C4<0>, C4<0>, C4<0>;
S_0x555556749790 .scope module, "TRELLIS_SLICE" "TRELLIS_SLICE" 2 428;
 .timescale 0 0;
    .port_info 0 /INPUT 1 "A0";
    .port_info 1 /INPUT 1 "B0";
    .port_info 2 /INPUT 1 "C0";
    .port_info 3 /INPUT 1 "D0";
    .port_info 4 /INPUT 1 "A1";
    .port_info 5 /INPUT 1 "B1";
    .port_info 6 /INPUT 1 "C1";
    .port_info 7 /INPUT 1 "D1";
    .port_info 8 /INPUT 1 "M0";
    .port_info 9 /INPUT 1 "M1";
    .port_info 10 /INPUT 1 "FCI";
    .port_info 11 /INPUT 1 "FXA";
    .port_info 12 /INPUT 1 "FXB";
    .port_info 13 /INPUT 1 "CLK";
    .port_info 14 /INPUT 1 "LSR";
    .port_info 15 /INPUT 1 "CE";
    .port_info 16 /INPUT 1 "DI0";
    .port_info 17 /INPUT 1 "DI1";
    .port_info 18 /INPUT 1 "WD0";
    .port_info 19 /INPUT 1 "WD1";
    .port_info 20 /INPUT 1 "WAD0";
    .port_info 21 /INPUT 1 "WAD1";
    .port_info 22 /INPUT 1 "WAD2";
    .port_info 23 /INPUT 1 "WAD3";
    .port_info 24 /INPUT 1 "WRE";
    .port_info 25 /INPUT 1 "WCK";
    .port_info 26 /OUTPUT 1 "F0";
    .port_info 27 /OUTPUT 1 "Q0";
    .port_info 28 /OUTPUT 1 "F1";
    .port_info 29 /OUTPUT 1 "Q1";
    .port_info 30 /OUTPUT 1 "FCO";
    .port_info 31 /OUTPUT 1 "OFX0";
    .port_info 32 /OUTPUT 1 "OFX1";
    .port_info 33 /OUTPUT 1 "WDO0";
    .port_info 34 /OUTPUT 1 "WDO1";
    .port_info 35 /OUTPUT 1 "WDO2";
    .port_info 36 /OUTPUT 1 "WDO3";
    .port_info 37 /OUTPUT 1 "WADO0";
    .port_info 38 /OUTPUT 1 "WADO1";
    .port_info 39 /OUTPUT 1 "WADO2";
    .port_info 40 /OUTPUT 1 "WADO3";
P_0x5555567c0b00 .param/str "A0MUX" 0 2 468, "A0";
P_0x5555567c0b40 .param/str "A1MUX" 0 2 469, "A1";
P_0x5555567c0b80 .param/str "B0MUX" 0 2 470, "B0";
P_0x5555567c0bc0 .param/str "B1MUX" 0 2 471, "B1";
P_0x5555567c0c00 .param/str "C0MUX" 0 2 472, "C0";
P_0x5555567c0c40 .param/str "C1MUX" 0 2 473, "C1";
P_0x5555567c0c80 .param/str "CCU2_INJECT1_0" 0 2 463, "\000\000\000\000\000\000\000\000\000\000\000\000\000\000NO";
P_0x5555567c0cc0 .param/str "CCU2_INJECT1_1" 0 2 464, "\000\000\000\000\000\000\000\000\000\000\000\000\000\000NO";
P_0x5555567c0d00 .param/str "CEMUX" 0 2 452, "\000\000\000\000\000\000\000\000\000\000\000\000\000\000\0001";
P_0x5555567c0d40 .param/str "CLKMUX" 0 2 453, "CLK";
P_0x5555567c0d80 .param/str "D0MUX" 0 2 474, "D0";
P_0x5555567c0dc0 .param/str "D1MUX" 0 2 475, "D1";
P_0x5555567c0e00 .param/str "GSR" 0 2 450, "ENABLED";
P_0x5555567c0e40 .param/str "LSRMUX" 0 2 454, "LSR";
P_0x5555567c0e80 .param/l "LUT0_INITVAL" 0 2 455, C4<0000000000000000>;
P_0x5555567c0ec0 .param/l "LUT1_INITVAL" 0 2 456, C4<0000000000000000>;
P_0x5555567c0f00 .param/str "MODE" 0 2 449, "LOGIC";
P_0x5555567c0f40 .param/str "REG0_LSRMODE" 0 2 461, "LSR";
P_0x5555567c0f80 .param/str "REG0_REGSET" 0 2 459, "RESET";
P_0x5555567c0fc0 .param/str "REG0_SD" 0 2 457, "0";
P_0x5555567c1000 .param/str "REG1_LSRMODE" 0 2 462, "LSR";
P_0x5555567c1040 .param/str "REG1_REGSET" 0 2 460, "RESET";
P_0x5555567c1080 .param/str "REG1_SD" 0 2 458, "0";
P_0x5555567c10c0 .param/str "SRMODE" 0 2 451, "LSR_OVER_CE";
P_0x5555567c1100 .param/str "WCKMUX" 0 2 466, "WCK";
P_0x5555567c1140 .param/str "WREMUX" 0 2 465, "WRE";
o0x7fb09bfb2e28 .functor BUFZ 1, C4<z>; HiZ drive
L_0x5555567e9250 .functor BUFZ 1, o0x7fb09bfb2e28, C4<0>, C4<0>, C4<0>;
o0x7fb09bfb3098 .functor BUFZ 1, C4<z>; HiZ drive
L_0x5555567e93a0 .functor BUFZ 1, o0x7fb09bfb3098, C4<0>, C4<0>, C4<0>;
o0x7fb09bfb3d88 .functor BUFZ 1, C4<z>; HiZ drive
v0x5555567e1790_0 .net "A0", 0 0, o0x7fb09bfb3d88;  0 drivers
v0x5555567e1870_0 .net "A0m", 0 0, L_0x5555567e72c0;  1 drivers
o0x7fb09bfb3db8 .functor BUFZ 1, C4<z>; HiZ drive
v0x5555567e1960_0 .net "A1", 0 0, o0x7fb09bfb3db8;  0 drivers
v0x5555567e1a30_0 .net "A1m", 0 0, L_0x5555567e75c0;  1 drivers
o0x7fb09bfb3de8 .functor BUFZ 1, C4<z>; HiZ drive
v0x5555567e1b00_0 .net "B0", 0 0, o0x7fb09bfb3de8;  0 drivers
v0x5555567e1bf0_0 .net "B0m", 0 0, L_0x5555567e7380;  1 drivers
o0x7fb09bfb3e18 .functor BUFZ 1, C4<z>; HiZ drive
v0x5555567e1c90_0 .net "B1", 0 0, o0x7fb09bfb3e18;  0 drivers
v0x5555567e1d30_0 .net "B1m", 0 0, L_0x5555567e76a0;  1 drivers
o0x7fb09bfb3e48 .functor BUFZ 1, C4<z>; HiZ drive
v0x5555567e1e00_0 .net "C0", 0 0, o0x7fb09bfb3e48;  0 drivers
v0x5555567e1f30_0 .net "C0m", 0 0, L_0x5555567e7440;  1 drivers
o0x7fb09bfb3e78 .functor BUFZ 1, C4<z>; HiZ drive
v0x5555567e2000_0 .net "C1", 0 0, o0x7fb09bfb3e78;  0 drivers
v0x5555567e20a0_0 .net "C1m", 0 0, L_0x5555567e7780;  1 drivers
o0x7fb09bfb2d68 .functor BUFZ 1, C4<z>; HiZ drive
v0x5555567e2170_0 .net "CE", 0 0, o0x7fb09bfb2d68;  0 drivers
o0x7fb09bfb2d98 .functor BUFZ 1, C4<z>; HiZ drive
v0x5555567e2210_0 .net "CLK", 0 0, o0x7fb09bfb2d98;  0 drivers
o0x7fb09bfb3ea8 .functor BUFZ 1, C4<z>; HiZ drive
v0x5555567e2300_0 .net "D0", 0 0, o0x7fb09bfb3ea8;  0 drivers
v0x5555567e23a0_0 .net "D0m", 0 0, L_0x5555567e7500;  1 drivers
o0x7fb09bfb3ed8 .functor BUFZ 1, C4<z>; HiZ drive
v0x5555567e2440_0 .net "D1", 0 0, o0x7fb09bfb3ed8;  0 drivers
v0x5555567e24e0_0 .net "D1m", 0 0, L_0x5555567e7860;  1 drivers
o0x7fb09bfb3f08 .functor BUFZ 1, C4<z>; HiZ drive
v0x5555567e2580_0 .net "DI0", 0 0, o0x7fb09bfb3f08;  0 drivers
o0x7fb09bfb3f38 .functor BUFZ 1, C4<z>; HiZ drive
v0x5555567e2620_0 .net "DI1", 0 0, o0x7fb09bfb3f38;  0 drivers
v0x5555567e26c0_0 .net "F0", 0 0, L_0x5555567e8330;  1 drivers
v0x5555567e27b0_0 .net "F1", 0 0, L_0x5555567e8e00;  1 drivers
o0x7fb09bfb3f68 .functor BUFZ 1, C4<z>; HiZ drive
v0x5555567e28a0_0 .net "FCI", 0 0, o0x7fb09bfb3f68;  0 drivers
o0x7fb09bfb3f98 .functor BUFZ 1, C4<z>; HiZ drive
v0x5555567e2940_0 .net "FCO", 0 0, o0x7fb09bfb3f98;  0 drivers
o0x7fb09bfb3ba8 .functor BUFZ 1, C4<z>; HiZ drive
v0x5555567e2a00_0 .net "FXA", 0 0, o0x7fb09bfb3ba8;  0 drivers
o0x7fb09bfb3bd8 .functor BUFZ 1, C4<z>; HiZ drive
v0x5555567e2aa0_0 .net "FXB", 0 0, o0x7fb09bfb3bd8;  0 drivers
o0x7fb09bfb2df8 .functor BUFZ 1, C4<z>; HiZ drive
v0x5555567e2b40_0 .net "LSR", 0 0, o0x7fb09bfb2df8;  0 drivers
v0x5555567e2c30_0 .net "M0", 0 0, o0x7fb09bfb2e28;  0 drivers
v0x5555567e2d20_0 .net "M1", 0 0, o0x7fb09bfb3098;  0 drivers
v0x5555567e2e10_0 .net "OFX0", 0 0, L_0x5555567e8f50;  1 drivers
v0x5555567e2eb0_0 .net "OFX1", 0 0, L_0x5555567e9160;  1 drivers
v0x5555567e2f50_0 .net "Q0", 0 0, v0x5555567db590_0;  1 drivers
v0x5555567e2ff0_0 .net "Q1", 0 0, v0x5555567dce10_0;  1 drivers
o0x7fb09bfb3fc8 .functor BUFZ 1, C4<z>; HiZ drive
v0x5555567e30c0_0 .net "WAD0", 0 0, o0x7fb09bfb3fc8;  0 drivers
o0x7fb09bfb3ff8 .functor BUFZ 1, C4<z>; HiZ drive
v0x5555567e3160_0 .net "WAD1", 0 0, o0x7fb09bfb3ff8;  0 drivers
o0x7fb09bfb4028 .functor BUFZ 1, C4<z>; HiZ drive
v0x5555567e3200_0 .net "WAD2", 0 0, o0x7fb09bfb4028;  0 drivers
o0x7fb09bfb4058 .functor BUFZ 1, C4<z>; HiZ drive
v0x5555567e32a0_0 .net "WAD3", 0 0, o0x7fb09bfb4058;  0 drivers
o0x7fb09bfb4088 .functor BUFZ 1, C4<z>; HiZ drive
v0x5555567e3340_0 .net "WADO0", 0 0, o0x7fb09bfb4088;  0 drivers
o0x7fb09bfb40b8 .functor BUFZ 1, C4<z>; HiZ drive
v0x5555567e33e0_0 .net "WADO1", 0 0, o0x7fb09bfb40b8;  0 drivers
o0x7fb09bfb40e8 .functor BUFZ 1, C4<z>; HiZ drive
v0x5555567e3480_0 .net "WADO2", 0 0, o0x7fb09bfb40e8;  0 drivers
o0x7fb09bfb4118 .functor BUFZ 1, C4<z>; HiZ drive
v0x5555567e3540_0 .net "WADO3", 0 0, o0x7fb09bfb4118;  0 drivers
o0x7fb09bfb4148 .functor BUFZ 1, C4<z>; HiZ drive
v0x5555567e3600_0 .net "WCK", 0 0, o0x7fb09bfb4148;  0 drivers
o0x7fb09bfb4178 .functor BUFZ 1, C4<z>; HiZ drive
v0x5555567e36c0_0 .net "WD0", 0 0, o0x7fb09bfb4178;  0 drivers
o0x7fb09bfb41a8 .functor BUFZ 1, C4<z>; HiZ drive
v0x5555567e3780_0 .net "WD1", 0 0, o0x7fb09bfb41a8;  0 drivers
o0x7fb09bfb41d8 .functor BUFZ 1, C4<z>; HiZ drive
v0x5555567e3840_0 .net "WDO0", 0 0, o0x7fb09bfb41d8;  0 drivers
o0x7fb09bfb4208 .functor BUFZ 1, C4<z>; HiZ drive
v0x5555567e3900_0 .net "WDO1", 0 0, o0x7fb09bfb4208;  0 drivers
o0x7fb09bfb4238 .functor BUFZ 1, C4<z>; HiZ drive
v0x5555567e39c0_0 .net "WDO2", 0 0, o0x7fb09bfb4238;  0 drivers
o0x7fb09bfb4268 .functor BUFZ 1, C4<z>; HiZ drive
v0x5555567e3a80_0 .net "WDO3", 0 0, o0x7fb09bfb4268;  0 drivers
o0x7fb09bfb4298 .functor BUFZ 1, C4<z>; HiZ drive
v0x5555567e3b40_0 .net "WRE", 0 0, o0x7fb09bfb4298;  0 drivers
v0x5555567e3c00_0 .net "muxdi0", 0 0, L_0x5555567e9250;  1 drivers
v0x5555567e3cd0_0 .net "muxdi1", 0 0, L_0x5555567e93a0;  1 drivers
S_0x5555567da300 .scope module, "ff_0" "TRELLIS_FF" 2 581, 2 311 0, S_0x555556749790;
 .timescale 0 0;
    .port_info 0 /INPUT 1 "CLK";
    .port_info 1 /INPUT 1 "LSR";
    .port_info 2 /INPUT 1 "CE";
    .port_info 3 /INPUT 1 "DI";
    .port_info 4 /INPUT 1 "M";
    .port_info 5 /OUTPUT 1 "Q";
P_0x555556680320 .param/str "CEMUX" 0 2 313, "\000\000\000\000\000\000\000\000\000\000\000\000\000\000\0001";
P_0x555556680360 .param/str "CLKMUX" 0 2 314, "CLK";
P_0x5555566803a0 .param/str "GSR" 0 2 312, "ENABLED";
P_0x5555566803e0 .param/l "LSRMODE" 0 2 318, C4<00000000000000000000000000000000000000000000000000000000000000000000000000000000000000000000000000000000010011000101001101010010>;
P_0x555556680420 .param/str "LSRMUX" 0 2 315, "LSR";
P_0x555556680460 .param/str "REGSET" 0 2 317, "RESET";
P_0x5555566804a0 .param/str "SRMODE" 0 2 316, "LSR_OVER_CE";
L_0x5555567e94a0 .functor BUFZ 1, o0x7fb09bfb2df8, C4<0>, C4<0>, C4<0>;
L_0x5555567e9510 .functor BUFZ 1, o0x7fb09bfb2d98, C4<0>, C4<0>, C4<0>;
v0x5555567db1a0_0 .net "CE", 0 0, o0x7fb09bfb2d68;  alias, 0 drivers
v0x5555567db260_0 .net "CLK", 0 0, o0x7fb09bfb2d98;  alias, 0 drivers
v0x5555567db320_0 .net "DI", 0 0, L_0x5555567e9250;  alias, 1 drivers
v0x5555567db3c0_0 .net "LSR", 0 0, o0x7fb09bfb2df8;  alias, 0 drivers
v0x5555567db480_0 .net "M", 0 0, o0x7fb09bfb2e28;  alias, 0 drivers
v0x5555567db590_0 .var "Q", 0 0;
L_0x7fb09bf661c8 .functor BUFT 1, C4<1>, C4<0>, C4<0>, C4<0>;
v0x5555567db650_0 .net "muxce", 0 0, L_0x7fb09bf661c8;  1 drivers
v0x5555567db710_0 .net "muxclk", 0 0, L_0x5555567e9510;  1 drivers
v0x5555567db7d0_0 .net "muxlsr", 0 0, L_0x5555567e94a0;  1 drivers
L_0x7fb09bf66210 .functor BUFT 1, C4<0>, C4<0>, C4<0>, C4<0>;
v0x5555567db920_0 .net "srval", 0 0, L_0x7fb09bf66210;  1 drivers
S_0x5555567daa10 .scope generate, "genblk1" "genblk1" 2 322, 2 322 0, S_0x5555567da300;
 .timescale 0 0;
S_0x5555567dabc0 .scope generate, "genblk3" "genblk3" 2 334, 2 334 0, S_0x5555567da300;
 .timescale 0 0;
S_0x5555567dadc0 .scope generate, "genblk5" "genblk5" 2 343, 2 343 0, S_0x5555567da300;
 .timescale 0 0;
E_0x5555566f8c70 .event posedge, v0x5555567db710_0;
S_0x5555567dafc0 .scope generate, "genblk7" "genblk7" 2 360, 2 360 0, S_0x5555567da300;
 .timescale 0 0;
S_0x5555567dbaa0 .scope module, "ff_1" "TRELLIS_FF" 2 594, 2 311 0, S_0x555556749790;
 .timescale 0 0;
    .port_info 0 /INPUT 1 "CLK";
    .port_info 1 /INPUT 1 "LSR";
    .port_info 2 /INPUT 1 "CE";
    .port_info 3 /INPUT 1 "DI";
    .port_info 4 /INPUT 1 "M";
    .port_info 5 /OUTPUT 1 "Q";
P_0x5555567dbc50 .param/str "CEMUX" 0 2 313, "\000\000\000\000\000\000\000\000\000\000\000\000\000\000\0001";
P_0x5555567dbc90 .param/str "CLKMUX" 0 2 314, "CLK";
P_0x5555567dbcd0 .param/str "GSR" 0 2 312, "ENABLED";
P_0x5555567dbd10 .param/l "LSRMODE" 0 2 318, C4<00000000000000000000000000000000000000000000000000000000000000000000000000000000000000000000000000000000010011000101001101010010>;
P_0x5555567dbd50 .param/str "LSRMUX" 0 2 315, "LSR";
P_0x5555567dbd90 .param/str "REGSET" 0 2 317, "RESET";
P_0x5555567dbdd0 .param/str "SRMODE" 0 2 316, "LSR_OVER_CE";
L_0x5555567e9610 .functor BUFZ 1, o0x7fb09bfb2df8, C4<0>, C4<0>, C4<0>;
L_0x5555567e9710 .functor BUFZ 1, o0x7fb09bfb2d98, C4<0>, C4<0>, C4<0>;
v0x5555567dca70_0 .net "CE", 0 0, o0x7fb09bfb2d68;  alias, 0 drivers
v0x5555567dcb10_0 .net "CLK", 0 0, o0x7fb09bfb2d98;  alias, 0 drivers
v0x5555567dcbb0_0 .net "DI", 0 0, L_0x5555567e93a0;  alias, 1 drivers
v0x5555567dcc50_0 .net "LSR", 0 0, o0x7fb09bfb2df8;  alias, 0 drivers
v0x5555567dcd20_0 .net "M", 0 0, o0x7fb09bfb3098;  alias, 0 drivers
v0x5555567dce10_0 .var "Q", 0 0;
L_0x7fb09bf66258 .functor BUFT 1, C4<1>, C4<0>, C4<0>, C4<0>;
v0x5555567dceb0_0 .net "muxce", 0 0, L_0x7fb09bf66258;  1 drivers
v0x5555567dcf50_0 .net "muxclk", 0 0, L_0x5555567e9710;  1 drivers
v0x5555567dd010_0 .net "muxlsr", 0 0, L_0x5555567e9610;  1 drivers
L_0x7fb09bf662a0 .functor BUFT 1, C4<0>, C4<0>, C4<0>, C4<0>;
v0x5555567dd160_0 .net "srval", 0 0, L_0x7fb09bf662a0;  1 drivers
S_0x5555567dc2e0 .scope generate, "genblk1" "genblk1" 2 322, 2 322 0, S_0x5555567dbaa0;
 .timescale 0 0;
S_0x5555567dc490 .scope generate, "genblk3" "genblk3" 2 334, 2 334 0, S_0x5555567dbaa0;
 .timescale 0 0;
S_0x5555567dc690 .scope generate, "genblk5" "genblk5" 2 343, 2 343 0, S_0x5555567dbaa0;
 .timescale 0 0;
E_0x5555567a7bc0 .event posedge, v0x5555567dcf50_0;
S_0x5555567dc890 .scope generate, "genblk7" "genblk7" 2 360, 2 360 0, S_0x5555567dbaa0;
 .timescale 0 0;
S_0x5555567dd320 .scope generate, "genblk10" "genblk10" 2 485, 2 485 0, S_0x555556749790;
 .timescale 0 0;
L_0x5555567e75c0 .functor BUFZ 1, o0x7fb09bfb3db8, C4<0>, C4<0>, C4<0>;
S_0x5555567dd4b0 .scope generate, "genblk12" "genblk12" 2 486, 2 486 0, S_0x555556749790;
 .timescale 0 0;
L_0x5555567e76a0 .functor BUFZ 1, o0x7fb09bfb3e18, C4<0>, C4<0>, C4<0>;
S_0x5555567dd690 .scope generate, "genblk14" "genblk14" 2 487, 2 487 0, S_0x555556749790;
 .timescale 0 0;
L_0x5555567e7780 .functor BUFZ 1, o0x7fb09bfb3e78, C4<0>, C4<0>, C4<0>;
S_0x5555567dd8c0 .scope generate, "genblk16" "genblk16" 2 488, 2 488 0, S_0x555556749790;
 .timescale 0 0;
L_0x5555567e7860 .functor BUFZ 1, o0x7fb09bfb3ed8, C4<0>, C4<0>, C4<0>;
S_0x5555567ddaa0 .scope generate, "genblk17" "genblk17" 2 503, 2 503 0, S_0x555556749790;
 .timescale 0 0;
S_0x5555567ddc80 .scope module, "lut4_0" "LUT4" 2 507, 2 4 0, S_0x5555567ddaa0;
 .timescale 0 0;
    .port_info 0 /INPUT 1 "A";
    .port_info 1 /INPUT 1 "B";
    .port_info 2 /INPUT 1 "C";
    .port_info 3 /INPUT 1 "D";
    .port_info 4 /OUTPUT 1 "Z";
P_0x5555567dde60 .param/l "INIT" 0 2 5, C4<0000000000000000>;
v0x5555567ddf90_0 .net "A", 0 0, L_0x5555567e72c0;  alias, 1 drivers
v0x5555567de050_0 .net "B", 0 0, L_0x5555567e7380;  alias, 1 drivers
v0x5555567de110_0 .net "C", 0 0, L_0x5555567e7440;  alias, 1 drivers
v0x5555567de1e0_0 .net "D", 0 0, L_0x5555567e7500;  alias, 1 drivers
v0x5555567de2a0_0 .net "Z", 0 0, L_0x5555567e8330;  alias, 1 drivers
L_0x7fb09bf660a8 .functor BUFT 1, C4<00000000>, C4<0>, C4<0>, C4<0>;
v0x5555567de360_0 .net/2u *"_ivl_0", 7 0, L_0x7fb09bf660a8;  1 drivers
v0x5555567de440_0 .net *"_ivl_13", 1 0, L_0x5555567e7e40;  1 drivers
v0x5555567de520_0 .net *"_ivl_15", 1 0, L_0x5555567e7f30;  1 drivers
v0x5555567de600_0 .net *"_ivl_19", 0 0, L_0x5555567e8150;  1 drivers
L_0x7fb09bf660f0 .functor BUFT 1, C4<00000000>, C4<0>, C4<0>, C4<0>;
v0x5555567de770_0 .net/2u *"_ivl_2", 7 0, L_0x7fb09bf660f0;  1 drivers
v0x5555567de850_0 .net *"_ivl_21", 0 0, L_0x5555567e8290;  1 drivers
v0x5555567de930_0 .net *"_ivl_7", 3 0, L_0x5555567e7b40;  1 drivers
v0x5555567dea10_0 .net *"_ivl_9", 3 0, L_0x5555567e7c30;  1 drivers
v0x5555567deaf0_0 .net "s1", 1 0, L_0x5555567e8010;  1 drivers
v0x5555567debd0_0 .net "s2", 3 0, L_0x5555567e7cd0;  1 drivers
v0x5555567decb0_0 .net "s3", 7 0, L_0x5555567e79d0;  1 drivers
L_0x5555567e79d0 .functor MUXZ 8, L_0x7fb09bf660f0, L_0x7fb09bf660a8, L_0x5555567e7500, C4<>;
L_0x5555567e7b40 .part L_0x5555567e79d0, 4, 4;
L_0x5555567e7c30 .part L_0x5555567e79d0, 0, 4;
L_0x5555567e7cd0 .functor MUXZ 4, L_0x5555567e7c30, L_0x5555567e7b40, L_0x5555567e7440, C4<>;
L_0x5555567e7e40 .part L_0x5555567e7cd0, 2, 2;
L_0x5555567e7f30 .part L_0x5555567e7cd0, 0, 2;
L_0x5555567e8010 .functor MUXZ 2, L_0x5555567e7f30, L_0x5555567e7e40, L_0x5555567e7380, C4<>;
L_0x5555567e8150 .part L_0x5555567e8010, 1, 1;
L_0x5555567e8290 .part L_0x5555567e8010, 0, 1;
L_0x5555567e8330 .functor MUXZ 1, L_0x5555567e8290, L_0x5555567e8150, L_0x5555567e72c0, C4<>;
S_0x5555567dee30 .scope module, "lut4_1" "LUT4" 2 513, 2 4 0, S_0x5555567ddaa0;
 .timescale 0 0;
    .port_info 0 /INPUT 1 "A";
    .port_info 1 /INPUT 1 "B";
    .port_info 2 /INPUT 1 "C";
    .port_info 3 /INPUT 1 "D";
    .port_info 4 /OUTPUT 1 "Z";
P_0x5555567defe0 .param/l "INIT" 0 2 5, C4<0000000000000000>;
v0x5555567df130_0 .net "A", 0 0, L_0x5555567e75c0;  alias, 1 drivers
v0x5555567df1f0_0 .net "B", 0 0, L_0x5555567e76a0;  alias, 1 drivers
v0x5555567df2b0_0 .net "C", 0 0, L_0x5555567e7780;  alias, 1 drivers
v0x5555567df380_0 .net "D", 0 0, L_0x5555567e7860;  alias, 1 drivers
v0x5555567df440_0 .net "Z", 0 0, L_0x5555567e8e00;  alias, 1 drivers
L_0x7fb09bf66138 .functor BUFT 1, C4<00000000>, C4<0>, C4<0>, C4<0>;
v0x5555567df500_0 .net/2u *"_ivl_0", 7 0, L_0x7fb09bf66138;  1 drivers
v0x5555567df5e0_0 .net *"_ivl_13", 1 0, L_0x5555567e8910;  1 drivers
v0x5555567df6c0_0 .net *"_ivl_15", 1 0, L_0x5555567e8a00;  1 drivers
v0x5555567df7a0_0 .net *"_ivl_19", 0 0, L_0x5555567e8c20;  1 drivers
L_0x7fb09bf66180 .functor BUFT 1, C4<00000000>, C4<0>, C4<0>, C4<0>;
v0x5555567df910_0 .net/2u *"_ivl_2", 7 0, L_0x7fb09bf66180;  1 drivers
v0x5555567df9f0_0 .net *"_ivl_21", 0 0, L_0x5555567e8d60;  1 drivers
v0x5555567dfad0_0 .net *"_ivl_7", 3 0, L_0x5555567e8610;  1 drivers
v0x5555567dfbb0_0 .net *"_ivl_9", 3 0, L_0x5555567e8700;  1 drivers
v0x5555567dfc90_0 .net "s1", 1 0, L_0x5555567e8ae0;  1 drivers
v0x5555567dfd70_0 .net "s2", 3 0, L_0x5555567e87a0;  1 drivers
v0x5555567dfe50_0 .net "s3", 7 0, L_0x5555567e84d0;  1 drivers
L_0x5555567e84d0 .functor MUXZ 8, L_0x7fb09bf66180, L_0x7fb09bf66138, L_0x5555567e7860, C4<>;
L_0x5555567e8610 .part L_0x5555567e84d0, 4, 4;
L_0x5555567e8700 .part L_0x5555567e84d0, 0, 4;
L_0x5555567e87a0 .functor MUXZ 4, L_0x5555567e8700, L_0x5555567e8610, L_0x5555567e7780, C4<>;
L_0x5555567e8910 .part L_0x5555567e87a0, 2, 2;
L_0x5555567e8a00 .part L_0x5555567e87a0, 0, 2;
L_0x5555567e8ae0 .functor MUXZ 2, L_0x5555567e8a00, L_0x5555567e8910, L_0x5555567e76a0, C4<>;
L_0x5555567e8c20 .part L_0x5555567e8ae0, 1, 1;
L_0x5555567e8d60 .part L_0x5555567e8ae0, 0, 1;
L_0x5555567e8e00 .functor MUXZ 1, L_0x5555567e8d60, L_0x5555567e8c20, L_0x5555567e75c0, C4<>;
S_0x5555567dffd0 .scope module, "lut5_mux" "PFUMX" 2 518, 2 179 0, S_0x5555567ddaa0;
 .timescale 0 0;
    .port_info 0 /INPUT 1 "ALUT";
    .port_info 1 /INPUT 1 "BLUT";
    .port_info 2 /INPUT 1 "C0";
    .port_info 3 /OUTPUT 1 "Z";
v0x5555567e01d0_0 .net "ALUT", 0 0, L_0x5555567e8e00;  alias, 1 drivers
v0x5555567e02a0_0 .net "BLUT", 0 0, L_0x5555567e8330;  alias, 1 drivers
v0x5555567e0370_0 .net "C0", 0 0, o0x7fb09bfb2e28;  alias, 0 drivers
v0x5555567e0470_0 .net "Z", 0 0, L_0x5555567e8f50;  alias, 1 drivers
L_0x5555567e8f50 .functor MUXZ 1, L_0x5555567e8330, L_0x5555567e8e00, o0x7fb09bfb2e28, C4<>;
S_0x5555567e0560 .scope module, "lutx_mux" "L6MUX21" 2 519, 2 65 0, S_0x5555567ddaa0;
 .timescale 0 0;
    .port_info 0 /INPUT 1 "D0";
    .port_info 1 /INPUT 1 "D1";
    .port_info 2 /INPUT 1 "SD";
    .port_info 3 /OUTPUT 1 "Z";
v0x5555567e07a0_0 .net "D0", 0 0, o0x7fb09bfb3ba8;  alias, 0 drivers
v0x5555567e0860_0 .net "D1", 0 0, o0x7fb09bfb3bd8;  alias, 0 drivers
v0x5555567e0920_0 .net "SD", 0 0, o0x7fb09bfb3098;  alias, 0 drivers
v0x5555567e0a20_0 .net "Z", 0 0, L_0x5555567e9160;  alias, 1 drivers
L_0x5555567e9160 .functor MUXZ 1, o0x7fb09bfb3ba8, o0x7fb09bfb3bd8, o0x7fb09bfb3098, C4<>;
S_0x5555567e0b50 .scope generate, "genblk2" "genblk2" 2 481, 2 481 0, S_0x555556749790;
 .timescale 0 0;
L_0x5555567e72c0 .functor BUFZ 1, o0x7fb09bfb3d88, C4<0>, C4<0>, C4<0>;
S_0x5555567e0d30 .scope generate, "genblk4" "genblk4" 2 482, 2 482 0, S_0x555556749790;
 .timescale 0 0;
L_0x5555567e7380 .functor BUFZ 1, o0x7fb09bfb3de8, C4<0>, C4<0>, C4<0>;
S_0x5555567e0fa0 .scope generate, "genblk6" "genblk6" 2 483, 2 483 0, S_0x555556749790;
 .timescale 0 0;
L_0x5555567e7440 .functor BUFZ 1, o0x7fb09bfb3e48, C4<0>, C4<0>, C4<0>;
S_0x5555567e1130 .scope generate, "genblk8" "genblk8" 2 484, 2 484 0, S_0x555556749790;
 .timescale 0 0;
L_0x5555567e7500 .functor BUFZ 1, o0x7fb09bfb3ea8, C4<0>, C4<0>, C4<0>;
S_0x5555567e1310 .scope function.vec4.s16, "permute_initval" "permute_initval" 2 492, 2 492 0, S_0x555556749790;
 .timescale 0 0;
v0x5555567e14f0_0 .var/i "i", 31 0;
v0x5555567e15f0_0 .var "initval", 15 0;
; Variable permute_initval is vec4 return value of scope S_0x5555567e1310
TD_TRELLIS_SLICE.permute_initval ;
    %pushi/vec4 0, 0, 32;
    %store/vec4 v0x5555567e14f0_0, 0, 32;
T_1.12 ;
    %load/vec4 v0x5555567e14f0_0;
    %cmpi/s 16, 0, 32;
    %jmp/0xz T_1.13, 5;
    %load/vec4 v0x5555567e15f0_0;
    %load/vec4 v0x5555567e14f0_0;
    %part/s 1;
    %load/vec4 v0x5555567e14f0_0;
    %parti/s 1, 0, 2;
    %load/vec4 v0x5555567e14f0_0;
    %parti/s 1, 2, 3;
    %concat/vec4; draw_concat_vec4
    %load/vec4 v0x5555567e14f0_0;
    %parti/s 1, 1, 2;
    %concat/vec4; draw_concat_vec4
    %load/vec4 v0x5555567e14f0_0;
    %parti/s 1, 3, 3;
    %concat/vec4; draw_concat_vec4
    %ix/vec4 4;
    %ret/vec4 0, 4, 1; Assign to permute_initval (store_vec4_to_lval)
    %load/vec4 v0x5555567e14f0_0;
    %addi 1, 0, 32;
    %store/vec4 v0x5555567e14f0_0, 0, 32;
    %jmp T_1.12;
T_1.13 ;
    %end;
S_0x55555674b720 .scope module, "pwm" "pwm" 3 1;
 .timescale 0 0;
    .port_info 0 /INPUT 1 "clk";
    .port_info 1 /INPUT 1 "reset";
    .port_info 2 /INPUT 10 "cmp";
    .port_info 3 /OUTPUT 1 "pwm";
P_0x5555567a7ca0 .param/l "PWM_CNT" 0 3 1, +C4<00000000000000000000000000001010>;
o0x7fb09bfb4a78 .functor BUFZ 1, C4<z>; HiZ drive
v0x5555567e4450_0 .net "clk", 0 0, o0x7fb09bfb4a78;  0 drivers
o0x7fb09bfb4aa8 .functor BUFZ 10, C4<zzzzzzzzzz>; HiZ drive
v0x5555567e4530_0 .net "cmp", 9 0, o0x7fb09bfb4aa8;  0 drivers
v0x5555567e4610_0 .var "cnt_a", 9 0;
v0x5555567e4700_0 .var "cnt_b", 9 0;
v0x5555567e47e0_0 .var "pwm", 0 0;
o0x7fb09bfb4b68 .functor BUFZ 1, C4<z>; HiZ drive
v0x5555567e48f0_0 .net "reset", 0 0, o0x7fb09bfb4b68;  0 drivers
E_0x5555567e43d0 .event posedge, v0x5555567e4450_0;
S_0x5555566b8e60 .scope module, "toplevel_tb" "toplevel_tb" 4 5;
 .timescale -9 -12;
P_0x5555567bb4b0 .param/l "DURATION" 0 4 10, +C4<00000000000000011000011010100000>;
P_0x5555567bb4f0 .param/l "br_PERIOD" 0 4 9, +C4<00000000000000000000101011001000>;
P_0x5555567bb530 .param/l "clk_PERIOD" 0 4 7, +C4<00000000000000000000000000101000>;
P_0x5555567bb570 .param/l "clk_pb" 0 4 8, +C4<00000000000000000000000011011001>;
v0x5555567e65e0_0 .var "clk", 0 0;
v0x5555567e66f0_0 .var/i "i", 31 0;
v0x5555567e67d0_0 .var "rst", 0 0;
L_0x7fb09bf662e8 .functor BUFT 1, C4<10100110>, C4<0>, C4<0>, C4<0>;
v0x5555567e68c0_0 .net "serial_data", 7 0, L_0x7fb09bf662e8;  1 drivers
v0x5555567e6980_0 .var "serial_rx", 0 0;
S_0x5555567e4a30 .scope module, "UUT" "top_level" 4 17, 5 1 0, S_0x5555566b8e60;
 .timescale 0 0;
    .port_info 0 /INPUT 1 "clk";
    .port_info 1 /INPUT 1 "reset";
    .port_info 2 /INPUT 1 "s_data";
    .port_info 3 /OUTPUT 1 "done";
    .port_info 4 /OUTPUT 8 "d_out";
v0x5555567e60f0_0 .net "clk", 0 0, v0x5555567e65e0_0;  1 drivers
v0x5555567e61b0_0 .net "clk_w", 0 0, v0x5555567e51b0_0;  1 drivers
v0x5555567e6250_0 .net "d_out", 7 0, L_0x5555567e9810;  1 drivers
v0x5555567e6320_0 .net "done", 0 0, L_0x5555567e9880;  1 drivers
v0x5555567e63f0_0 .net "reset", 0 0, v0x5555567e67d0_0;  1 drivers
v0x5555567e64e0_0 .net "s_data", 0 0, v0x5555567e6980_0;  1 drivers
S_0x5555567e4c30 .scope module, "div1" "clk_div" 5 12, 6 1 0, S_0x5555567e4a30;
 .timescale 0 0;
    .port_info 0 /INPUT 1 "clk";
    .port_info 1 /INPUT 1 "rst";
    .port_info 2 /OUTPUT 1 "out";
P_0x5555567e4e30 .param/l "CNT" 0 6 2, +C4<00000000000000000000000000010000>;
v0x5555567e4ff0_0 .net "clk", 0 0, v0x5555567e65e0_0;  alias, 1 drivers
v0x5555567e50d0_0 .var "cnt", 32 0;
v0x5555567e51b0_0 .var "out", 0 0;
v0x5555567e5280_0 .net "rst", 0 0, v0x5555567e67d0_0;  alias, 1 drivers
E_0x5555567e4f70 .event posedge, v0x5555567e5280_0, v0x5555567e4ff0_0;
S_0x5555567e53c0 .scope module, "uart1" "uart_rx" 5 18, 7 1 0, S_0x5555567e4a30;
 .timescale -9 -12;
    .port_info 0 /INPUT 1 "clk_br";
    .port_info 1 /INPUT 1 "serial_data";
    .port_info 2 /OUTPUT 1 "rx_done";
    .port_info 3 /OUTPUT 8 "out";
P_0x5555567e55a0 .param/l "s_DATA" 0 7 9, C4<001>;
P_0x5555567e55e0 .param/l "s_IDLE" 0 7 8, C4<000>;
P_0x5555567e5620 .param/l "s_STOP" 0 7 10, C4<010>;
L_0x5555567e9810 .functor BUFZ 8, v0x5555567e5df0_0, C4<00000000>, C4<00000000>, C4<00000000>;
L_0x5555567e9880 .functor BUFZ 1, v0x5555567e5c20_0, C4<0>, C4<0>, C4<0>;
v0x5555567e58c0_0 .var "bit_pos", 2 0;
v0x5555567e59c0_0 .net "clk_br", 0 0, v0x5555567e51b0_0;  alias, 1 drivers
v0x5555567e5ab0_0 .net "out", 7 0, L_0x5555567e9810;  alias, 1 drivers
v0x5555567e5b80_0 .var "rx_bit", 0 0;
v0x5555567e5c20_0 .var "rx_d", 0 0;
v0x5555567e5d30_0 .net "rx_done", 0 0, L_0x5555567e9880;  alias, 1 drivers
v0x5555567e5df0_0 .var "rx_reg", 7 0;
v0x5555567e5ed0_0 .var "s_current", 2 0;
v0x5555567e5fb0_0 .net "serial_data", 0 0, v0x5555567e6980_0;  alias, 1 drivers
E_0x5555567e5860 .event posedge, v0x5555567e51b0_0;
    .scope S_0x5555567a8b70;
T_2 ;
    %pushi/vec4 0, 0, 32;
    %store/vec4 v0x5555567d8bd0_0, 0, 32;
T_2.0 ;
    %load/vec4 v0x5555567d8bd0_0;
    %cmpi/s 15, 0, 32;
    %jmp/0xz T_2.1, 5;
    %pushi/vec4 0, 0, 64;
    %load/vec4 v0x5555567d8bd0_0;
    %muli 4, 0, 32;
    %part/s 4;
    %ix/getv/s 3, v0x5555567d8bd0_0;
    %ix/load 4, 0, 0; Constant delay
    %assign/vec4/a/d v0x5555567d8cb0, 0, 4;
    %load/vec4 v0x5555567d8bd0_0;
    %addi 1, 0, 32;
    %store/vec4 v0x5555567d8bd0_0, 0, 32;
    %jmp T_2.0;
T_2.1 ;
    %end;
    .thread T_2;
    .scope S_0x5555567a8b70;
T_3 ;
    %wait E_0x5555566ba1b0;
    %load/vec4 v0x5555567d8870_0;
    %flag_set/vec4 8;
    %jmp/0xz  T_3.0, 8;
    %load/vec4 v0x5555567d83e0_0;
    %load/vec4 v0x5555567d8680_0;
    %pad/u 6;
    %ix/vec4 3;
    %ix/load 4, 0, 0; Constant delay
    %assign/vec4/a/d v0x5555567d8cb0, 0, 4;
T_3.0 ;
    %jmp T_3;
    .thread T_3;
    .scope S_0x555556745cb0;
T_4 ;
    %pushi/vec4 0, 0, 32;
    %store/vec4 v0x5555567d98a0_0, 0, 32;
T_4.0 ;
    %load/vec4 v0x5555567d98a0_0;
    %cmpi/s 16, 0, 32;
    %jmp/0xz T_4.1, 5;
    %pushi/vec4 0, 0, 64;
    %load/vec4 v0x5555567d98a0_0;
    %addi 3, 0, 32;
    %part/s 1;
    %pushi/vec4 0, 0, 64;
    %load/vec4 v0x5555567d98a0_0;
    %addi 2, 0, 32;
    %part/s 1;
    %concat/vec4; draw_concat_vec4
    %pushi/vec4 0, 0, 64;
    %load/vec4 v0x5555567d98a0_0;
    %addi 1, 0, 32;
    %part/s 1;
    %concat/vec4; draw_concat_vec4
    %pushi/vec4 0, 0, 64;
    %load/vec4 v0x5555567d98a0_0;
    %part/s 1;
    %concat/vec4; draw_concat_vec4
    %ix/getv/s 3, v0x5555567d98a0_0;
    %ix/load 4, 0, 0; Constant delay
    %assign/vec4/a/d v0x5555567d9980, 0, 4;
    %load/vec4 v0x5555567d98a0_0;
    %addi 1, 0, 32;
    %store/vec4 v0x5555567d98a0_0, 0, 32;
    %jmp T_4.0;
T_4.1 ;
    %end;
    .thread T_4;
    .scope S_0x555556745cb0;
T_5 ;
    %wait E_0x5555566eba20;
    %pushi/vec4 5722693, 0, 24; draw_string_vec4
    %dup/vec4;
    %pushi/vec4 49, 0, 24; draw_string_vec4
    %cmp/u;
    %jmp/1 T_5.0, 6;
    %dup/vec4;
    %pushi/vec4 48, 0, 24; draw_string_vec4
    %cmp/u;
    %jmp/1 T_5.1, 6;
    %dup/vec4;
    %pushi/vec4 4804182, 0, 24; draw_string_vec4
    %cmp/u;
    %jmp/1 T_5.2, 6;
    %load/vec4 v0x5555567d94b0_0;
    %store/vec4 v0x5555567d9b00_0, 0, 1;
    %jmp T_5.4;
T_5.0 ;
    %pushi/vec4 1, 0, 1;
    %store/vec4 v0x5555567d9b00_0, 0, 1;
    %jmp T_5.4;
T_5.1 ;
    %pushi/vec4 0, 0, 1;
    %store/vec4 v0x5555567d9b00_0, 0, 1;
    %jmp T_5.4;
T_5.2 ;
    %load/vec4 v0x5555567d94b0_0;
    %inv;
    %store/vec4 v0x5555567d9b00_0, 0, 1;
    %jmp T_5.4;
T_5.4 ;
    %pop/vec4 1;
    %jmp T_5;
    .thread T_5, $push;
    .scope S_0x555556745cb0;
T_6 ;
    %wait E_0x5555566b9390;
    %load/vec4 v0x5555567d9b00_0;
    %flag_set/vec4 8;
    %jmp/0xz  T_6.0, 8;
    %load/vec4 v0x5555567d9070_0;
    %load/vec4 v0x5555567d9310_0;
    %pad/u 6;
    %ix/vec4 3;
    %ix/load 4, 0, 0; Constant delay
    %assign/vec4/a/d v0x5555567d9980, 0, 4;
T_6.0 ;
    %jmp T_6;
    .thread T_6;
    .scope S_0x555556749560;
T_7 ;
    %wait E_0x5555567b4bb0;
    %load/vec4 v0x5555567da0b0_0;
    %cmpi/e 0, 1, 1;
    %jmp/0xz  T_7.0, 6;
    %pushi/vec4 0, 0, 1;
    %assign/vec4 v0x5555567da170_0, 0;
    %jmp T_7.1;
T_7.0 ;
    %load/vec4 v0x5555567da0b0_0;
    %assign/vec4 v0x5555567da170_0, 0;
T_7.1 ;
    %jmp T_7;
    .thread T_7, $push;
    .scope S_0x5555567dadc0;
T_8 ;
    %wait E_0x5555566f8c70;
    %load/vec4 v0x5555567db7d0_0;
    %flag_set/vec4 8;
    %jmp/0xz  T_8.0, 8;
    %load/vec4 v0x5555567db920_0;
    %assign/vec4 v0x5555567db590_0, 0;
    %jmp T_8.1;
T_8.0 ;
    %load/vec4 v0x5555567db650_0;
    %flag_set/vec4 8;
    %jmp/0xz  T_8.2, 8;
    %load/vec4 v0x5555567db320_0;
    %assign/vec4 v0x5555567db590_0, 0;
T_8.2 ;
T_8.1 ;
    %jmp T_8;
    .thread T_8;
    .scope S_0x5555567da300;
T_9 ;
    %load/vec4 v0x5555567db920_0;
    %store/vec4 v0x5555567db590_0, 0, 1;
    %end;
    .thread T_9;
    .scope S_0x5555567dc690;
T_10 ;
    %wait E_0x5555567a7bc0;
    %load/vec4 v0x5555567dd010_0;
    %flag_set/vec4 8;
    %jmp/0xz  T_10.0, 8;
    %load/vec4 v0x5555567dd160_0;
    %assign/vec4 v0x5555567dce10_0, 0;
    %jmp T_10.1;
T_10.0 ;
    %load/vec4 v0x5555567dceb0_0;
    %flag_set/vec4 8;
    %jmp/0xz  T_10.2, 8;
    %load/vec4 v0x5555567dcbb0_0;
    %assign/vec4 v0x5555567dce10_0, 0;
T_10.2 ;
T_10.1 ;
    %jmp T_10;
    .thread T_10;
    .scope S_0x5555567dbaa0;
T_11 ;
    %load/vec4 v0x5555567dd160_0;
    %store/vec4 v0x5555567dce10_0, 0, 1;
    %end;
    .thread T_11;
    .scope S_0x55555674b720;
T_12 ;
    %wait E_0x5555567e43d0;
    %load/vec4 v0x5555567e4700_0;
    %addi 1, 0, 10;
    %store/vec4 v0x5555567e4610_0, 0, 10;
    %load/vec4 v0x5555567e4700_0;
    %load/vec4 v0x5555567e4530_0;
    %cmp/u;
    %jmp/0xz  T_12.0, 5;
    %pushi/vec4 1, 0, 1;
    %assign/vec4 v0x5555567e47e0_0, 0;
    %jmp T_12.1;
T_12.0 ;
    %pushi/vec4 0, 0, 1;
    %assign/vec4 v0x5555567e47e0_0, 0;
T_12.1 ;
    %jmp T_12;
    .thread T_12;
    .scope S_0x55555674b720;
T_13 ;
    %wait E_0x5555567e43d0;
    %load/vec4 v0x5555567e48f0_0;
    %cmpi/e 1, 0, 1;
    %jmp/0xz  T_13.0, 4;
    %pushi/vec4 0, 0, 10;
    %assign/vec4 v0x5555567e4700_0, 0;
    %jmp T_13.1;
T_13.0 ;
    %load/vec4 v0x5555567e4610_0;
    %assign/vec4 v0x5555567e4700_0, 0;
T_13.1 ;
    %jmp T_13;
    .thread T_13;
    .scope S_0x5555567e4c30;
T_14 ;
    %wait E_0x5555567e4f70;
    %load/vec4 v0x5555567e5280_0;
    %cmpi/e 1, 0, 1;
    %jmp/0xz  T_14.0, 4;
    %pushi/vec4 0, 0, 33;
    %assign/vec4 v0x5555567e50d0_0, 0;
    %pushi/vec4 0, 0, 1;
    %assign/vec4 v0x5555567e51b0_0, 0;
    %jmp T_14.1;
T_14.0 ;
    %load/vec4 v0x5555567e50d0_0;
    %cmpi/e 16, 0, 33;
    %jmp/0xz  T_14.2, 4;
    %pushi/vec4 0, 0, 33;
    %assign/vec4 v0x5555567e50d0_0, 0;
    %load/vec4 v0x5555567e51b0_0;
    %inv;
    %assign/vec4 v0x5555567e51b0_0, 0;
    %jmp T_14.3;
T_14.2 ;
    %load/vec4 v0x5555567e50d0_0;
    %addi 1, 0, 33;
    %assign/vec4 v0x5555567e50d0_0, 0;
T_14.3 ;
T_14.1 ;
    %jmp T_14;
    .thread T_14;
    .scope S_0x5555567e53c0;
T_15 ;
    %pushi/vec4 0, 0, 3;
    %store/vec4 v0x5555567e58c0_0, 0, 3;
    %pushi/vec4 0, 0, 8;
    %store/vec4 v0x5555567e5df0_0, 0, 8;
    %pushi/vec4 0, 0, 3;
    %store/vec4 v0x5555567e5ed0_0, 0, 3;
    %pushi/vec4 0, 0, 1;
    %store/vec4 v0x5555567e5c20_0, 0, 1;
    %end;
    .thread T_15;
    .scope S_0x5555567e53c0;
T_16 ;
    %wait E_0x5555567e5860;
    %load/vec4 v0x5555567e5fb0_0;
    %assign/vec4 v0x5555567e5b80_0, 0;
    %jmp T_16;
    .thread T_16;
    .scope S_0x5555567e53c0;
T_17 ;
    %wait E_0x5555567e5860;
    %load/vec4 v0x5555567e5ed0_0;
    %dup/vec4;
    %pushi/vec4 0, 0, 3;
    %cmp/u;
    %jmp/1 T_17.0, 6;
    %dup/vec4;
    %pushi/vec4 1, 0, 3;
    %cmp/u;
    %jmp/1 T_17.1, 6;
    %dup/vec4;
    %pushi/vec4 2, 0, 3;
    %cmp/u;
    %jmp/1 T_17.2, 6;
    %pushi/vec4 0, 0, 3;
    %assign/vec4 v0x5555567e5ed0_0, 0;
    %jmp T_17.4;
T_17.0 ;
    %pushi/vec4 0, 0, 3;
    %assign/vec4 v0x5555567e58c0_0, 0;
    %load/vec4 v0x5555567e5b80_0;
    %cmpi/e 0, 0, 1;
    %jmp/0xz  T_17.5, 4;
    %pushi/vec4 1, 0, 3;
    %assign/vec4 v0x5555567e5ed0_0, 0;
    %jmp T_17.6;
T_17.5 ;
    %pushi/vec4 0, 0, 3;
    %assign/vec4 v0x5555567e5ed0_0, 0;
T_17.6 ;
    %jmp T_17.4;
T_17.1 ;
    %pushi/vec4 1, 0, 3;
    %assign/vec4 v0x5555567e58c0_0, 0;
    %load/vec4 v0x5555567e5b80_0;
    %ix/load 5, 0, 0;
    %ix/getv 4, v0x5555567e58c0_0;
    %assign/vec4/off/d v0x5555567e5df0_0, 4, 5;
    %load/vec4 v0x5555567e58c0_0;
    %pad/u 32;
    %cmpi/u 7, 0, 32;
    %jmp/0xz  T_17.7, 5;
    %load/vec4 v0x5555567e58c0_0;
    %addi 1, 0, 3;
    %assign/vec4 v0x5555567e58c0_0, 0;
    %pushi/vec4 1, 0, 3;
    %assign/vec4 v0x5555567e5ed0_0, 0;
    %jmp T_17.8;
T_17.7 ;
    %pushi/vec4 0, 0, 3;
    %assign/vec4 v0x5555567e58c0_0, 0;
    %pushi/vec4 2, 0, 3;
    %assign/vec4 v0x5555567e5ed0_0, 0;
T_17.8 ;
    %jmp T_17.4;
T_17.2 ;
    %pushi/vec4 1, 0, 1;
    %assign/vec4 v0x5555567e5c20_0, 0;
    %pushi/vec4 0, 0, 3;
    %assign/vec4 v0x5555567e5ed0_0, 0;
    %jmp T_17.4;
T_17.4 ;
    %pop/vec4 1;
    %jmp T_17;
    .thread T_17;
    .scope S_0x5555566b8e60;
T_18 ;
    %pushi/vec4 0, 0, 1;
    %store/vec4 v0x5555567e65e0_0, 0, 1;
    %pushi/vec4 0, 0, 1;
    %store/vec4 v0x5555567e67d0_0, 0, 1;
    %pushi/vec4 0, 0, 32;
    %store/vec4 v0x5555567e66f0_0, 0, 32;
    %end;
    .thread T_18;
    .scope S_0x5555566b8e60;
T_19 ;
    %vpi_call 4 27 "$dumpfile", "toplevel_tb.vcd" {0 0 0};
    %vpi_call 4 28 "$dumpvars", 32'sb00000000000000000000000000000000, S_0x5555566b8e60 {0 0 0};
    %delay 100000000, 0;
    %vpi_call 4 29 "$display", "End of simulation" {0 0 0};
    %vpi_call 4 30 "$finish" {0 0 0};
    %end;
    .thread T_19;
    .scope S_0x5555566b8e60;
T_20 ;
    %pushi/vec4 1, 0, 1;
    %store/vec4 v0x5555567e67d0_0, 0, 1;
    %pushi/vec4 1, 0, 1;
    %store/vec4 v0x5555567e6980_0, 0, 1;
    %delay 100000, 0;
    %pushi/vec4 0, 0, 1;
    %store/vec4 v0x5555567e67d0_0, 0, 1;
    %delay 10000000, 0;
    %pushi/vec4 0, 0, 1;
    %assign/vec4 v0x5555567e6980_0, 0;
    %delay 2760000, 0;
    %pushi/vec4 0, 0, 32;
    %store/vec4 v0x5555567e66f0_0, 0, 32;
T_20.0 ;
    %load/vec4 v0x5555567e66f0_0;
    %cmpi/s 7, 0, 32;
    %jmp/0xz T_20.1, 5;
    %load/vec4 v0x5555567e68c0_0;
    %load/vec4 v0x5555567e66f0_0;
    %part/s 1;
    %assign/vec4 v0x5555567e6980_0, 0;
    %delay 2760000, 0;
    %load/vec4 v0x5555567e66f0_0;
    %addi 1, 0, 32;
    %store/vec4 v0x5555567e66f0_0, 0, 32;
    %jmp T_20.0;
T_20.1 ;
    %pushi/vec4 1, 0, 1;
    %assign/vec4 v0x5555567e6980_0, 0;
    %end;
    .thread T_20;
    .scope S_0x5555566b8e60;
T_21 ;
    %delay 40000, 0;
    %load/vec4 v0x5555567e65e0_0;
    %inv;
    %store/vec4 v0x5555567e65e0_0, 0, 1;
    %jmp T_21;
    .thread T_21;
# The file index is used to find the file name in the following table.
:file_names 8;
    "N/A";
    "<interactive>";
    "/home/tin/.apio/packages/tools-oss-cad-suite/share/yosys/ecp5/cells_sim.v";
    "pwm.v";
    "toplevel_tb.v";
    "top_level.v";
    "clk_div.v";
    "uart_rx.v";
